#
# There is insufficient memory for the Java Runtime Environment to continue.
# Native memory allocation (malloc) failed to allocate 2043200 bytes for Chunk::new
# Possible reasons:
#   The system is out of physical RAM or swap space
#   The process is running with CompressedOops enabled, and the Java Heap may be blocking the growth of the native heap
# Possible solutions:
#   Reduce memory load on the system
#   Increase physical memory or swap space
#   Check if swap backing store is full
#   Decrease Java heap size (-Xmx/-Xms)
#   Decrease number of Java threads
#   Decrease Java thread stack sizes (-Xss)
#   Set larger code cache with -XX:ReservedCodeCacheSize=
#   JVM is running with Unscaled Compressed Oops mode in which the Java heap is
#     placed in the first 4GB address space. The Java Heap base address is the
#     maximum limit for the native heap growth. Please use -XX:HeapBaseMinAddress
#     to set the Java Heap base and to place the Java Heap above 4GB virtual address.
# This output file may be truncated or incomplete.
#
#  Out of Memory Error (arena.cpp:184), pid=3252, tid=22220
#
# JRE version: OpenJDK Runtime Environment (20.0.1+9) (build 20.0.1+9-29)
# Java VM: OpenJDK 64-Bit Server VM (20.0.1+9-29, mixed mode, sharing, tiered, compressed oops, compressed class ptrs, g1 gc, windows-amd64)
# No core dump will be written. Minidumps are not enabled by default on client versions of Windows
#

---------------  S U M M A R Y ------------

Command Line: --add-opens=java.base/java.util=ALL-UNNAMED --add-opens=java.base/java.lang=ALL-UNNAMED --add-opens=java.base/java.lang.invoke=ALL-UNNAMED --add-opens=java.prefs/java.util.prefs=ALL-UNNAMED --add-opens=java.base/java.nio.charset=ALL-UNNAMED --add-opens=java.base/java.net=ALL-UNNAMED --add-opens=java.base/java.util.concurrent.atomic=ALL-UNNAMED -XX:MaxMetaspaceSize=384m -XX:+HeapDumpOnOutOfMemoryError -Xms256m -Xmx512m -Dfile.encoding=windows-1251 -Duser.country=US -Duser.language=en -Duser.variant -javaagent:C:\Users\Dima\.gradle\wrapper\dists\gradle-8.4-bin\1w5dpkrfk8irigvoxmyhowfim\gradle-8.4\lib\agents\gradle-instrumentation-agent-8.4.jar org.gradle.launcher.daemon.bootstrap.GradleDaemon 8.4

Host: Intel(R) Core(TM) i5-8250U CPU @ 1.60GHz, 8 cores, 15G,  Windows 10 , 64 bit Build 19041 (10.0.19041.3636)
Time: Mon Jun 10 07:14:48 2024 E. Europe Daylight Time elapsed time: 8.434817 seconds (0d 0h 0m 8s)

---------------  T H R E A D  ---------------

Current thread (0x0000013ce3041f30):  JavaThread "C2 CompilerThread2" daemon [_thread_in_native, id=22220, stack(0x00000005fb600000,0x00000005fb700000)]


Current CompileTask:
C2:   8434 7889       4       sun.reflect.generics.parser.SignatureParser::parsePackageNameAndSimpleClassTypeSignature (119 bytes)

Stack: [0x00000005fb600000,0x00000005fb700000]
Native frames: (J=compiled Java code, j=interpreted, Vv=VM code, C=native code)
V  [jvm.dll+0x6bb95a]
V  [jvm.dll+0x8485fa]
V  [jvm.dll+0x84a1f5]
V  [jvm.dll+0x84a8f3]
V  [jvm.dll+0x280b0f]
V  [jvm.dll+0xc2b11]
V  [jvm.dll+0xc2e35]
V  [jvm.dll+0x3bb17c]
V  [jvm.dll+0x3857f5]
V  [jvm.dll+0x384c6a]
V  [jvm.dll+0x24b259]
V  [jvm.dll+0x24a651]
V  [jvm.dll+0x1ce491]
V  [jvm.dll+0x259e1b]
V  [jvm.dll+0x2584f0]
V  [jvm.dll+0x3f2895]
V  [jvm.dll+0x7f4b56]
V  [jvm.dll+0x6ba5cb]
C  [ucrtbase.dll+0x21bb2]
C  [KERNEL32.DLL+0x17344]
C  [ntdll.dll+0x526b1]


---------------  P R O C E S S  ---------------

Threads class SMR info:
_java_thread_list=0x0000013ce8b98920, length=70, elements={
0x0000013cc4204c60, 0x0000013cdeb519e0, 0x0000013cdeb52520, 0x0000013cdeb54070,
0x0000013cdeb54ab0, 0x0000013cdeb598e0, 0x0000013cdeb5a830, 0x0000013cdeb658d0,
0x0000013ce2d08090, 0x0000013ce2e1fba0, 0x0000013ce2f486a0, 0x0000013ce303f5b0,
0x0000013ce3041f30, 0x0000013ce442be60, 0x0000013ce5060820, 0x0000013ce4a81fe0,
0x0000013ce473cea0, 0x0000013ce473c950, 0x0000013ce473de90, 0x0000013ce473d3f0,
0x0000013ce473e930, 0x0000013ce473d940, 0x0000013ce473e3e0, 0x0000013ce473b960,
0x0000013ce473b410, 0x0000013ce473beb0, 0x0000013ce473c400, 0x0000013ce8121eb0,
0x0000013ce8121410, 0x0000013ce811af20, 0x0000013ce811f430, 0x0000013ce811e990,
0x0000013ce811bf10, 0x0000013ce811a9d0, 0x0000013ce811eee0, 0x0000013ce811b470,
0x0000013ce811d450, 0x0000013ce811b9c0, 0x0000013ce8120420, 0x0000013ce811d9a0,
0x0000013ce8120970, 0x0000013ce8120ec0, 0x0000013ce8121960, 0x0000013ce811def0,
0x0000013ce811e440, 0x0000013ce767f030, 0x0000013ce767e040, 0x0000013ce767c5b0,
0x0000013ce767e590, 0x0000013ce767eae0, 0x0000013ce767f580, 0x0000013ce767d050,
0x0000013ce767c060, 0x0000013ce767cb00, 0x0000013ce7e790d0, 0x0000013ce7e73bd0,
0x0000013ce7e780e0, 0x0000013ce7e72690, 0x0000013ce7e76650, 0x0000013ce7e72be0,
0x0000013ce7e76100, 0x0000013ce7e73130, 0x0000013ce7e78630, 0x0000013ce7e74670,
0x0000013ce7e75110, 0x0000013ce7e79620, 0x0000013ce7e77640, 0x0000013ce7e77b90,
0x0000013ce7e79b70, 0x0000013ce7e7a0c0
}

Java Threads: ( => current thread )
  0x0000013cc4204c60 JavaThread "main" [_thread_blocked, id=11860, stack(0x00000005fa300000,0x00000005fa400000)]
  0x0000013cdeb519e0 JavaThread "Reference Handler" daemon [_thread_blocked, id=26068, stack(0x00000005faa00000,0x00000005fab00000)]
  0x0000013cdeb52520 JavaThread "Finalizer" daemon [_thread_blocked, id=22584, stack(0x00000005fab00000,0x00000005fac00000)]
  0x0000013cdeb54070 JavaThread "Signal Dispatcher" daemon [_thread_blocked, id=8412, stack(0x00000005fac00000,0x00000005fad00000)]
  0x0000013cdeb54ab0 JavaThread "Attach Listener" daemon [_thread_blocked, id=21044, stack(0x00000005fad00000,0x00000005fae00000)]
  0x0000013cdeb598e0 JavaThread "Service Thread" daemon [_thread_blocked, id=9268, stack(0x00000005fae00000,0x00000005faf00000)]
  0x0000013cdeb5a830 JavaThread "Monitor Deflation Thread" daemon [_thread_blocked, id=24688, stack(0x00000005faf00000,0x00000005fb000000)]
  0x0000013cdeb658d0 JavaThread "C2 CompilerThread0" daemon [_thread_blocked, id=19288, stack(0x00000005fb000000,0x00000005fb100000)]
  0x0000013ce2d08090 JavaThread "C1 CompilerThread0" daemon [_thread_blocked, id=14300, stack(0x00000005fb100000,0x00000005fb200000)]
  0x0000013ce2e1fba0 JavaThread "Common-Cleaner" daemon [_thread_blocked, id=23104, stack(0x00000005fb200000,0x00000005fb300000)]
  0x0000013ce2f486a0 JavaThread "Notification Thread" daemon [_thread_blocked, id=17116, stack(0x00000005fb300000,0x00000005fb400000)]
  0x0000013ce303f5b0 JavaThread "C2 CompilerThread1" daemon [_thread_blocked, id=20276, stack(0x00000005fb500000,0x00000005fb600000)]
=>0x0000013ce3041f30 JavaThread "C2 CompilerThread2" daemon [_thread_in_native, id=22220, stack(0x00000005fb600000,0x00000005fb700000)]
  0x0000013ce442be60 JavaThread "Daemon health stats" [_thread_blocked, id=2472, stack(0x00000005fbc00000,0x00000005fbd00000)]
  0x0000013ce5060820 JavaThread "Incoming local TCP Connector on port 53903" [_thread_in_native, id=26156, stack(0x00000005fbd00000,0x00000005fbe00000)]
  0x0000013ce4a81fe0 JavaThread "Daemon periodic checks" [_thread_blocked, id=12864, stack(0x00000005fbe00000,0x00000005fbf00000)]
  0x0000013ce473cea0 JavaThread "Daemon" [_thread_blocked, id=16516, stack(0x00000005fbf00000,0x00000005fc000000)]
  0x0000013ce473c950 JavaThread "Handler for socket connection from /127.0.0.1:53903 to /127.0.0.1:53904" [_thread_in_native, id=11452, stack(0x00000005fc000000,0x00000005fc100000)]
  0x0000013ce473de90 JavaThread "Cancel handler" [_thread_blocked, id=11788, stack(0x00000005fc100000,0x00000005fc200000)]
  0x0000013ce473d3f0 JavaThread "Daemon worker" [_thread_blocked, id=24384, stack(0x00000005fc200000,0x00000005fc300000)]
  0x0000013ce473e930 JavaThread "Asynchronous log dispatcher for DefaultDaemonConnection: socket connection from /127.0.0.1:53903 to /127.0.0.1:53904" [_thread_blocked, id=18092, stack(0x00000005fc300000,0x00000005fc400000)]
  0x0000013ce473d940 JavaThread "Stdin handler" [_thread_blocked, id=7636, stack(0x00000005fc400000,0x00000005fc500000)]
  0x0000013ce473e3e0 JavaThread "Daemon client event forwarder" [_thread_blocked, id=25936, stack(0x00000005fc500000,0x00000005fc600000)]
  0x0000013ce473b960 JavaThread "Cache worker for journal cache (C:\Users\Dima\.gradle\caches\journal-1)" [_thread_blocked, id=20676, stack(0x00000005fc600000,0x00000005fc700000)]
  0x0000013ce473b410 JavaThread "File lock request listener" [_thread_in_native, id=18404, stack(0x00000005fc700000,0x00000005fc800000)]
  0x0000013ce473beb0 JavaThread "Cache worker for file hash cache (C:\Users\Dima\.gradle\caches\8.4\fileHashes)" [_thread_blocked, id=6388, stack(0x00000005fc800000,0x00000005fc900000)]
  0x0000013ce473c400 JavaThread "File watcher server" daemon [_thread_in_native, id=17600, stack(0x00000005fcc00000,0x00000005fcd00000)]
  0x0000013ce8121eb0 JavaThread "File watcher consumer" daemon [_thread_blocked, id=15188, stack(0x00000005fcd00000,0x00000005fce00000)]
  0x0000013ce8121410 JavaThread "Cache worker for checksums cache (D:\Java\work space\KmadGame\.gradle\8.4\checksums)" [_thread_blocked, id=17692, stack(0x00000005fce00000,0x00000005fcf00000)]
  0x0000013ce811af20 JavaThread "Cache worker for file hash cache (D:\Java\work space\KmadGame\.gradle\8.4\fileHashes)" [_thread_blocked, id=22556, stack(0x00000005fcf00000,0x00000005fd000000)]
  0x0000013ce811f430 JavaThread "Cache worker for cache directory md-supplier (C:\Users\Dima\.gradle\caches\8.4\md-supplier)" [_thread_blocked, id=12444, stack(0x00000005fd000000,0x00000005fd100000)]
  0x0000013ce811e990 JavaThread "Cache worker for file content cache (C:\Users\Dima\.gradle\caches\8.4\fileContent)" [_thread_blocked, id=26652, stack(0x00000005fd100000,0x00000005fd200000)]
  0x0000013ce811bf10 JavaThread "Cache worker for cache directory md-rule (C:\Users\Dima\.gradle\caches\8.4\md-rule)" [_thread_blocked, id=20804, stack(0x00000005fd200000,0x00000005fd300000)]
  0x0000013ce811a9d0 JavaThread "Cache worker for execution history cache (C:\Users\Dima\.gradle\caches\8.4\executionHistory)" [_thread_blocked, id=19116, stack(0x00000005fd300000,0x00000005fd400000)]
  0x0000013ce811eee0 JavaThread "jar transforms" [_thread_blocked, id=284, stack(0x00000005fd400000,0x00000005fd500000)]
  0x0000013ce811b470 JavaThread "jar transforms Thread 2" [_thread_blocked, id=18660, stack(0x00000005fd500000,0x00000005fd600000)]
  0x0000013ce811d450 JavaThread "jar transforms Thread 3" [_thread_blocked, id=22464, stack(0x00000005fd600000,0x00000005fd700000)]
  0x0000013ce811b9c0 JavaThread "jar transforms Thread 4" [_thread_blocked, id=14432, stack(0x00000005fd700000,0x00000005fd800000)]
  0x0000013ce8120420 JavaThread "jar transforms Thread 5" [_thread_blocked, id=10800, stack(0x00000005fd800000,0x00000005fd900000)]
  0x0000013ce811d9a0 JavaThread "jar transforms Thread 6" [_thread_blocked, id=14580, stack(0x00000005fd900000,0x00000005fda00000)]
  0x0000013ce8120970 JavaThread "jar transforms Thread 7" [_thread_blocked, id=17948, stack(0x00000005fda00000,0x00000005fdb00000)]
  0x0000013ce8120ec0 JavaThread "jar transforms Thread 8" [_thread_blocked, id=14812, stack(0x00000005fdb00000,0x00000005fdc00000)]
  0x0000013ce8121960 JavaThread "Cache worker for dependencies-accessors (D:\Java\work space\KmadGame\.gradle\8.4\dependencies-accessors)" [_thread_blocked, id=25036, stack(0x00000005fdc00000,0x00000005fdd00000)]
  0x0000013ce811def0 JavaThread "Cache worker for Build Output Cleanup Cache (D:\Java\work space\KmadGame\.gradle\buildOutputCleanup)" [_thread_blocked, id=12020, stack(0x00000005fdd00000,0x00000005fde00000)]
  0x0000013ce811e440 JavaThread "Memory manager" [_thread_blocked, id=3012, stack(0x00000005fde00000,0x00000005fdf00000)]
  0x0000013ce767f030 JavaThread "included builds" [_thread_blocked, id=21612, stack(0x00000005fdf00000,0x00000005fe000000)]
  0x0000013ce767e040 JavaThread "Execution worker" [_thread_blocked, id=26800, stack(0x00000005fe000000,0x00000005fe100000)]
  0x0000013ce767c5b0 JavaThread "Execution worker Thread 2" [_thread_blocked, id=8316, stack(0x00000005fe100000,0x00000005fe200000)]
  0x0000013ce767e590 JavaThread "Execution worker Thread 3" [_thread_blocked, id=10236, stack(0x00000005fe200000,0x00000005fe300000)]
  0x0000013ce767eae0 JavaThread "Execution worker Thread 4" [_thread_blocked, id=9300, stack(0x00000005fe300000,0x00000005fe400000)]
  0x0000013ce767f580 JavaThread "Execution worker Thread 5" [_thread_blocked, id=22500, stack(0x00000005fe400000,0x00000005fe500000)]
  0x0000013ce767d050 JavaThread "Execution worker Thread 6" [_thread_blocked, id=10052, stack(0x00000005fe500000,0x00000005fe600000)]
  0x0000013ce767c060 JavaThread "Execution worker Thread 7" [_thread_blocked, id=22592, stack(0x00000005fe600000,0x00000005fe700000)]
  0x0000013ce767cb00 JavaThread "Cache worker for execution history cache (D:\Java\work space\KmadGame\.gradle\8.4\executionHistory)" [_thread_blocked, id=27620, stack(0x00000005fe700000,0x00000005fe800000)]
  0x0000013ce7e790d0 JavaThread "Unconstrained build operations" [_thread_blocked, id=22388, stack(0x00000005fe800000,0x00000005fe900000)]
  0x0000013ce7e73bd0 JavaThread "Unconstrained build operations Thread 2" [_thread_blocked, id=10880, stack(0x00000005fe900000,0x00000005fea00000)]
  0x0000013ce7e780e0 JavaThread "Unconstrained build operations Thread 3" [_thread_blocked, id=16544, stack(0x00000005fea00000,0x00000005feb00000)]
  0x0000013ce7e72690 JavaThread "Unconstrained build operations Thread 4" [_thread_blocked, id=7788, stack(0x00000005feb00000,0x00000005fec00000)]
  0x0000013ce7e76650 JavaThread "Unconstrained build operations Thread 5" [_thread_blocked, id=26100, stack(0x00000005fec00000,0x00000005fed00000)]
  0x0000013ce7e72be0 JavaThread "Cache worker for Java compile cache (C:\Users\Dima\.gradle\caches\8.4\javaCompile)" [_thread_blocked, id=2564, stack(0x00000005fed00000,0x00000005fee00000)]
  0x0000013ce7e76100 JavaThread "Build operations" [_thread_blocked, id=26596, stack(0x00000005fee00000,0x00000005fef00000)]
  0x0000013ce7e73130 JavaThread "Build operations Thread 2" [_thread_blocked, id=23560, stack(0x00000005fef00000,0x00000005ff000000)]
  0x0000013ce7e78630 JavaThread "Build operations Thread 3" [_thread_blocked, id=25072, stack(0x00000005ff000000,0x00000005ff100000)]
  0x0000013ce7e74670 JavaThread "Build operations Thread 4" [_thread_blocked, id=24976, stack(0x00000005ff100000,0x00000005ff200000)]
  0x0000013ce7e75110 JavaThread "Build operations Thread 5" [_thread_blocked, id=7292, stack(0x00000005ff200000,0x00000005ff300000)]
  0x0000013ce7e79620 JavaThread "Exec process" [_thread_in_native, id=10832, stack(0x00000005ff300000,0x00000005ff400000)]
  0x0000013ce7e77640 JavaThread "DisconnectableInputStream source reader" daemon [_thread_blocked, id=22100, stack(0x00000005ff400000,0x00000005ff500000)]
  0x0000013ce7e77b90 JavaThread "Exec process Thread 2" [_thread_blocked, id=10796, stack(0x00000005ff500000,0x00000005ff600000)]
  0x0000013ce7e79b70 JavaThread "Exec process Thread 3" [_thread_in_native, id=24564, stack(0x00000005ff600000,0x00000005ff700000)]
  0x0000013ce7e7a0c0 JavaThread "Exec process Thread 4" [_thread_in_native, id=12044, stack(0x00000005ff700000,0x00000005ff800000)]

Other Threads:
  0x0000013cdeb28210 VMThread "VM Thread" [stack: 0x00000005fa900000,0x00000005faa00000] [id=13820]
  0x0000013ce2ee1e70 WatcherThread "VM Periodic Task Thread" [stack: 0x00000005fb400000,0x00000005fb500000] [id=11300]
  0x0000013cc42364f0 WorkerThread "GC Thread#0" [stack: 0x00000005fa400000,0x00000005fa500000] [id=8544]
  0x0000013ce315cc00 WorkerThread "GC Thread#1" [stack: 0x00000005fb700000,0x00000005fb800000] [id=11236]
  0x0000013ce315dce0 WorkerThread "GC Thread#2" [stack: 0x00000005fb800000,0x00000005fb900000] [id=24632]
  0x0000013ce315c930 WorkerThread "GC Thread#3" [stack: 0x00000005fb900000,0x00000005fba00000] [id=7804]
  0x0000013ce315d740 WorkerThread "GC Thread#4" [stack: 0x00000005fba00000,0x00000005fbb00000] [id=22928]
  0x0000013ce315dfb0 WorkerThread "GC Thread#5" [stack: 0x00000005fbb00000,0x00000005fbc00000] [id=21080]
  0x0000013ce5f8a690 WorkerThread "GC Thread#6" [stack: 0x00000005fc900000,0x00000005fca00000] [id=3876]
  0x0000013ce5f89e20 WorkerThread "GC Thread#7" [stack: 0x00000005fca00000,0x00000005fcb00000] [id=7276]
  0x0000013cc423b310 ConcurrentGCThread "G1 Main Marker" [stack: 0x00000005fa500000,0x00000005fa600000] [id=25916]
  0x0000013cc423bc50 WorkerThread "G1 Conc#0" [stack: 0x00000005fa600000,0x00000005fa700000] [id=27108]
  0x0000013ce5f88d40 WorkerThread "G1 Conc#1" [stack: 0x00000005fcb00000,0x00000005fcc00000] [id=24796]
  0x0000013cc42ce8b0 ConcurrentGCThread "G1 Refine#0" [stack: 0x00000005fa700000,0x00000005fa800000] [id=6460]
  0x0000013cde9ec560 ConcurrentGCThread "G1 Service" [stack: 0x00000005fa800000,0x00000005fa900000] [id=24256]

Threads with active compile tasks:
C2 CompilerThread2     8455 7889       4       sun.reflect.generics.parser.SignatureParser::parsePackageNameAndSimpleClassTypeSignature (119 bytes)

VM state: not at safepoint (normal execution)

VM Mutex/Monitor currently owned by a thread: None

Heap address: 0x00000000e0000000, size: 512 MB, Compressed Oops mode: 32-bit

CDS archive(s) mapped at: [0x0000000800000000-0x0000000800c60000-0x0000000800c60000), size 12976128, SharedBaseAddress: 0x0000000800000000, ArchiveRelocationMode: 0.
Compressed class space mapped at: 0x0000000801000000-0x0000000814400000, reserved size: 322961408
Narrow klass base: 0x0000000800000000, Narrow klass shift: 0, Narrow klass range: 0x100000000

GC Precious Log:
 CardTable entry size: 512
 Card Set container configuration: InlinePtr #cards 5 size 8 Array Of Cards #cards 12 size 40 Howl #buckets 4 coarsen threshold 1843 Howl Bitmap #cards 512 size 80 coarsen threshold 460 Card regions per heap region 1 cards per card region 2048
 CPUs: 8 total, 8 available
 Memory: 16258M
 Large Page Support: Disabled
 NUMA Support: Disabled
 Compressed Oops: Enabled (32-bit)
 Heap Region Size: 1M
 Heap Min Capacity: 256M
 Heap Initial Capacity: 256M
 Heap Max Capacity: 512M
 Pre-touch: Disabled
 Parallel Workers: 8
 Concurrent Workers: 2
 Concurrent Refinement Workers: 8
 Periodic GC: Disabled

Heap:
 garbage-first heap   total 262144K, used 108277K [0x00000000e0000000, 0x0000000100000000)
  region size 1024K, 66 young (67584K), 5 survivors (5120K)
 Metaspace       used 63462K, committed 65536K, reserved 380928K
  class space    used 9041K, committed 10048K, reserved 315392K

Heap Regions: E=young(eden), S=young(survivor), O=old, HS=humongous(starts), HC=humongous(continues), CS=collection set, F=free, OA=open archive, CA=closed archive, TAMS=top-at-mark-start, PB=parsable bottom
|   0|0x00000000e0000000, 0x00000000e0100000, 0x00000000e0100000|100%|HS|  |TAMS 0x00000000e0000000| PB 0x00000000e0000000| Complete 
|   1|0x00000000e0100000, 0x00000000e0200000, 0x00000000e0200000|100%|HC|  |TAMS 0x00000000e0100000| PB 0x00000000e0100000| Complete 
|   2|0x00000000e0200000, 0x00000000e0300000, 0x00000000e0300000|100%|HC|  |TAMS 0x00000000e0200000| PB 0x00000000e0200000| Complete 
|   3|0x00000000e0300000, 0x00000000e0400000, 0x00000000e0400000|100%|HC|  |TAMS 0x00000000e0300000| PB 0x00000000e0300000| Complete 
|   4|0x00000000e0400000, 0x00000000e0500000, 0x00000000e0500000|100%| O|  |TAMS 0x00000000e0400000| PB 0x00000000e0400000| Untracked 
|   5|0x00000000e0500000, 0x00000000e0600000, 0x00000000e0600000|100%| O|  |TAMS 0x00000000e0500000| PB 0x00000000e0500000| Untracked 
|   6|0x00000000e0600000, 0x00000000e0700000, 0x00000000e0700000|100%| O|  |TAMS 0x00000000e0600000| PB 0x00000000e0600000| Untracked 
|   7|0x00000000e0700000, 0x00000000e0800000, 0x00000000e0800000|100%| O|  |TAMS 0x00000000e0700000| PB 0x00000000e0700000| Complete 
|   8|0x00000000e0800000, 0x00000000e0900000, 0x00000000e0900000|100%| O|  |TAMS 0x00000000e0800000| PB 0x00000000e0800000| Untracked 
|   9|0x00000000e0900000, 0x00000000e0a00000, 0x00000000e0a00000|100%| O|  |TAMS 0x00000000e0900000| PB 0x00000000e0900000| Untracked 
|  10|0x00000000e0a00000, 0x00000000e0b00000, 0x00000000e0b00000|100%| O|  |TAMS 0x00000000e0a00000| PB 0x00000000e0a00000| Untracked 
|  11|0x00000000e0b00000, 0x00000000e0c00000, 0x00000000e0c00000|100%| O|  |TAMS 0x00000000e0b00000| PB 0x00000000e0b00000| Untracked 
|  12|0x00000000e0c00000, 0x00000000e0d00000, 0x00000000e0d00000|100%| O|  |TAMS 0x00000000e0c00000| PB 0x00000000e0c00000| Untracked 
|  13|0x00000000e0d00000, 0x00000000e0e00000, 0x00000000e0e00000|100%| O|  |TAMS 0x00000000e0d00000| PB 0x00000000e0d00000| Untracked 
|  14|0x00000000e0e00000, 0x00000000e0f00000, 0x00000000e0f00000|100%| O|  |TAMS 0x00000000e0e00000| PB 0x00000000e0e00000| Untracked 
|  15|0x00000000e0f00000, 0x00000000e1000000, 0x00000000e1000000|100%| O|  |TAMS 0x00000000e0f00000| PB 0x00000000e0f00000| Untracked 
|  16|0x00000000e1000000, 0x00000000e1100000, 0x00000000e1100000|100%| O|  |TAMS 0x00000000e1000000| PB 0x00000000e1000000| Untracked 
|  17|0x00000000e1100000, 0x00000000e1200000, 0x00000000e1200000|100%| O|  |TAMS 0x00000000e1100000| PB 0x00000000e1100000| Untracked 
|  18|0x00000000e1200000, 0x00000000e1300000, 0x00000000e1300000|100%| O|  |TAMS 0x00000000e1200000| PB 0x00000000e1200000| Untracked 
|  19|0x00000000e1300000, 0x00000000e1400000, 0x00000000e1400000|100%| O|  |TAMS 0x00000000e1300000| PB 0x00000000e1300000| Untracked 
|  20|0x00000000e1400000, 0x00000000e1500000, 0x00000000e1500000|100%| O|  |TAMS 0x00000000e1400000| PB 0x00000000e1400000| Untracked 
|  21|0x00000000e1500000, 0x00000000e1600000, 0x00000000e1600000|100%| O|  |TAMS 0x00000000e1500000| PB 0x00000000e1500000| Untracked 
|  22|0x00000000e1600000, 0x00000000e1700000, 0x00000000e1700000|100%| O|  |TAMS 0x00000000e1600000| PB 0x00000000e1600000| Untracked 
|  23|0x00000000e1700000, 0x00000000e1800000, 0x00000000e1800000|100%| O|  |TAMS 0x00000000e1700000| PB 0x00000000e1700000| Untracked 
|  24|0x00000000e1800000, 0x00000000e1900000, 0x00000000e1900000|100%| O|  |TAMS 0x00000000e1800000| PB 0x00000000e1800000| Untracked 
|  25|0x00000000e1900000, 0x00000000e1a00000, 0x00000000e1a00000|100%| O|  |TAMS 0x00000000e1900000| PB 0x00000000e1900000| Untracked 
|  26|0x00000000e1a00000, 0x00000000e1b00000, 0x00000000e1b00000|100%| O|  |TAMS 0x00000000e1a00000| PB 0x00000000e1a00000| Untracked 
|  27|0x00000000e1b00000, 0x00000000e1b00000, 0x00000000e1c00000|  0%| F|  |TAMS 0x00000000e1b00000| PB 0x00000000e1b00000| Untracked 
|  28|0x00000000e1c00000, 0x00000000e1d00000, 0x00000000e1d00000|100%| O|  |TAMS 0x00000000e1c00000| PB 0x00000000e1c00000| Untracked 
|  29|0x00000000e1d00000, 0x00000000e1e00000, 0x00000000e1e00000|100%| O|  |TAMS 0x00000000e1d00000| PB 0x00000000e1d00000| Untracked 
|  30|0x00000000e1e00000, 0x00000000e1f00000, 0x00000000e1f00000|100%| O|  |TAMS 0x00000000e1e00000| PB 0x00000000e1e00000| Untracked 
|  31|0x00000000e1f00000, 0x00000000e2000000, 0x00000000e2000000|100%| O|  |TAMS 0x00000000e1f00000| PB 0x00000000e1f00000| Untracked 
|  32|0x00000000e2000000, 0x00000000e2100000, 0x00000000e2100000|100%| O|  |TAMS 0x00000000e2000000| PB 0x00000000e2000000| Untracked 
|  33|0x00000000e2100000, 0x00000000e2200000, 0x00000000e2200000|100%| O|  |TAMS 0x00000000e2100000| PB 0x00000000e2100000| Untracked 
|  34|0x00000000e2200000, 0x00000000e2300000, 0x00000000e2300000|100%| O|  |TAMS 0x00000000e2200000| PB 0x00000000e2200000| Untracked 
|  35|0x00000000e2300000, 0x00000000e2400000, 0x00000000e2400000|100%| O|  |TAMS 0x00000000e2300000| PB 0x00000000e2300000| Untracked 
|  36|0x00000000e2400000, 0x00000000e2500000, 0x00000000e2500000|100%| O|  |TAMS 0x00000000e2400000| PB 0x00000000e2400000| Untracked 
|  37|0x00000000e2500000, 0x00000000e2600000, 0x00000000e2600000|100%| O|  |TAMS 0x00000000e2500000| PB 0x00000000e2500000| Untracked 
|  38|0x00000000e2600000, 0x00000000e2700000, 0x00000000e2700000|100%| O|  |TAMS 0x00000000e2600000| PB 0x00000000e2600000| Untracked 
|  39|0x00000000e2700000, 0x00000000e2800000, 0x00000000e2800000|100%| O|  |TAMS 0x00000000e2700000| PB 0x00000000e2700000| Untracked 
|  40|0x00000000e2800000, 0x00000000e2900000, 0x00000000e2900000|100%| O|  |TAMS 0x00000000e2800000| PB 0x00000000e2800000| Untracked 
|  41|0x00000000e2900000, 0x00000000e29e9400, 0x00000000e2a00000| 91%| O|  |TAMS 0x00000000e2900000| PB 0x00000000e2900000| Untracked 
|  42|0x00000000e2a00000, 0x00000000e2a00000, 0x00000000e2b00000|  0%| F|  |TAMS 0x00000000e2a00000| PB 0x00000000e2a00000| Untracked 
|  43|0x00000000e2b00000, 0x00000000e2b00000, 0x00000000e2c00000|  0%| F|  |TAMS 0x00000000e2b00000| PB 0x00000000e2b00000| Untracked 
|  44|0x00000000e2c00000, 0x00000000e2c00000, 0x00000000e2d00000|  0%| F|  |TAMS 0x00000000e2c00000| PB 0x00000000e2c00000| Untracked 
|  45|0x00000000e2d00000, 0x00000000e2d00000, 0x00000000e2e00000|  0%| F|  |TAMS 0x00000000e2d00000| PB 0x00000000e2d00000| Untracked 
|  46|0x00000000e2e00000, 0x00000000e2e00000, 0x00000000e2f00000|  0%| F|  |TAMS 0x00000000e2e00000| PB 0x00000000e2e00000| Untracked 
|  47|0x00000000e2f00000, 0x00000000e2f00000, 0x00000000e3000000|  0%| F|  |TAMS 0x00000000e2f00000| PB 0x00000000e2f00000| Untracked 
|  48|0x00000000e3000000, 0x00000000e3000000, 0x00000000e3100000|  0%| F|  |TAMS 0x00000000e3000000| PB 0x00000000e3000000| Untracked 
|  49|0x00000000e3100000, 0x00000000e3100000, 0x00000000e3200000|  0%| F|  |TAMS 0x00000000e3100000| PB 0x00000000e3100000| Untracked 
|  50|0x00000000e3200000, 0x00000000e3200000, 0x00000000e3300000|  0%| F|  |TAMS 0x00000000e3200000| PB 0x00000000e3200000| Untracked 
|  51|0x00000000e3300000, 0x00000000e3300000, 0x00000000e3400000|  0%| F|  |TAMS 0x00000000e3300000| PB 0x00000000e3300000| Untracked 
|  52|0x00000000e3400000, 0x00000000e3400000, 0x00000000e3500000|  0%| F|  |TAMS 0x00000000e3400000| PB 0x00000000e3400000| Untracked 
|  53|0x00000000e3500000, 0x00000000e3500000, 0x00000000e3600000|  0%| F|  |TAMS 0x00000000e3500000| PB 0x00000000e3500000| Untracked 
|  54|0x00000000e3600000, 0x00000000e3600000, 0x00000000e3700000|  0%| F|  |TAMS 0x00000000e3600000| PB 0x00000000e3600000| Untracked 
|  55|0x00000000e3700000, 0x00000000e3700000, 0x00000000e3800000|  0%| F|  |TAMS 0x00000000e3700000| PB 0x00000000e3700000| Untracked 
|  56|0x00000000e3800000, 0x00000000e3800000, 0x00000000e3900000|  0%| F|  |TAMS 0x00000000e3800000| PB 0x00000000e3800000| Untracked 
|  57|0x00000000e3900000, 0x00000000e3900000, 0x00000000e3a00000|  0%| F|  |TAMS 0x00000000e3900000| PB 0x00000000e3900000| Untracked 
|  58|0x00000000e3a00000, 0x00000000e3a00000, 0x00000000e3b00000|  0%| F|  |TAMS 0x00000000e3a00000| PB 0x00000000e3a00000| Untracked 
|  59|0x00000000e3b00000, 0x00000000e3b00000, 0x00000000e3c00000|  0%| F|  |TAMS 0x00000000e3b00000| PB 0x00000000e3b00000| Untracked 
|  60|0x00000000e3c00000, 0x00000000e3c00000, 0x00000000e3d00000|  0%| F|  |TAMS 0x00000000e3c00000| PB 0x00000000e3c00000| Untracked 
|  61|0x00000000e3d00000, 0x00000000e3d00000, 0x00000000e3e00000|  0%| F|  |TAMS 0x00000000e3d00000| PB 0x00000000e3d00000| Untracked 
|  62|0x00000000e3e00000, 0x00000000e3e00000, 0x00000000e3f00000|  0%| F|  |TAMS 0x00000000e3e00000| PB 0x00000000e3e00000| Untracked 
|  63|0x00000000e3f00000, 0x00000000e3f00000, 0x00000000e4000000|  0%| F|  |TAMS 0x00000000e3f00000| PB 0x00000000e3f00000| Untracked 
|  64|0x00000000e4000000, 0x00000000e4000000, 0x00000000e4100000|  0%| F|  |TAMS 0x00000000e4000000| PB 0x00000000e4000000| Untracked 
|  65|0x00000000e4100000, 0x00000000e4100000, 0x00000000e4200000|  0%| F|  |TAMS 0x00000000e4100000| PB 0x00000000e4100000| Untracked 
|  66|0x00000000e4200000, 0x00000000e4200000, 0x00000000e4300000|  0%| F|  |TAMS 0x00000000e4200000| PB 0x00000000e4200000| Untracked 
|  67|0x00000000e4300000, 0x00000000e4300000, 0x00000000e4400000|  0%| F|  |TAMS 0x00000000e4300000| PB 0x00000000e4300000| Untracked 
|  68|0x00000000e4400000, 0x00000000e4400000, 0x00000000e4500000|  0%| F|  |TAMS 0x00000000e4400000| PB 0x00000000e4400000| Untracked 
|  69|0x00000000e4500000, 0x00000000e4500000, 0x00000000e4600000|  0%| F|  |TAMS 0x00000000e4500000| PB 0x00000000e4500000| Untracked 
|  70|0x00000000e4600000, 0x00000000e4600000, 0x00000000e4700000|  0%| F|  |TAMS 0x00000000e4600000| PB 0x00000000e4600000| Untracked 
|  71|0x00000000e4700000, 0x00000000e4700000, 0x00000000e4800000|  0%| F|  |TAMS 0x00000000e4700000| PB 0x00000000e4700000| Untracked 
|  72|0x00000000e4800000, 0x00000000e4800000, 0x00000000e4900000|  0%| F|  |TAMS 0x00000000e4800000| PB 0x00000000e4800000| Untracked 
|  73|0x00000000e4900000, 0x00000000e4900000, 0x00000000e4a00000|  0%| F|  |TAMS 0x00000000e4900000| PB 0x00000000e4900000| Untracked 
|  74|0x00000000e4a00000, 0x00000000e4a00000, 0x00000000e4b00000|  0%| F|  |TAMS 0x00000000e4a00000| PB 0x00000000e4a00000| Untracked 
|  75|0x00000000e4b00000, 0x00000000e4b00000, 0x00000000e4c00000|  0%| F|  |TAMS 0x00000000e4b00000| PB 0x00000000e4b00000| Untracked 
|  76|0x00000000e4c00000, 0x00000000e4c00000, 0x00000000e4d00000|  0%| F|  |TAMS 0x00000000e4c00000| PB 0x00000000e4c00000| Untracked 
|  77|0x00000000e4d00000, 0x00000000e4d00000, 0x00000000e4e00000|  0%| F|  |TAMS 0x00000000e4d00000| PB 0x00000000e4d00000| Untracked 
|  78|0x00000000e4e00000, 0x00000000e4e00000, 0x00000000e4f00000|  0%| F|  |TAMS 0x00000000e4e00000| PB 0x00000000e4e00000| Untracked 
|  79|0x00000000e4f00000, 0x00000000e4f00000, 0x00000000e5000000|  0%| F|  |TAMS 0x00000000e4f00000| PB 0x00000000e4f00000| Untracked 
|  80|0x00000000e5000000, 0x00000000e5000000, 0x00000000e5100000|  0%| F|  |TAMS 0x00000000e5000000| PB 0x00000000e5000000| Untracked 
|  81|0x00000000e5100000, 0x00000000e5100000, 0x00000000e5200000|  0%| F|  |TAMS 0x00000000e5100000| PB 0x00000000e5100000| Untracked 
|  82|0x00000000e5200000, 0x00000000e5200000, 0x00000000e5300000|  0%| F|  |TAMS 0x00000000e5200000| PB 0x00000000e5200000| Untracked 
|  83|0x00000000e5300000, 0x00000000e5300000, 0x00000000e5400000|  0%| F|  |TAMS 0x00000000e5300000| PB 0x00000000e5300000| Untracked 
|  84|0x00000000e5400000, 0x00000000e5400000, 0x00000000e5500000|  0%| F|  |TAMS 0x00000000e5400000| PB 0x00000000e5400000| Untracked 
|  85|0x00000000e5500000, 0x00000000e5500000, 0x00000000e5600000|  0%| F|  |TAMS 0x00000000e5500000| PB 0x00000000e5500000| Untracked 
|  86|0x00000000e5600000, 0x00000000e5600000, 0x00000000e5700000|  0%| F|  |TAMS 0x00000000e5600000| PB 0x00000000e5600000| Untracked 
|  87|0x00000000e5700000, 0x00000000e5700000, 0x00000000e5800000|  0%| F|  |TAMS 0x00000000e5700000| PB 0x00000000e5700000| Untracked 
|  88|0x00000000e5800000, 0x00000000e5800000, 0x00000000e5900000|  0%| F|  |TAMS 0x00000000e5800000| PB 0x00000000e5800000| Untracked 
|  89|0x00000000e5900000, 0x00000000e5900000, 0x00000000e5a00000|  0%| F|  |TAMS 0x00000000e5900000| PB 0x00000000e5900000| Untracked 
|  90|0x00000000e5a00000, 0x00000000e5a00000, 0x00000000e5b00000|  0%| F|  |TAMS 0x00000000e5a00000| PB 0x00000000e5a00000| Untracked 
|  91|0x00000000e5b00000, 0x00000000e5b00000, 0x00000000e5c00000|  0%| F|  |TAMS 0x00000000e5b00000| PB 0x00000000e5b00000| Untracked 
|  92|0x00000000e5c00000, 0x00000000e5c00000, 0x00000000e5d00000|  0%| F|  |TAMS 0x00000000e5c00000| PB 0x00000000e5c00000| Untracked 
|  93|0x00000000e5d00000, 0x00000000e5d00000, 0x00000000e5e00000|  0%| F|  |TAMS 0x00000000e5d00000| PB 0x00000000e5d00000| Untracked 
|  94|0x00000000e5e00000, 0x00000000e5e00000, 0x00000000e5f00000|  0%| F|  |TAMS 0x00000000e5e00000| PB 0x00000000e5e00000| Untracked 
|  95|0x00000000e5f00000, 0x00000000e5f00000, 0x00000000e6000000|  0%| F|  |TAMS 0x00000000e5f00000| PB 0x00000000e5f00000| Untracked 
|  96|0x00000000e6000000, 0x00000000e6000000, 0x00000000e6100000|  0%| F|  |TAMS 0x00000000e6000000| PB 0x00000000e6000000| Untracked 
|  97|0x00000000e6100000, 0x00000000e6100000, 0x00000000e6200000|  0%| F|  |TAMS 0x00000000e6100000| PB 0x00000000e6100000| Untracked 
|  98|0x00000000e6200000, 0x00000000e6200000, 0x00000000e6300000|  0%| F|  |TAMS 0x00000000e6200000| PB 0x00000000e6200000| Untracked 
|  99|0x00000000e6300000, 0x00000000e6300000, 0x00000000e6400000|  0%| F|  |TAMS 0x00000000e6300000| PB 0x00000000e6300000| Untracked 
| 100|0x00000000e6400000, 0x00000000e6400000, 0x00000000e6500000|  0%| F|  |TAMS 0x00000000e6400000| PB 0x00000000e6400000| Untracked 
| 101|0x00000000e6500000, 0x00000000e6500000, 0x00000000e6600000|  0%| F|  |TAMS 0x00000000e6500000| PB 0x00000000e6500000| Untracked 
| 102|0x00000000e6600000, 0x00000000e6600000, 0x00000000e6700000|  0%| F|  |TAMS 0x00000000e6600000| PB 0x00000000e6600000| Untracked 
| 103|0x00000000e6700000, 0x00000000e6700000, 0x00000000e6800000|  0%| F|  |TAMS 0x00000000e6700000| PB 0x00000000e6700000| Untracked 
| 104|0x00000000e6800000, 0x00000000e6800000, 0x00000000e6900000|  0%| F|  |TAMS 0x00000000e6800000| PB 0x00000000e6800000| Untracked 
| 105|0x00000000e6900000, 0x00000000e6900000, 0x00000000e6a00000|  0%| F|  |TAMS 0x00000000e6900000| PB 0x00000000e6900000| Untracked 
| 106|0x00000000e6a00000, 0x00000000e6a00000, 0x00000000e6b00000|  0%| F|  |TAMS 0x00000000e6a00000| PB 0x00000000e6a00000| Untracked 
| 107|0x00000000e6b00000, 0x00000000e6b00000, 0x00000000e6c00000|  0%| F|  |TAMS 0x00000000e6b00000| PB 0x00000000e6b00000| Untracked 
| 108|0x00000000e6c00000, 0x00000000e6c00000, 0x00000000e6d00000|  0%| F|  |TAMS 0x00000000e6c00000| PB 0x00000000e6c00000| Untracked 
| 109|0x00000000e6d00000, 0x00000000e6d00000, 0x00000000e6e00000|  0%| F|  |TAMS 0x00000000e6d00000| PB 0x00000000e6d00000| Untracked 
| 110|0x00000000e6e00000, 0x00000000e6e00000, 0x00000000e6f00000|  0%| F|  |TAMS 0x00000000e6e00000| PB 0x00000000e6e00000| Untracked 
| 111|0x00000000e6f00000, 0x00000000e6f00000, 0x00000000e7000000|  0%| F|  |TAMS 0x00000000e6f00000| PB 0x00000000e6f00000| Untracked 
| 112|0x00000000e7000000, 0x00000000e7000000, 0x00000000e7100000|  0%| F|  |TAMS 0x00000000e7000000| PB 0x00000000e7000000| Untracked 
| 113|0x00000000e7100000, 0x00000000e7100000, 0x00000000e7200000|  0%| F|  |TAMS 0x00000000e7100000| PB 0x00000000e7100000| Untracked 
| 114|0x00000000e7200000, 0x00000000e7200000, 0x00000000e7300000|  0%| F|  |TAMS 0x00000000e7200000| PB 0x00000000e7200000| Untracked 
| 115|0x00000000e7300000, 0x00000000e7300000, 0x00000000e7400000|  0%| F|  |TAMS 0x00000000e7300000| PB 0x00000000e7300000| Untracked 
| 116|0x00000000e7400000, 0x00000000e7400000, 0x00000000e7500000|  0%| F|  |TAMS 0x00000000e7400000| PB 0x00000000e7400000| Untracked 
| 117|0x00000000e7500000, 0x00000000e7500000, 0x00000000e7600000|  0%| F|  |TAMS 0x00000000e7500000| PB 0x00000000e7500000| Untracked 
| 118|0x00000000e7600000, 0x00000000e7600000, 0x00000000e7700000|  0%| F|  |TAMS 0x00000000e7600000| PB 0x00000000e7600000| Untracked 
| 119|0x00000000e7700000, 0x00000000e7700000, 0x00000000e7800000|  0%| F|  |TAMS 0x00000000e7700000| PB 0x00000000e7700000| Untracked 
| 120|0x00000000e7800000, 0x00000000e7800000, 0x00000000e7900000|  0%| F|  |TAMS 0x00000000e7800000| PB 0x00000000e7800000| Untracked 
| 121|0x00000000e7900000, 0x00000000e7900000, 0x00000000e7a00000|  0%| F|  |TAMS 0x00000000e7900000| PB 0x00000000e7900000| Untracked 
| 122|0x00000000e7a00000, 0x00000000e7a00000, 0x00000000e7b00000|  0%| F|  |TAMS 0x00000000e7a00000| PB 0x00000000e7a00000| Untracked 
| 123|0x00000000e7b00000, 0x00000000e7b00000, 0x00000000e7c00000|  0%| F|  |TAMS 0x00000000e7b00000| PB 0x00000000e7b00000| Untracked 
| 124|0x00000000e7c00000, 0x00000000e7c00000, 0x00000000e7d00000|  0%| F|  |TAMS 0x00000000e7c00000| PB 0x00000000e7c00000| Untracked 
| 125|0x00000000e7d00000, 0x00000000e7d00000, 0x00000000e7e00000|  0%| F|  |TAMS 0x00000000e7d00000| PB 0x00000000e7d00000| Untracked 
| 126|0x00000000e7e00000, 0x00000000e7e00000, 0x00000000e7f00000|  0%| F|  |TAMS 0x00000000e7e00000| PB 0x00000000e7e00000| Untracked 
| 127|0x00000000e7f00000, 0x00000000e7f00000, 0x00000000e8000000|  0%| F|  |TAMS 0x00000000e7f00000| PB 0x00000000e7f00000| Untracked 
| 128|0x00000000e8000000, 0x00000000e8000000, 0x00000000e8100000|  0%| F|  |TAMS 0x00000000e8000000| PB 0x00000000e8000000| Untracked 
| 129|0x00000000e8100000, 0x00000000e8100000, 0x00000000e8200000|  0%| F|  |TAMS 0x00000000e8100000| PB 0x00000000e8100000| Untracked 
| 130|0x00000000e8200000, 0x00000000e8200000, 0x00000000e8300000|  0%| F|  |TAMS 0x00000000e8200000| PB 0x00000000e8200000| Untracked 
| 131|0x00000000e8300000, 0x00000000e8300000, 0x00000000e8400000|  0%| F|  |TAMS 0x00000000e8300000| PB 0x00000000e8300000| Untracked 
| 132|0x00000000e8400000, 0x00000000e8400000, 0x00000000e8500000|  0%| F|  |TAMS 0x00000000e8400000| PB 0x00000000e8400000| Untracked 
| 133|0x00000000e8500000, 0x00000000e8500000, 0x00000000e8600000|  0%| F|  |TAMS 0x00000000e8500000| PB 0x00000000e8500000| Untracked 
| 134|0x00000000e8600000, 0x00000000e8600000, 0x00000000e8700000|  0%| F|  |TAMS 0x00000000e8600000| PB 0x00000000e8600000| Untracked 
| 135|0x00000000e8700000, 0x00000000e8700000, 0x00000000e8800000|  0%| F|  |TAMS 0x00000000e8700000| PB 0x00000000e8700000| Untracked 
| 136|0x00000000e8800000, 0x00000000e8800000, 0x00000000e8900000|  0%| F|  |TAMS 0x00000000e8800000| PB 0x00000000e8800000| Untracked 
| 137|0x00000000e8900000, 0x00000000e8900000, 0x00000000e8a00000|  0%| F|  |TAMS 0x00000000e8900000| PB 0x00000000e8900000| Untracked 
| 138|0x00000000e8a00000, 0x00000000e8a00000, 0x00000000e8b00000|  0%| F|  |TAMS 0x00000000e8a00000| PB 0x00000000e8a00000| Untracked 
| 139|0x00000000e8b00000, 0x00000000e8b00000, 0x00000000e8c00000|  0%| F|  |TAMS 0x00000000e8b00000| PB 0x00000000e8b00000| Untracked 
| 140|0x00000000e8c00000, 0x00000000e8c00000, 0x00000000e8d00000|  0%| F|  |TAMS 0x00000000e8c00000| PB 0x00000000e8c00000| Untracked 
| 141|0x00000000e8d00000, 0x00000000e8d00000, 0x00000000e8e00000|  0%| F|  |TAMS 0x00000000e8d00000| PB 0x00000000e8d00000| Untracked 
| 142|0x00000000e8e00000, 0x00000000e8e00000, 0x00000000e8f00000|  0%| F|  |TAMS 0x00000000e8e00000| PB 0x00000000e8e00000| Untracked 
| 143|0x00000000e8f00000, 0x00000000e8f00000, 0x00000000e9000000|  0%| F|  |TAMS 0x00000000e8f00000| PB 0x00000000e8f00000| Untracked 
| 144|0x00000000e9000000, 0x00000000e9000000, 0x00000000e9100000|  0%| F|  |TAMS 0x00000000e9000000| PB 0x00000000e9000000| Untracked 
| 145|0x00000000e9100000, 0x00000000e9100000, 0x00000000e9200000|  0%| F|  |TAMS 0x00000000e9100000| PB 0x00000000e9100000| Untracked 
| 146|0x00000000e9200000, 0x00000000e9200000, 0x00000000e9300000|  0%| F|  |TAMS 0x00000000e9200000| PB 0x00000000e9200000| Untracked 
| 147|0x00000000e9300000, 0x00000000e9300000, 0x00000000e9400000|  0%| F|  |TAMS 0x00000000e9300000| PB 0x00000000e9300000| Untracked 
| 148|0x00000000e9400000, 0x00000000e9400000, 0x00000000e9500000|  0%| F|  |TAMS 0x00000000e9400000| PB 0x00000000e9400000| Untracked 
| 149|0x00000000e9500000, 0x00000000e9500000, 0x00000000e9600000|  0%| F|  |TAMS 0x00000000e9500000| PB 0x00000000e9500000| Untracked 
| 150|0x00000000e9600000, 0x00000000e9600000, 0x00000000e9700000|  0%| F|  |TAMS 0x00000000e9600000| PB 0x00000000e9600000| Untracked 
| 151|0x00000000e9700000, 0x00000000e9700000, 0x00000000e9800000|  0%| F|  |TAMS 0x00000000e9700000| PB 0x00000000e9700000| Untracked 
| 152|0x00000000e9800000, 0x00000000e9800000, 0x00000000e9900000|  0%| F|  |TAMS 0x00000000e9800000| PB 0x00000000e9800000| Untracked 
| 153|0x00000000e9900000, 0x00000000e9900000, 0x00000000e9a00000|  0%| F|  |TAMS 0x00000000e9900000| PB 0x00000000e9900000| Untracked 
| 154|0x00000000e9a00000, 0x00000000e9a00000, 0x00000000e9b00000|  0%| F|  |TAMS 0x00000000e9a00000| PB 0x00000000e9a00000| Untracked 
| 155|0x00000000e9b00000, 0x00000000e9b00000, 0x00000000e9c00000|  0%| F|  |TAMS 0x00000000e9b00000| PB 0x00000000e9b00000| Untracked 
| 156|0x00000000e9c00000, 0x00000000e9c00000, 0x00000000e9d00000|  0%| F|  |TAMS 0x00000000e9c00000| PB 0x00000000e9c00000| Untracked 
| 157|0x00000000e9d00000, 0x00000000e9d00000, 0x00000000e9e00000|  0%| F|  |TAMS 0x00000000e9d00000| PB 0x00000000e9d00000| Untracked 
| 158|0x00000000e9e00000, 0x00000000e9e00000, 0x00000000e9f00000|  0%| F|  |TAMS 0x00000000e9e00000| PB 0x00000000e9e00000| Untracked 
| 159|0x00000000e9f00000, 0x00000000e9f00000, 0x00000000ea000000|  0%| F|  |TAMS 0x00000000e9f00000| PB 0x00000000e9f00000| Untracked 
| 160|0x00000000ea000000, 0x00000000ea000000, 0x00000000ea100000|  0%| F|  |TAMS 0x00000000ea000000| PB 0x00000000ea000000| Untracked 
| 161|0x00000000ea100000, 0x00000000ea100000, 0x00000000ea200000|  0%| F|  |TAMS 0x00000000ea100000| PB 0x00000000ea100000| Untracked 
| 162|0x00000000ea200000, 0x00000000ea200000, 0x00000000ea300000|  0%| F|  |TAMS 0x00000000ea200000| PB 0x00000000ea200000| Untracked 
| 163|0x00000000ea300000, 0x00000000ea300000, 0x00000000ea400000|  0%| F|  |TAMS 0x00000000ea300000| PB 0x00000000ea300000| Untracked 
| 164|0x00000000ea400000, 0x00000000ea400000, 0x00000000ea500000|  0%| F|  |TAMS 0x00000000ea400000| PB 0x00000000ea400000| Untracked 
| 165|0x00000000ea500000, 0x00000000ea500000, 0x00000000ea600000|  0%| F|  |TAMS 0x00000000ea500000| PB 0x00000000ea500000| Untracked 
| 166|0x00000000ea600000, 0x00000000ea600000, 0x00000000ea700000|  0%| F|  |TAMS 0x00000000ea600000| PB 0x00000000ea600000| Untracked 
| 167|0x00000000ea700000, 0x00000000ea700000, 0x00000000ea800000|  0%| F|  |TAMS 0x00000000ea700000| PB 0x00000000ea700000| Untracked 
| 168|0x00000000ea800000, 0x00000000ea800000, 0x00000000ea900000|  0%| F|  |TAMS 0x00000000ea800000| PB 0x00000000ea800000| Untracked 
| 169|0x00000000ea900000, 0x00000000ea900000, 0x00000000eaa00000|  0%| F|  |TAMS 0x00000000ea900000| PB 0x00000000ea900000| Untracked 
| 170|0x00000000eaa00000, 0x00000000eaa00000, 0x00000000eab00000|  0%| F|  |TAMS 0x00000000eaa00000| PB 0x00000000eaa00000| Untracked 
| 171|0x00000000eab00000, 0x00000000eab00000, 0x00000000eac00000|  0%| F|  |TAMS 0x00000000eab00000| PB 0x00000000eab00000| Untracked 
| 172|0x00000000eac00000, 0x00000000eac00000, 0x00000000ead00000|  0%| F|  |TAMS 0x00000000eac00000| PB 0x00000000eac00000| Untracked 
| 173|0x00000000ead00000, 0x00000000ead00000, 0x00000000eae00000|  0%| F|  |TAMS 0x00000000ead00000| PB 0x00000000ead00000| Untracked 
| 174|0x00000000eae00000, 0x00000000eae00000, 0x00000000eaf00000|  0%| F|  |TAMS 0x00000000eae00000| PB 0x00000000eae00000| Untracked 
| 175|0x00000000eaf00000, 0x00000000eaf00000, 0x00000000eb000000|  0%| F|  |TAMS 0x00000000eaf00000| PB 0x00000000eaf00000| Untracked 
| 176|0x00000000eb000000, 0x00000000eb000000, 0x00000000eb100000|  0%| F|  |TAMS 0x00000000eb000000| PB 0x00000000eb000000| Untracked 
| 177|0x00000000eb100000, 0x00000000eb100000, 0x00000000eb200000|  0%| F|  |TAMS 0x00000000eb100000| PB 0x00000000eb100000| Untracked 
| 178|0x00000000eb200000, 0x00000000eb200000, 0x00000000eb300000|  0%| F|  |TAMS 0x00000000eb200000| PB 0x00000000eb200000| Untracked 
| 179|0x00000000eb300000, 0x00000000eb300000, 0x00000000eb400000|  0%| F|  |TAMS 0x00000000eb300000| PB 0x00000000eb300000| Untracked 
| 180|0x00000000eb400000, 0x00000000eb400000, 0x00000000eb500000|  0%| F|  |TAMS 0x00000000eb400000| PB 0x00000000eb400000| Untracked 
| 181|0x00000000eb500000, 0x00000000eb500000, 0x00000000eb600000|  0%| F|  |TAMS 0x00000000eb500000| PB 0x00000000eb500000| Untracked 
| 182|0x00000000eb600000, 0x00000000eb600000, 0x00000000eb700000|  0%| F|  |TAMS 0x00000000eb600000| PB 0x00000000eb600000| Untracked 
| 183|0x00000000eb700000, 0x00000000eb700000, 0x00000000eb800000|  0%| F|  |TAMS 0x00000000eb700000| PB 0x00000000eb700000| Untracked 
| 184|0x00000000eb800000, 0x00000000eb800000, 0x00000000eb900000|  0%| F|  |TAMS 0x00000000eb800000| PB 0x00000000eb800000| Untracked 
| 185|0x00000000eb900000, 0x00000000eb900000, 0x00000000eba00000|  0%| F|  |TAMS 0x00000000eb900000| PB 0x00000000eb900000| Untracked 
| 186|0x00000000eba00000, 0x00000000eba00000, 0x00000000ebb00000|  0%| F|  |TAMS 0x00000000eba00000| PB 0x00000000eba00000| Untracked 
| 187|0x00000000ebb00000, 0x00000000ebb00000, 0x00000000ebc00000|  0%| F|  |TAMS 0x00000000ebb00000| PB 0x00000000ebb00000| Untracked 
| 188|0x00000000ebc00000, 0x00000000ebc00000, 0x00000000ebd00000|  0%| F|  |TAMS 0x00000000ebc00000| PB 0x00000000ebc00000| Untracked 
| 189|0x00000000ebd00000, 0x00000000ebd00000, 0x00000000ebe00000|  0%| F|  |TAMS 0x00000000ebd00000| PB 0x00000000ebd00000| Untracked 
| 190|0x00000000ebe00000, 0x00000000ebee9af0, 0x00000000ebf00000| 91%| E|  |TAMS 0x00000000ebe00000| PB 0x00000000ebe00000| Complete 
| 191|0x00000000ebf00000, 0x00000000ec000000, 0x00000000ec000000|100%| E|CS|TAMS 0x00000000ebf00000| PB 0x00000000ebf00000| Complete 
| 192|0x00000000ec000000, 0x00000000ec100000, 0x00000000ec100000|100%| E|CS|TAMS 0x00000000ec000000| PB 0x00000000ec000000| Complete 
| 193|0x00000000ec100000, 0x00000000ec200000, 0x00000000ec200000|100%| E|CS|TAMS 0x00000000ec100000| PB 0x00000000ec100000| Complete 
| 194|0x00000000ec200000, 0x00000000ec300000, 0x00000000ec300000|100%| E|CS|TAMS 0x00000000ec200000| PB 0x00000000ec200000| Complete 
| 195|0x00000000ec300000, 0x00000000ec400000, 0x00000000ec400000|100%| E|CS|TAMS 0x00000000ec300000| PB 0x00000000ec300000| Complete 
| 196|0x00000000ec400000, 0x00000000ec500000, 0x00000000ec500000|100%| E|CS|TAMS 0x00000000ec400000| PB 0x00000000ec400000| Complete 
| 197|0x00000000ec500000, 0x00000000ec600000, 0x00000000ec600000|100%| E|CS|TAMS 0x00000000ec500000| PB 0x00000000ec500000| Complete 
| 198|0x00000000ec600000, 0x00000000ec700000, 0x00000000ec700000|100%| E|CS|TAMS 0x00000000ec600000| PB 0x00000000ec600000| Complete 
| 199|0x00000000ec700000, 0x00000000ec800000, 0x00000000ec800000|100%| E|CS|TAMS 0x00000000ec700000| PB 0x00000000ec700000| Complete 
| 200|0x00000000ec800000, 0x00000000ec900000, 0x00000000ec900000|100%| E|CS|TAMS 0x00000000ec800000| PB 0x00000000ec800000| Complete 
| 201|0x00000000ec900000, 0x00000000eca00000, 0x00000000eca00000|100%| E|CS|TAMS 0x00000000ec900000| PB 0x00000000ec900000| Complete 
| 202|0x00000000eca00000, 0x00000000ecb00000, 0x00000000ecb00000|100%| E|CS|TAMS 0x00000000eca00000| PB 0x00000000eca00000| Complete 
| 203|0x00000000ecb00000, 0x00000000ecc00000, 0x00000000ecc00000|100%| E|CS|TAMS 0x00000000ecb00000| PB 0x00000000ecb00000| Complete 
| 204|0x00000000ecc00000, 0x00000000ecd00000, 0x00000000ecd00000|100%| E|CS|TAMS 0x00000000ecc00000| PB 0x00000000ecc00000| Complete 
| 205|0x00000000ecd00000, 0x00000000ece00000, 0x00000000ece00000|100%| E|CS|TAMS 0x00000000ecd00000| PB 0x00000000ecd00000| Complete 
| 206|0x00000000ece00000, 0x00000000ecf00000, 0x00000000ecf00000|100%| E|CS|TAMS 0x00000000ece00000| PB 0x00000000ece00000| Complete 
| 207|0x00000000ecf00000, 0x00000000ed000000, 0x00000000ed000000|100%| E|CS|TAMS 0x00000000ecf00000| PB 0x00000000ecf00000| Complete 
| 208|0x00000000ed000000, 0x00000000ed100000, 0x00000000ed100000|100%| E|CS|TAMS 0x00000000ed000000| PB 0x00000000ed000000| Complete 
| 209|0x00000000ed100000, 0x00000000ed200000, 0x00000000ed200000|100%| E|CS|TAMS 0x00000000ed100000| PB 0x00000000ed100000| Complete 
| 210|0x00000000ed200000, 0x00000000ed300000, 0x00000000ed300000|100%| E|CS|TAMS 0x00000000ed200000| PB 0x00000000ed200000| Complete 
| 211|0x00000000ed300000, 0x00000000ed400000, 0x00000000ed400000|100%| E|CS|TAMS 0x00000000ed300000| PB 0x00000000ed300000| Complete 
| 212|0x00000000ed400000, 0x00000000ed500000, 0x00000000ed500000|100%| E|CS|TAMS 0x00000000ed400000| PB 0x00000000ed400000| Complete 
| 213|0x00000000ed500000, 0x00000000ed600000, 0x00000000ed600000|100%| E|CS|TAMS 0x00000000ed500000| PB 0x00000000ed500000| Complete 
| 214|0x00000000ed600000, 0x00000000ed700000, 0x00000000ed700000|100%| E|CS|TAMS 0x00000000ed600000| PB 0x00000000ed600000| Complete 
| 215|0x00000000ed700000, 0x00000000ed800000, 0x00000000ed800000|100%| E|CS|TAMS 0x00000000ed700000| PB 0x00000000ed700000| Complete 
| 216|0x00000000ed800000, 0x00000000ed900000, 0x00000000ed900000|100%| E|CS|TAMS 0x00000000ed800000| PB 0x00000000ed800000| Complete 
| 217|0x00000000ed900000, 0x00000000eda00000, 0x00000000eda00000|100%| E|CS|TAMS 0x00000000ed900000| PB 0x00000000ed900000| Complete 
| 218|0x00000000eda00000, 0x00000000edb00000, 0x00000000edb00000|100%| E|CS|TAMS 0x00000000eda00000| PB 0x00000000eda00000| Complete 
| 219|0x00000000edb00000, 0x00000000edc00000, 0x00000000edc00000|100%| E|CS|TAMS 0x00000000edb00000| PB 0x00000000edb00000| Complete 
| 220|0x00000000edc00000, 0x00000000edd00000, 0x00000000edd00000|100%| E|CS|TAMS 0x00000000edc00000| PB 0x00000000edc00000| Complete 
| 221|0x00000000edd00000, 0x00000000ede00000, 0x00000000ede00000|100%| E|CS|TAMS 0x00000000edd00000| PB 0x00000000edd00000| Complete 
| 222|0x00000000ede00000, 0x00000000edf00000, 0x00000000edf00000|100%| E|CS|TAMS 0x00000000ede00000| PB 0x00000000ede00000| Complete 
| 223|0x00000000edf00000, 0x00000000ee000000, 0x00000000ee000000|100%| E|CS|TAMS 0x00000000edf00000| PB 0x00000000edf00000| Complete 
| 224|0x00000000ee000000, 0x00000000ee100000, 0x00000000ee100000|100%| E|CS|TAMS 0x00000000ee000000| PB 0x00000000ee000000| Complete 
| 225|0x00000000ee100000, 0x00000000ee200000, 0x00000000ee200000|100%| E|CS|TAMS 0x00000000ee100000| PB 0x00000000ee100000| Complete 
| 226|0x00000000ee200000, 0x00000000ee300000, 0x00000000ee300000|100%| E|CS|TAMS 0x00000000ee200000| PB 0x00000000ee200000| Complete 
| 227|0x00000000ee300000, 0x00000000ee400000, 0x00000000ee400000|100%| E|CS|TAMS 0x00000000ee300000| PB 0x00000000ee300000| Complete 
| 228|0x00000000ee400000, 0x00000000ee500000, 0x00000000ee500000|100%| E|CS|TAMS 0x00000000ee400000| PB 0x00000000ee400000| Complete 
| 229|0x00000000ee500000, 0x00000000ee600000, 0x00000000ee600000|100%| E|CS|TAMS 0x00000000ee500000| PB 0x00000000ee500000| Complete 
| 230|0x00000000ee600000, 0x00000000ee700000, 0x00000000ee700000|100%| E|CS|TAMS 0x00000000ee600000| PB 0x00000000ee600000| Complete 
| 231|0x00000000ee700000, 0x00000000ee800000, 0x00000000ee800000|100%| E|CS|TAMS 0x00000000ee700000| PB 0x00000000ee700000| Complete 
| 232|0x00000000ee800000, 0x00000000ee900000, 0x00000000ee900000|100%| E|CS|TAMS 0x00000000ee800000| PB 0x00000000ee800000| Complete 
| 233|0x00000000ee900000, 0x00000000eea00000, 0x00000000eea00000|100%| E|CS|TAMS 0x00000000ee900000| PB 0x00000000ee900000| Complete 
| 234|0x00000000eea00000, 0x00000000eeb00000, 0x00000000eeb00000|100%| E|CS|TAMS 0x00000000eea00000| PB 0x00000000eea00000| Complete 
| 235|0x00000000eeb00000, 0x00000000eec00000, 0x00000000eec00000|100%| E|CS|TAMS 0x00000000eeb00000| PB 0x00000000eeb00000| Complete 
| 236|0x00000000eec00000, 0x00000000eed00000, 0x00000000eed00000|100%| E|CS|TAMS 0x00000000eec00000| PB 0x00000000eec00000| Complete 
| 237|0x00000000eed00000, 0x00000000eee00000, 0x00000000eee00000|100%| E|CS|TAMS 0x00000000eed00000| PB 0x00000000eed00000| Complete 
| 238|0x00000000eee00000, 0x00000000eef00000, 0x00000000eef00000|100%| E|CS|TAMS 0x00000000eee00000| PB 0x00000000eee00000| Complete 
| 239|0x00000000eef00000, 0x00000000ef000000, 0x00000000ef000000|100%| E|CS|TAMS 0x00000000eef00000| PB 0x00000000eef00000| Complete 
| 240|0x00000000ef000000, 0x00000000ef100000, 0x00000000ef100000|100%| E|CS|TAMS 0x00000000ef000000| PB 0x00000000ef000000| Complete 
| 241|0x00000000ef100000, 0x00000000ef200000, 0x00000000ef200000|100%| E|CS|TAMS 0x00000000ef100000| PB 0x00000000ef100000| Complete 
| 242|0x00000000ef200000, 0x00000000ef300000, 0x00000000ef300000|100%| E|CS|TAMS 0x00000000ef200000| PB 0x00000000ef200000| Complete 
| 243|0x00000000ef300000, 0x00000000ef400000, 0x00000000ef400000|100%| E|CS|TAMS 0x00000000ef300000| PB 0x00000000ef300000| Complete 
| 244|0x00000000ef400000, 0x00000000ef500000, 0x00000000ef500000|100%| E|CS|TAMS 0x00000000ef400000| PB 0x00000000ef400000| Complete 
| 245|0x00000000ef500000, 0x00000000ef600000, 0x00000000ef600000|100%| E|CS|TAMS 0x00000000ef500000| PB 0x00000000ef500000| Complete 
| 246|0x00000000ef600000, 0x00000000ef700000, 0x00000000ef700000|100%| E|CS|TAMS 0x00000000ef600000| PB 0x00000000ef600000| Complete 
| 247|0x00000000ef700000, 0x00000000ef800000, 0x00000000ef800000|100%| E|CS|TAMS 0x00000000ef700000| PB 0x00000000ef700000| Complete 
| 248|0x00000000ef800000, 0x00000000ef900000, 0x00000000ef900000|100%| E|CS|TAMS 0x00000000ef800000| PB 0x00000000ef800000| Complete 
| 249|0x00000000ef900000, 0x00000000ef9d43f0, 0x00000000efa00000| 82%| S|CS|TAMS 0x00000000ef900000| PB 0x00000000ef900000| Complete 
| 250|0x00000000efa00000, 0x00000000efb00000, 0x00000000efb00000|100%| S|CS|TAMS 0x00000000efa00000| PB 0x00000000efa00000| Complete 
| 251|0x00000000efb00000, 0x00000000efc00000, 0x00000000efc00000|100%| S|CS|TAMS 0x00000000efb00000| PB 0x00000000efb00000| Complete 
| 252|0x00000000efc00000, 0x00000000efd00000, 0x00000000efd00000|100%| S|CS|TAMS 0x00000000efc00000| PB 0x00000000efc00000| Complete 
| 253|0x00000000efd00000, 0x00000000efe00000, 0x00000000efe00000|100%| S|CS|TAMS 0x00000000efd00000| PB 0x00000000efd00000| Complete 
| 254|0x00000000efe00000, 0x00000000eff00000, 0x00000000eff00000|100%| E|CS|TAMS 0x00000000efe00000| PB 0x00000000efe00000| Complete 
| 255|0x00000000eff00000, 0x00000000f0000000, 0x00000000f0000000|100%| E|CS|TAMS 0x00000000eff00000| PB 0x00000000eff00000| Complete 

Card table byte_map: [0x0000013cdb6f0000,0x0000013cdb7f0000] _byte_map_base: 0x0000013cdaff0000

Marking Bits: (CMBitMap*) 0x0000013cc4236a30
 Bits: [0x0000013cdb8f0000, 0x0000013cdc0f0000)

Polling page: 0x0000013cc39d0000

Metaspace:

Usage:
  Non-class:     53.15 MB used.
      Class:      8.83 MB used.
       Both:     61.97 MB used.

Virtual space:
  Non-class space:       64.00 MB reserved,      54.19 MB ( 85%) committed,  1 nodes.
      Class space:      308.00 MB reserved,       9.81 MB (  3%) committed,  1 nodes.
             Both:      372.00 MB reserved,      64.00 MB ( 17%) committed. 

Chunk freelists:
   Non-Class:  1.55 MB
       Class:  2.06 MB
        Both:  3.61 MB

MaxMetaspaceSize: 384.00 MB
CompressedClassSpaceSize: 308.00 MB
Initial GC threshold: 21.00 MB
Current GC threshold: 101.06 MB
CDS: on
MetaspaceReclaimPolicy: balanced
 - commit_granule_bytes: 65536.
 - commit_granule_words: 8192.
 - virtual_space_node_default_size: 8388608.
 - enlarge_chunks_in_place: 1.
 - new_chunks_are_fully_committed: 0.
 - uncommit_free_chunks: 1.
 - use_allocation_guard: 0.


Internal statistics:

num_allocs_failed_limit: 21.
num_arena_births: 3418.
num_arena_deaths: 0.
num_vsnodes_births: 2.
num_vsnodes_deaths: 0.
num_space_committed: 1024.
num_space_uncommitted: 0.
num_chunks_returned_to_freelist: 21.
num_chunks_taken_from_freelist: 6297.
num_chunk_merges: 18.
num_chunk_splits: 4173.
num_chunks_enlarged: 2632.
num_inconsistent_stats: 0.

CodeHeap 'non-profiled nmethods': size=120000Kb used=4309Kb max_used=4309Kb free=115690Kb
 bounds [0x0000013cd3d90000, 0x0000013cd41d0000, 0x0000013cdb2c0000]
CodeHeap 'profiled nmethods': size=120000Kb used=14496Kb max_used=14496Kb free=105503Kb
 bounds [0x0000013ccc2c0000, 0x0000013ccd0f0000, 0x0000013cd37f0000]
CodeHeap 'non-nmethods': size=5760Kb used=2814Kb max_used=2885Kb free=2946Kb
 bounds [0x0000013cd37f0000, 0x0000013cd3ad0000, 0x0000013cd3d90000]
 total_blobs=8073 nmethods=7191 adapters=790
 compilation: enabled
              stopped_count=0, restarted_count=0
 full_count=0

Compilation events (20 events):
Event: 8.333 Thread 0x0000013cdeb658d0 nmethod 7880 0x0000013cd41bf210 code [0x0000013cd41bf3e0, 0x0000013cd41bfe10]
Event: 8.333 Thread 0x0000013cdeb658d0 7882       4       java.lang.ClassLoader::postDefineClass (39 bytes)
Event: 8.334 Thread 0x0000013ce303f5b0 nmethod 7885 0x0000013cd41c0410 code [0x0000013cd41c05a0, 0x0000013cd41c0b80]
Event: 8.335 Thread 0x0000013ce2d08090 7894       3       java.lang.Integer::sum (4 bytes)
Event: 8.335 Thread 0x0000013ce2d08090 nmethod 7894 0x0000013ccc7a9310 code [0x0000013ccc7a94a0, 0x0000013ccc7a9590]
Event: 8.342 Thread 0x0000013ce2d08090 7895       3       java.lang.ProcessEnvironment$CheckedEntrySet$1::hasNext (10 bytes)
Event: 8.342 Thread 0x0000013ce2d08090 nmethod 7895 0x0000013ccd0e7e90 code [0x0000013ccd0e8020, 0x0000013ccd0e81f0]
Event: 8.347 Thread 0x0000013cdeb658d0 nmethod 7882 0x0000013cd41c1690 code [0x0000013cd41c1860, 0x0000013cd41c2218]
Event: 8.349 Thread 0x0000013ce2d08090 7899       3       java.lang.Thread::getContextClassLoader (41 bytes)
Event: 8.349 Thread 0x0000013ce2d08090 nmethod 7899 0x0000013ccd0e8290 code [0x0000013ccd0e8460, 0x0000013ccd0e88d0]
Event: 8.388 Thread 0x0000013ce2d08090 7900       3       java.lang.String::getBytes (15 bytes)
Event: 8.389 Thread 0x0000013ce2d08090 nmethod 7900 0x0000013ccd0e8a10 code [0x0000013ccd0e8bc0, 0x0000013ccd0e8dc0]
Event: 8.389 Thread 0x0000013ce303f5b0 7901       4       org.gradle.internal.logging.text.AbstractLineChoppingStyledTextOutput$1::execute (9 bytes)
Event: 8.389 Thread 0x0000013cdeb658d0 7902       4       org.gradle.internal.logging.text.AbstractLineChoppingStyledTextOutput$1::execute (140 bytes)
Event: 8.394 Thread 0x0000013ce2d08090 7904       1       org.gradle.internal.logging.events.RenderableOutputEvent::getBuildOperationId (5 bytes)
Event: 8.394 Thread 0x0000013ce2d08090 nmethod 7904 0x0000013cd41c2790 code [0x0000013cd41c2900, 0x0000013cd41c29c8]
Event: 8.395 Thread 0x0000013cdeb658d0 nmethod 7902 0x0000013cd41c2a90 code [0x0000013cd41c2ca0, 0x0000013cd41c3330]
Event: 8.395 Thread 0x0000013cdeb658d0 7903       4       org.gradle.internal.logging.text.AbstractLineChoppingStyledTextOutput$2::execute (77 bytes)
Event: 8.396 Thread 0x0000013ce303f5b0 nmethod 7901 0x0000013cd41c3a10 code [0x0000013cd41c3c20, 0x0000013cd41c42e8]
Event: 8.400 Thread 0x0000013cdeb658d0 nmethod 7903 0x0000013cd41c4990 code [0x0000013cd41c4b80, 0x0000013cd41c5030]

GC Heap History (18 events):
Event: 0.580 GC heap before
{Heap before GC invocations=0 (full 0):
 garbage-first heap   total 262144K, used 26624K [0x00000000e0000000, 0x0000000100000000)
  region size 1024K, 23 young (23552K), 0 survivors (0K)
 Metaspace       used 3114K, committed 3264K, reserved 380928K
  class space    used 398K, committed 448K, reserved 315392K
}
Event: 0.584 GC heap after
{Heap after GC invocations=1 (full 0):
 garbage-first heap   total 262144K, used 10238K [0x00000000e0000000, 0x0000000100000000)
  region size 1024K, 3 young (3072K), 3 survivors (3072K)
 Metaspace       used 3114K, committed 3264K, reserved 380928K
  class space    used 398K, committed 448K, reserved 315392K
}
Event: 0.960 GC heap before
{Heap before GC invocations=1 (full 0):
 garbage-first heap   total 262144K, used 40958K [0x00000000e0000000, 0x0000000100000000)
  region size 1024K, 32 young (32768K), 3 survivors (3072K)
 Metaspace       used 4075K, committed 4224K, reserved 380928K
  class space    used 494K, committed 576K, reserved 315392K
}
Event: 0.964 GC heap after
{Heap after GC invocations=2 (full 0):
 garbage-first heap   total 262144K, used 13536K [0x00000000e0000000, 0x0000000100000000)
  region size 1024K, 3 young (3072K), 3 survivors (3072K)
 Metaspace       used 4075K, committed 4224K, reserved 380928K
  class space    used 494K, committed 576K, reserved 315392K
}
Event: 2.825 GC heap before
{Heap before GC invocations=2 (full 0):
 garbage-first heap   total 262144K, used 113888K [0x00000000e0000000, 0x0000000100000000)
  region size 1024K, 102 young (104448K), 3 survivors (3072K)
 Metaspace       used 20779K, committed 21504K, reserved 380928K
  class space    used 3043K, committed 3392K, reserved 315392K
}
Event: 2.834 GC heap after
{Heap after GC invocations=3 (full 0):
 garbage-first heap   total 262144K, used 23260K [0x00000000e0000000, 0x0000000100000000)
  region size 1024K, 12 young (12288K), 12 survivors (12288K)
 Metaspace       used 20779K, committed 21504K, reserved 380928K
  class space    used 3043K, committed 3392K, reserved 315392K
}
Event: 4.161 GC heap before
{Heap before GC invocations=4 (full 0):
 garbage-first heap   total 262144K, used 132828K [0x00000000e0000000, 0x0000000100000000)
  region size 1024K, 116 young (118784K), 12 survivors (12288K)
 Metaspace       used 34683K, committed 35968K, reserved 380928K
  class space    used 4900K, committed 5568K, reserved 315392K
}
Event: 4.174 GC heap after
{Heap after GC invocations=5 (full 0):
 garbage-first heap   total 262144K, used 33889K [0x00000000e0000000, 0x0000000100000000)
  region size 1024K, 9 young (9216K), 9 survivors (9216K)
 Metaspace       used 34683K, committed 35968K, reserved 380928K
  class space    used 4900K, committed 5568K, reserved 315392K
}
Event: 4.180 GC heap before
{Heap before GC invocations=5 (full 0):
 garbage-first heap   total 262144K, used 33889K [0x00000000e0000000, 0x0000000100000000)
  region size 1024K, 10 young (10240K), 9 survivors (9216K)
 Metaspace       used 35003K, committed 36288K, reserved 380928K
  class space    used 4900K, committed 5568K, reserved 315392K
}
Event: 4.186 GC heap after
{Heap after GC invocations=6 (full 0):
 garbage-first heap   total 262144K, used 33957K [0x00000000e0000000, 0x0000000100000000)
  region size 1024K, 8 young (8192K), 8 survivors (8192K)
 Metaspace       used 35003K, committed 36288K, reserved 380928K
  class space    used 4900K, committed 5568K, reserved 315392K
}
Event: 4.214 GC heap before
{Heap before GC invocations=6 (full 0):
 garbage-first heap   total 262144K, used 34981K [0x00000000e0000000, 0x0000000100000000)
  region size 1024K, 10 young (10240K), 8 survivors (8192K)
 Metaspace       used 35355K, committed 36608K, reserved 380928K
  class space    used 4927K, committed 5568K, reserved 315392K
}
Event: 4.219 GC heap after
{Heap after GC invocations=7 (full 0):
 garbage-first heap   total 262144K, used 32093K [0x00000000e0000000, 0x0000000100000000)
  region size 1024K, 8 young (8192K), 8 survivors (8192K)
 Metaspace       used 35355K, committed 36608K, reserved 380928K
  class space    used 4927K, committed 5568K, reserved 315392K
}
Event: 6.259 GC heap before
{Heap before GC invocations=8 (full 0):
 garbage-first heap   total 262144K, used 181597K [0x00000000e0000000, 0x0000000100000000)
  region size 1024K, 153 young (156672K), 8 survivors (8192K)
 Metaspace       used 48972K, committed 50816K, reserved 380928K
  class space    used 7097K, committed 8000K, reserved 315392K
}
Event: 6.277 GC heap after
{Heap after GC invocations=9 (full 0):
 garbage-first heap   total 262144K, used 43179K [0x00000000e0000000, 0x0000000100000000)
  region size 1024K, 19 young (19456K), 19 survivors (19456K)
 Metaspace       used 48972K, committed 50816K, reserved 380928K
  class space    used 7097K, committed 8000K, reserved 315392K
}
Event: 7.284 GC heap before
{Heap before GC invocations=9 (full 0):
 garbage-first heap   total 262144K, used 93355K [0x00000000e0000000, 0x0000000100000000)
  region size 1024K, 70 young (71680K), 19 survivors (19456K)
 Metaspace       used 59309K, committed 61248K, reserved 380928K
  class space    used 8587K, committed 9536K, reserved 315392K
}
Event: 7.299 GC heap after
{Heap after GC invocations=10 (full 0):
 garbage-first heap   total 262144K, used 47394K [0x00000000e0000000, 0x0000000100000000)
  region size 1024K, 6 young (6144K), 6 survivors (6144K)
 Metaspace       used 59309K, committed 61248K, reserved 380928K
  class space    used 8587K, committed 9536K, reserved 315392K
}
Event: 7.326 GC heap before
{Heap before GC invocations=10 (full 0):
 garbage-first heap   total 262144K, used 48418K [0x00000000e0000000, 0x0000000100000000)
  region size 1024K, 8 young (8192K), 6 survivors (6144K)
 Metaspace       used 59630K, committed 61568K, reserved 380928K
  class space    used 8629K, committed 9600K, reserved 315392K
}
Event: 7.329 GC heap after
{Heap after GC invocations=11 (full 0):
 garbage-first heap   total 262144K, used 46837K [0x00000000e0000000, 0x0000000100000000)
  region size 1024K, 5 young (5120K), 5 survivors (5120K)
 Metaspace       used 59630K, committed 61568K, reserved 380928K
  class space    used 8629K, committed 9600K, reserved 315392K
}

Dll operation events (15 events):
Event: 0.005 Loaded shared library D:\Java\jdk-20.0.1\bin\java.dll
Event: 0.014 Loaded shared library D:\Java\jdk-20.0.1\bin\jsvml.dll
Event: 0.068 Loaded shared library D:\Java\jdk-20.0.1\bin\zip.dll
Event: 0.070 Loaded shared library D:\Java\jdk-20.0.1\bin\instrument.dll
Event: 0.073 Loaded shared library D:\Java\jdk-20.0.1\bin\net.dll
Event: 0.075 Loaded shared library D:\Java\jdk-20.0.1\bin\nio.dll
Event: 0.080 Loaded shared library D:\Java\jdk-20.0.1\bin\zip.dll
Event: 0.276 Loaded shared library D:\Java\jdk-20.0.1\bin\jimage.dll
Event: 0.333 Loaded shared library D:\Java\jdk-20.0.1\bin\verify.dll
Event: 0.475 Loaded shared library C:\Users\Dima\.gradle\native\c067742578af261105cb4f569cf0c3c89f3d7b1fecec35dd04571415982c5e48\windows-amd64\native-platform.dll
Event: 0.479 Loaded shared library C:\Users\Dima\.gradle\native\38dada09dfb8b06ba9b0570ebf7e218e3eb74d4ef43ca46872605cf95ebc2f47\windows-amd64\native-platform-file-events.dll
Event: 1.223 Loaded shared library D:\Java\jdk-20.0.1\bin\management.dll
Event: 1.224 Loaded shared library D:\Java\jdk-20.0.1\bin\management_ext.dll
Event: 1.426 Loaded shared library D:\Java\jdk-20.0.1\bin\extnet.dll
Event: 1.580 Loaded shared library D:\Java\jdk-20.0.1\bin\sunmscapi.dll

Deoptimization events (20 events):
Event: 8.144 Thread 0x0000013ce767f030 DEOPT PACKING pc=0x0000013cd4034d8c sp=0x00000005fdff8650
Event: 8.144 Thread 0x0000013ce767f030 DEOPT UNPACKING pc=0x0000013cd3859d22 sp=0x00000005fdff8610 mode 2
Event: 8.209 Thread 0x0000013ce767f030 DEOPT PACKING pc=0x0000013cccb0d854 sp=0x00000005fdffd2c0
Event: 8.209 Thread 0x0000013ce767f030 DEOPT UNPACKING pc=0x0000013cd385a4c2 sp=0x00000005fdffc738 mode 0
Event: 8.211 Thread 0x0000013ce767f030 Uncommon trap: trap_request=0xffffffc6 fr.pc=0x0000013cd3fe863c relative=0x000000000000029c
Event: 8.211 Thread 0x0000013ce767f030 Uncommon trap: reason=bimorphic_or_optimized_type_check action=maybe_recompile pc=0x0000013cd3fe863c method=java.util.stream.StreamOpFlag.fromCharacteristics(Ljava/util/Spliterator;)I @ 14 c2
Event: 8.211 Thread 0x0000013ce767f030 DEOPT PACKING pc=0x0000013cd3fe863c sp=0x00000005fdffd0c0
Event: 8.211 Thread 0x0000013ce767f030 DEOPT UNPACKING pc=0x0000013cd3859d22 sp=0x00000005fdffcfa8 mode 2
Event: 8.296 Thread 0x0000013ce767f030 Uncommon trap: trap_request=0xffffffc6 fr.pc=0x0000013cd3fe863c relative=0x000000000000029c
Event: 8.296 Thread 0x0000013ce767f030 Uncommon trap: reason=bimorphic_or_optimized_type_check action=maybe_recompile pc=0x0000013cd3fe863c method=java.util.stream.StreamOpFlag.fromCharacteristics(Ljava/util/Spliterator;)I @ 14 c2
Event: 8.296 Thread 0x0000013ce767f030 DEOPT PACKING pc=0x0000013cd3fe863c sp=0x00000005fdffd0c0
Event: 8.296 Thread 0x0000013ce767f030 DEOPT UNPACKING pc=0x0000013cd3859d22 sp=0x00000005fdffcfa8 mode 2
Event: 8.299 Thread 0x0000013ce767f030 Uncommon trap: trap_request=0xffffffc6 fr.pc=0x0000013cd3fe863c relative=0x000000000000029c
Event: 8.299 Thread 0x0000013ce767f030 Uncommon trap: reason=bimorphic_or_optimized_type_check action=maybe_recompile pc=0x0000013cd3fe863c method=java.util.stream.StreamOpFlag.fromCharacteristics(Ljava/util/Spliterator;)I @ 14 c2
Event: 8.299 Thread 0x0000013ce767f030 DEOPT PACKING pc=0x0000013cd3fe863c sp=0x00000005fdffd0c0
Event: 8.299 Thread 0x0000013ce767f030 DEOPT UNPACKING pc=0x0000013cd3859d22 sp=0x00000005fdffcfa8 mode 2
Event: 8.342 Thread 0x0000013ce7e79620 Uncommon trap: trap_request=0xffffffcc fr.pc=0x0000013cd41c06f4 relative=0x0000000000000154
Event: 8.342 Thread 0x0000013ce7e79620 Uncommon trap: reason=intrinsic_or_type_checked_inlining action=make_not_entrant pc=0x0000013cd41c06f4 method=java.util.ArrayList.toArray([Ljava/lang/Object;)[Ljava/lang/Object; @ 36 c2
Event: 8.342 Thread 0x0000013ce7e79620 DEOPT PACKING pc=0x0000013cd41c06f4 sp=0x00000005ff3fea20
Event: 8.342 Thread 0x0000013ce7e79620 DEOPT UNPACKING pc=0x0000013cd3859d22 sp=0x00000005ff3fea00 mode 2

Classes loaded (20 events):
Event: 8.218 Loading class java/io/ObjectStreamClass$ExceptionInfo
Event: 8.219 Loading class java/io/ObjectStreamClass$ExceptionInfo done
Event: 8.322 Loading class java/util/CollectionsBeanInfo
Event: 8.322 Loading class java/util/CollectionsBeanInfo done
Event: 8.323 Loading class java/util/CollectionsBeanInfo
Event: 8.323 Loading class java/util/CollectionsBeanInfo done
Event: 8.323 Loading class java/util/CollectionsCustomizer
Event: 8.323 Loading class java/util/CollectionsCustomizer done
Event: 8.324 Loading class java/util/CollectionsCustomizer
Event: 8.324 Loading class java/util/CollectionsCustomizer done
Event: 8.342 Loading class java/lang/ProcessImpl
Event: 8.342 Loading class java/lang/ProcessImpl done
Event: 8.345 Loading class java/lang/ProcessHandleImpl
Event: 8.346 Loading class java/lang/ProcessHandleImpl done
Event: 8.347 Loading class java/lang/ProcessImpl$2
Event: 8.347 Loading class java/lang/ProcessImpl$2 done
Event: 8.347 Loading class java/lang/Process$PipeInputStream
Event: 8.347 Loading class java/lang/Process$PipeInputStream done
Event: 8.347 Loading class jdk/internal/event/ProcessStartEvent
Event: 8.347 Loading class jdk/internal/event/ProcessStartEvent done

Classes unloaded (0 events):
No events

Classes redefined (0 events):
No events

Internal exceptions (20 events):
Event: 8.067 Thread 0x0000013ce767f030 Exception <a 'sun/nio/fs/WindowsException'{0x00000000eca6e9b0}> (0x00000000eca6e9b0) 
thrown [s\open\src\hotspot\share\prims\jni.cpp, line 519]
Event: 8.084 Thread 0x0000013ce767f030 Exception <a 'sun/nio/fs/WindowsException'{0x00000000ecaebd70}> (0x00000000ecaebd70) 
thrown [s\open\src\hotspot\share\prims\jni.cpp, line 519]
Event: 8.093 Thread 0x0000013ce767f030 Exception <a 'sun/nio/fs/WindowsException'{0x00000000ec92c7a8}> (0x00000000ec92c7a8) 
thrown [s\open\src\hotspot\share\prims\jni.cpp, line 519]
Event: 8.101 Thread 0x0000013ce767f030 Exception <a 'sun/nio/fs/WindowsException'{0x00000000ec9926c8}> (0x00000000ec9926c8) 
thrown [s\open\src\hotspot\share\prims\jni.cpp, line 519]
Event: 8.106 Thread 0x0000013ce767f030 Exception <a 'sun/nio/fs/WindowsException'{0x00000000ec9aa948}> (0x00000000ec9aa948) 
thrown [s\open\src\hotspot\share\prims\jni.cpp, line 519]
Event: 8.111 Thread 0x0000013ce767f030 Exception <a 'sun/nio/fs/WindowsException'{0x00000000ec9ba808}> (0x00000000ec9ba808) 
thrown [s\open\src\hotspot\share\prims\jni.cpp, line 519]
Event: 8.115 Thread 0x0000013ce767f030 Exception <a 'sun/nio/fs/WindowsException'{0x00000000ec9c8000}> (0x00000000ec9c8000) 
thrown [s\open\src\hotspot\share\prims\jni.cpp, line 519]
Event: 8.144 Thread 0x0000013ce767f030 Implicit null exception at 0x0000013cd4034cf0 to 0x0000013cd4034d81
Event: 8.210 Thread 0x0000013ce473e3e0 Exception <a 'java/lang/NoSuchMethodError'{0x00000000eff90b60}: static Lorg/gradle/internal/build/event/types/DefaultTaskFinishedProgressEvent;.<clinit>()V> (0x00000000eff90b60) 
thrown [s\open\src\hotspot\share\prims\jni.cpp, line 1105]
Event: 8.214 Thread 0x0000013ce473e3e0 Exception <a 'java/lang/NoSuchMethodError'{0x00000000ec356c78}: static Lorg/gradle/internal/build/event/types/DefaultJavaCompileTaskSuccessResult;.<clinit>()V> (0x00000000ec356c78) 
thrown [s\open\src\hotspot\share\prims\jni.cpp, line 1105]
Event: 8.214 Thread 0x0000013ce473e3e0 Exception <a 'java/lang/NoSuchMethodError'{0x00000000ec3584d0}: static Lorg/gradle/internal/build/event/types/DefaultTaskSuccessResult;.<clinit>()V> (0x00000000ec3584d0) 
thrown [s\open\src\hotspot\share\prims\jni.cpp, line 1105]
Event: 8.214 Thread 0x0000013ce473e3e0 Exception <a 'java/lang/NoSuchMethodError'{0x00000000ec359690}: static Lorg/gradle/internal/build/event/types/AbstractTaskResult;.<clinit>()V> (0x00000000ec359690) 
thrown [s\open\src\hotspot\share\prims\jni.cpp, line 1105]
Event: 8.215 Thread 0x0000013ce473e3e0 Exception <a 'java/lang/NoSuchMethodError'{0x00000000ec35ac00}: static Lorg/gradle/internal/build/event/types/AbstractResult;.<clinit>()V> (0x00000000ec35ac00) 
thrown [s\open\src\hotspot\share\prims\jni.cpp, line 1105]
Event: 8.219 Thread 0x0000013ce473e3e0 Exception <a 'java/lang/NoSuchMethodError'{0x00000000ec379ef8}: static [Ljava/lang/Object;.<clinit>()V> (0x00000000ec379ef8) 
thrown [s\open\src\hotspot\share\prims\jni.cpp, line 1105]
Event: 8.323 Thread 0x0000013ce767f030 Exception <a 'java/lang/ClassNotFoundException'{0x00000000ebf150c8}: java/util/CollectionsBeanInfo> (0x00000000ebf150c8) 
thrown [s\open\src\hotspot\share\classfile\systemDictionary.cpp, line 305]
Event: 8.324 Thread 0x0000013ce767f030 Exception <a 'java/lang/ClassNotFoundException'{0x00000000ebf1b008}: java/util/CollectionsCustomizer> (0x00000000ebf1b008) 
thrown [s\open\src\hotspot\share\classfile\systemDictionary.cpp, line 305]
Event: 8.344 Thread 0x0000013ce7e79620 Exception <a 'java/lang/NoSuchMethodError'{0x00000000ebe0d800}: 'void java.lang.invoke.DirectMethodHandle$Holder.invokeStatic(java.lang.Object, long)'> (0x00000000ebe0d800) 
thrown [s\open\src\hotspot\share\interpreter\linkResolver.cpp, line 773]
Event: 8.345 Thread 0x0000013ce7e79620 Exception <a 'java/lang/NoSuchMethodError'{0x00000000ebe129b0}: 'java.lang.Object java.lang.invoke.DirectMethodHandle$Holder.newInvokeSpecial(java.lang.Object, long)'> (0x00000000ebe129b0) 
thrown [s\open\src\hotspot\share\interpreter\linkResolver.cpp, line 773]
Event: 8.346 Thread 0x0000013ce7e79620 Exception <a 'java/lang/NoSuchMethodError'{0x00000000ebe1c058}: 'java.lang.Object java.lang.invoke.DirectMethodHandle$Holder.invokeStatic(java.lang.Object, long, java.lang.Object)'> (0x00000000ebe1c058) 
thrown [s\open\src\hotspot\share\interpreter\linkResolver.cpp, line 773]
Event: 8.346 Thread 0x0000013ce7e79620 Exception <a 'java/lang/NoSuchMethodError'{0x00000000ebe1f5c0}: 'java.lang.Object java.lang.invoke.DirectMethodHandle$Holder.invokeStaticInit(java.lang.Object, long, java.lang.Object)'> (0x00000000ebe1f5c0) 
thrown [s\open\src\hotspot\share\interpreter\linkResolver.cpp, line 773]

VM Operations (20 events):
Event: 7.737 Executing VM operation: HandshakeAllThreads
Event: 7.737 Executing VM operation: HandshakeAllThreads done
Event: 7.773 Executing VM operation: ICBufferFull
Event: 7.774 Executing VM operation: ICBufferFull done
Event: 7.814 Executing VM operation: HandshakeAllThreads
Event: 7.814 Executing VM operation: HandshakeAllThreads done
Event: 7.825 Executing VM operation: ICBufferFull
Event: 7.825 Executing VM operation: ICBufferFull done
Event: 7.937 Executing VM operation: HandshakeAllThreads
Event: 7.937 Executing VM operation: HandshakeAllThreads done
Event: 7.947 Executing VM operation: ICBufferFull
Event: 7.947 Executing VM operation: ICBufferFull done
Event: 8.042 Executing VM operation: ICBufferFull
Event: 8.042 Executing VM operation: ICBufferFull done
Event: 8.200 Executing VM operation: HandshakeAllThreads
Event: 8.200 Executing VM operation: HandshakeAllThreads done
Event: 8.208 Executing VM operation: HandshakeAllThreads
Event: 8.208 Executing VM operation: HandshakeAllThreads done
Event: 8.214 Executing VM operation: ICBufferFull
Event: 8.214 Executing VM operation: ICBufferFull done

Events (20 events):
Event: 7.368 Thread 0x0000013cdeb28210 flushing nmethod 0x0000013cd3eb5790
Event: 7.368 Thread 0x0000013cdeb28210 flushing nmethod 0x0000013cd3e9a510
Event: 7.368 Thread 0x0000013cdeb28210 flushing nmethod 0x0000013cd3ef3b90
Event: 7.368 Thread 0x0000013cdeb28210 flushing nmethod 0x0000013cd3e8fd90
Event: 7.368 Thread 0x0000013cdeb28210 flushing nmethod 0x0000013cd3e7a610
Event: 7.368 Thread 0x0000013cdeb28210 flushing nmethod 0x0000013cd3e2d290
Event: 7.368 Thread 0x0000013cdeb28210 flushing nmethod 0x0000013cd3e28190
Event: 7.368 Thread 0x0000013cdeb28210 flushing nmethod 0x0000013cd3eb4710
Event: 7.368 Thread 0x0000013cdeb28210 flushing nmethod 0x0000013cd3eb3710
Event: 7.368 Thread 0x0000013cdeb28210 flushing nmethod 0x0000013cd3e70710
Event: 7.368 Thread 0x0000013cdeb28210 flushing nmethod 0x0000013cd3df1d90
Event: 7.368 Thread 0x0000013cdeb28210 flushing nmethod 0x0000013cd3e3b490
Event: 7.368 Thread 0x0000013cdeb28210 flushing nmethod 0x0000013cd3e0bf90
Event: 7.368 Thread 0x0000013cdeb28210 flushing nmethod 0x0000013cd3e05510
Event: 7.368 Thread 0x0000013cdeb28210 flushing nmethod 0x0000013cd3d90a10
Event: 8.340 Thread 0x0000013ce7e79620 Thread added: 0x0000013ce7e79620
Event: 8.348 Thread 0x0000013ce7e77640 Thread added: 0x0000013ce7e77640
Event: 8.349 Thread 0x0000013ce7e77b90 Thread added: 0x0000013ce7e77b90
Event: 8.349 Thread 0x0000013ce7e79b70 Thread added: 0x0000013ce7e79b70
Event: 8.349 Thread 0x0000013ce7e7a0c0 Thread added: 0x0000013ce7e7a0c0


Dynamic libraries:
0x00007ff646240000 - 0x00007ff64624e000 	D:\Java\jdk-20.0.1\bin\java.exe
0x00007ffdbad70000 - 0x00007ffdbaf68000 	C:\WINDOWS\SYSTEM32\ntdll.dll
0x00007ffdbac70000 - 0x00007ffdbad2d000 	C:\WINDOWS\System32\KERNEL32.DLL
0x00007ffdb88c0000 - 0x00007ffdb8bb6000 	C:\WINDOWS\System32\KERNELBASE.dll
0x00007ffdb8c70000 - 0x00007ffdb8d70000 	C:\WINDOWS\System32\ucrtbase.dll
0x00007ffdb3dc0000 - 0x00007ffdb3dd7000 	D:\Java\jdk-20.0.1\bin\jli.dll
0x00007ffdb3da0000 - 0x00007ffdb3dbb000 	D:\Java\jdk-20.0.1\bin\VCRUNTIME140.dll
0x00007ffdb9b30000 - 0x00007ffdb9ccf000 	C:\WINDOWS\System32\USER32.dll
0x00007ffdb8420000 - 0x00007ffdb8442000 	C:\WINDOWS\System32\win32u.dll
0x00007ffda7de0000 - 0x00007ffda807a000 	C:\WINDOWS\WinSxS\amd64_microsoft.windows.common-controls_6595b64144ccf1df_6.0.19041.4355_none_60b8b9eb71f62e16\COMCTL32.dll
0x00007ffdb9630000 - 0x00007ffdb965b000 	C:\WINDOWS\System32\GDI32.dll
0x00007ffdb8ed0000 - 0x00007ffdb8f6e000 	C:\WINDOWS\System32\msvcrt.dll
0x00007ffdb8450000 - 0x00007ffdb8567000 	C:\WINDOWS\System32\gdi32full.dll
0x00007ffdb87b0000 - 0x00007ffdb884d000 	C:\WINDOWS\System32\msvcp_win.dll
0x00007ffdbab00000 - 0x00007ffdbab32000 	C:\WINDOWS\System32\IMM32.DLL
0x00007ffdb3df0000 - 0x00007ffdb3dfc000 	D:\Java\jdk-20.0.1\bin\vcruntime140_1.dll
0x00007ffd93fe0000 - 0x00007ffd9406e000 	D:\Java\jdk-20.0.1\bin\msvcp140.dll
0x00007ffd75320000 - 0x00007ffd75fb7000 	D:\Java\jdk-20.0.1\bin\server\jvm.dll
0x00007ffdba800000 - 0x00007ffdba8b0000 	C:\WINDOWS\System32\ADVAPI32.dll
0x00007ffdb99e0000 - 0x00007ffdb9a80000 	C:\WINDOWS\System32\sechost.dll
0x00007ffdb8f70000 - 0x00007ffdb9093000 	C:\WINDOWS\System32\RPCRT4.dll
0x00007ffdb8d70000 - 0x00007ffdb8d97000 	C:\WINDOWS\System32\bcrypt.dll
0x00007ffdb34b0000 - 0x00007ffdb34b9000 	C:\WINDOWS\SYSTEM32\WSOCK32.dll
0x00007ffda8290000 - 0x00007ffda82b7000 	C:\WINDOWS\SYSTEM32\WINMM.dll
0x00007ffdb1ff0000 - 0x00007ffdb1ffa000 	C:\WINDOWS\SYSTEM32\VERSION.dll
0x00007ffdba550000 - 0x00007ffdba5bb000 	C:\WINDOWS\System32\WS2_32.dll
0x00007ffdb62a0000 - 0x00007ffdb62b2000 	C:\WINDOWS\SYSTEM32\kernel.appcore.dll
0x00007ffdb30a0000 - 0x00007ffdb30aa000 	D:\Java\jdk-20.0.1\bin\jimage.dll
0x00007ffd969f0000 - 0x00007ffd96bd4000 	C:\WINDOWS\SYSTEM32\DBGHELP.DLL
0x00007ffd969b0000 - 0x00007ffd969e4000 	C:\WINDOWS\SYSTEM32\dbgcore.DLL
0x00007ffdb8570000 - 0x00007ffdb85f2000 	C:\WINDOWS\System32\bcryptPrimitives.dll
0x00007ffdb1a70000 - 0x00007ffdb1a7e000 	D:\Java\jdk-20.0.1\bin\instrument.dll
0x00007ffd99cd0000 - 0x00007ffd99cf6000 	D:\Java\jdk-20.0.1\bin\java.dll
0x00007ffd875f0000 - 0x00007ffd876c7000 	D:\Java\jdk-20.0.1\bin\jsvml.dll
0x00007ffdb9de0000 - 0x00007ffdba54b000 	C:\WINDOWS\System32\SHELL32.dll
0x00007ffdb64a0000 - 0x00007ffdb6c3d000 	C:\WINDOWS\SYSTEM32\windows.storage.dll
0x00007ffdb9680000 - 0x00007ffdb99d3000 	C:\WINDOWS\System32\combase.dll
0x00007ffdb7e40000 - 0x00007ffdb7e6e000 	C:\WINDOWS\SYSTEM32\Wldp.dll
0x00007ffdbaba0000 - 0x00007ffdbac6d000 	C:\WINDOWS\System32\OLEAUT32.dll
0x00007ffdb9d30000 - 0x00007ffdb9ddd000 	C:\WINDOWS\System32\SHCORE.dll
0x00007ffdb9cd0000 - 0x00007ffdb9d25000 	C:\WINDOWS\System32\shlwapi.dll
0x00007ffdb8350000 - 0x00007ffdb8374000 	C:\WINDOWS\SYSTEM32\profapi.dll
0x00007ffda7850000 - 0x00007ffda7868000 	D:\Java\jdk-20.0.1\bin\zip.dll
0x00007ffda45e0000 - 0x00007ffda45f3000 	D:\Java\jdk-20.0.1\bin\net.dll
0x00007ffdaefb0000 - 0x00007ffdaf0ba000 	C:\WINDOWS\SYSTEM32\WINHTTP.dll
0x00007ffdb7b50000 - 0x00007ffdb7bba000 	C:\WINDOWS\system32\mswsock.dll
0x00007ffda25a0000 - 0x00007ffda25b6000 	D:\Java\jdk-20.0.1\bin\nio.dll
0x00007ffdae590000 - 0x00007ffdae5a0000 	D:\Java\jdk-20.0.1\bin\verify.dll
0x00007ffd894f0000 - 0x00007ffd89517000 	C:\Users\Dima\.gradle\native\c067742578af261105cb4f569cf0c3c89f3d7b1fecec35dd04571415982c5e48\windows-amd64\native-platform.dll
0x00007ffd86a80000 - 0x00007ffd86bc4000 	C:\Users\Dima\.gradle\native\38dada09dfb8b06ba9b0570ebf7e218e3eb74d4ef43ca46872605cf95ebc2f47\windows-amd64\native-platform-file-events.dll
0x00007ffda7dd0000 - 0x00007ffda7dda000 	D:\Java\jdk-20.0.1\bin\management.dll
0x00007ffda78f0000 - 0x00007ffda78fb000 	D:\Java\jdk-20.0.1\bin\management_ext.dll
0x00007ffdbaaf0000 - 0x00007ffdbaaf8000 	C:\WINDOWS\System32\PSAPI.DLL
0x00007ffdb7da0000 - 0x00007ffdb7db8000 	C:\WINDOWS\SYSTEM32\CRYPTSP.dll
0x00007ffdb73f0000 - 0x00007ffdb7424000 	C:\WINDOWS\system32\rsaenh.dll
0x00007ffdb8300000 - 0x00007ffdb832e000 	C:\WINDOWS\SYSTEM32\USERENV.dll
0x00007ffdb7d90000 - 0x00007ffdb7d9c000 	C:\WINDOWS\SYSTEM32\CRYPTBASE.dll
0x00007ffdb7810000 - 0x00007ffdb784b000 	C:\WINDOWS\SYSTEM32\IPHLPAPI.DLL
0x00007ffdba6b0000 - 0x00007ffdba6b8000 	C:\WINDOWS\System32\NSI.dll
0x00007ffdb0c40000 - 0x00007ffdb0c57000 	C:\WINDOWS\SYSTEM32\dhcpcsvc6.DLL
0x00007ffdb0c20000 - 0x00007ffdb0c3d000 	C:\WINDOWS\SYSTEM32\dhcpcsvc.DLL
0x00007ffdb7850000 - 0x00007ffdb791b000 	C:\WINDOWS\SYSTEM32\DNSAPI.dll
0x00007ffda7830000 - 0x00007ffda7837000 	D:\Java\jdk-20.0.1\bin\extnet.dll
0x00007ffda51c0000 - 0x00007ffda51ce000 	D:\Java\jdk-20.0.1\bin\sunmscapi.dll
0x00007ffdb8600000 - 0x00007ffdb875e000 	C:\WINDOWS\System32\CRYPT32.dll
0x00007ffdb7eb0000 - 0x00007ffdb7ed9000 	C:\WINDOWS\SYSTEM32\ncrypt.dll
0x00007ffdb7e70000 - 0x00007ffdb7eab000 	C:\WINDOWS\SYSTEM32\NTASN1.dll
0x00007ffda4670000 - 0x00007ffda4677000 	C:\WINDOWS\system32\wshunix.dll

dbghelp: loaded successfully - version: 4.0.5 - missing functions: none
symbol engine: initialized successfully - sym options: 0x614 - pdb path: .;D:\Java\jdk-20.0.1\bin;C:\WINDOWS\SYSTEM32;C:\WINDOWS\WinSxS\amd64_microsoft.windows.common-controls_6595b64144ccf1df_6.0.19041.4355_none_60b8b9eb71f62e16;D:\Java\jdk-20.0.1\bin\server;C:\Users\Dima\.gradle\native\c067742578af261105cb4f569cf0c3c89f3d7b1fecec35dd04571415982c5e48\windows-amd64;C:\Users\Dima\.gradle\native\38dada09dfb8b06ba9b0570ebf7e218e3eb74d4ef43ca46872605cf95ebc2f47\windows-amd64

VM Arguments:
jvm_args: --add-opens=java.base/java.util=ALL-UNNAMED --add-opens=java.base/java.lang=ALL-UNNAMED --add-opens=java.base/java.lang.invoke=ALL-UNNAMED --add-opens=java.prefs/java.util.prefs=ALL-UNNAMED --add-opens=java.base/java.nio.charset=ALL-UNNAMED --add-opens=java.base/java.net=ALL-UNNAMED --add-opens=java.base/java.util.concurrent.atomic=ALL-UNNAMED -XX:MaxMetaspaceSize=384m -XX:+HeapDumpOnOutOfMemoryError -Xms256m -Xmx512m -Dfile.encoding=windows-1251 -Duser.country=US -Duser.language=en -Duser.variant -javaagent:C:\Users\Dima\.gradle\wrapper\dists\gradle-8.4-bin\1w5dpkrfk8irigvoxmyhowfim\gradle-8.4\lib\agents\gradle-instrumentation-agent-8.4.jar 
java_command: org.gradle.launcher.daemon.bootstrap.GradleDaemon 8.4
java_class_path (initial): C:\Users\Dima\.gradle\wrapper\dists\gradle-8.4-bin\1w5dpkrfk8irigvoxmyhowfim\gradle-8.4\lib\gradle-launcher-8.4.jar
Launcher Type: SUN_STANDARD

[Global flags]
     intx CICompilerCount                          = 4                                         {product} {ergonomic}
   size_t CompressedClassSpaceSize                 = 322961408                                 {product} {ergonomic}
     uint ConcGCThreads                            = 2                                         {product} {ergonomic}
     uint G1ConcRefinementThreads                  = 8                                         {product} {ergonomic}
   size_t G1HeapRegionSize                         = 1048576                                   {product} {ergonomic}
    uintx GCDrainStackTargetSize                   = 64                                        {product} {ergonomic}
     bool HeapDumpOnOutOfMemoryError               = true                                   {manageable} {command line}
   size_t InitialHeapSize                          = 268435456                                 {product} {command line}
   size_t MarkStackSize                            = 4194304                                   {product} {ergonomic}
   size_t MaxHeapSize                              = 536870912                                 {product} {command line}
   size_t MaxMetaspaceSize                         = 402653184                                 {product} {command line}
   size_t MaxNewSize                               = 321912832                                 {product} {ergonomic}
   size_t MinHeapDeltaBytes                        = 1048576                                   {product} {ergonomic}
   size_t MinHeapSize                              = 268435456                                 {product} {command line}
    uintx NonNMethodCodeHeapSize                   = 5839372                                {pd product} {ergonomic}
    uintx NonProfiledCodeHeapSize                  = 122909434                              {pd product} {ergonomic}
    uintx ProfiledCodeHeapSize                     = 122909434                              {pd product} {ergonomic}
    uintx ReservedCodeCacheSize                    = 251658240                              {pd product} {ergonomic}
     bool SegmentedCodeCache                       = true                                      {product} {ergonomic}
   size_t SoftMaxHeapSize                          = 536870912                              {manageable} {ergonomic}
     bool UseCompressedClassPointers               = true                           {product lp64_product} {ergonomic}
     bool UseCompressedOops                        = true                           {product lp64_product} {ergonomic}
     bool UseG1GC                                  = true                                      {product} {ergonomic}
     bool UseLargePagesIndividualAllocation        = false                                  {pd product} {ergonomic}

Logging:
Log output configuration:
 #0: stdout all=warning uptime,level,tags foldmultilines=false
 #1: stderr all=off uptime,level,tags foldmultilines=false

Environment Variables:
PATH=D:\Java\jdk-20.0.1\bin;C:\WINDOWS\system32;C:\WINDOWS;C:\WINDOWS\System32\Wbem;C:\WINDOWS\System32\WindowsPowerShell\v1.0\;C:\WINDOWS\System32\OpenSSH\;C:\Program Files\dotnet\;C:\Program Files\Microsoft SQL Server\130\Tools\Binn\;C:\Program Files (x86)\dotnet\;D:\runtime\win64;D:\Mat\runtime\win64;D:\Matlab\runtime\win64;D:\jdk-20.0.1\bin;D:\Mat\bin;D:\Mat\polyspace\bin;D:\bin;D:\polyspace\bin;C:\Program Files (x86)\Microsoft SQL Server\150\DTS\Binn\;C:\Program Files\Azure Data Studio\bin;C:\Program Files\Git\cmd;C:\Users\Dima\AppData\Local\Programs\Python\Python310\Scripts\;C:\Users\Dima\AppData\Local\Programs\Python\Python310\;C:\Users\Dima\AppData\Local\Microsoft\WindowsApps;C:\Users\Dima\AppData\Local\atom\bin;C:\Users\Dima\AppData\Local\Microsoft\WindowsApps;C:\Users\Dima\.dotnet\tools;C:\Program Files\Azure Data Studio\bin;C:\Program Files\CMake\bin;C:\OpenCV\x64\vc16\bin;C:\Users\Dima\AppData\Local\GitHubDesktop\bin;
USERNAME=Dima
OS=Windows_NT
PROCESSOR_IDENTIFIER=Intel64 Family 6 Model 142 Stepping 10, GenuineIntel
TMP=C:\Users\Dima\AppData\Local\Temp
TEMP=C:\Users\Dima\AppData\Local\Temp




---------------  S Y S T E M  ---------------

OS:
 Windows 10 , 64 bit Build 19041 (10.0.19041.3636)
OS uptime: 23 days 16:42 hours

CPU: total 8 (initial active 8) (4 cores per cpu, 2 threads per core) family 6 model 142 stepping 10 microcode 0xb4, cx8, cmov, fxsr, ht, mmx, 3dnowpref, sse, sse2, sse3, ssse3, sse4.1, sse4.2, popcnt, lzcnt, tsc, tscinvbit, avx, avx2, aes, erms, clmul, bmi1, bmi2, adx, fma, vzeroupper, clflush, clflushopt, rdtscp, f16c

Memory: 4k page, system-wide physical 16258M (5880M free)
TotalPageFile size 32877M (AvailPageFile size 4M)
current process WorkingSet (physical memory assigned to process): 434M, peak: 434M
current process commit charge ("private bytes"): 515M, peak: 517M

vm_info: OpenJDK 64-Bit Server VM (20.0.1+9-29) for windows-amd64 JRE (20.0.1+9-29), built on 2023-03-07T13:56:11Z by "mach5one" with MS VC++ 17.1 (VS2022)

END.
