#
# There is insufficient memory for the Java Runtime Environment to continue.
# Native memory allocation (mmap) failed to map 65536 bytes for Failed to commit metaspace.
# Possible reasons:
#   The system is out of physical RAM or swap space
#   The process is running with CompressedOops enabled, and the Java Heap may be blocking the growth of the native heap
# Possible solutions:
#   Reduce memory load on the system
#   Increase physical memory or swap space
#   Check if swap backing store is full
#   Decrease Java heap size (-Xmx/-Xms)
#   Decrease number of Java threads
#   Decrease Java thread stack sizes (-Xss)
#   Set larger code cache with -XX:ReservedCodeCacheSize=
#   JVM is running with Zero Based Compressed Oops mode in which the Java heap is
#     placed in the first 32GB address space. The Java Heap base address is the
#     maximum limit for the native heap growth. Please use -XX:HeapBaseMinAddress
#     to set the Java Heap base and to place the Java Heap above 32GB virtual address.
# This output file may be truncated or incomplete.
#
#  Out of Memory Error (virtualSpaceNode.cpp:110), pid=3992, tid=26144
#
# JRE version: OpenJDK Runtime Environment (20.0.1+9) (build 20.0.1+9-29)
# Java VM: OpenJDK 64-Bit Server VM (20.0.1+9-29, mixed mode, sharing, tiered, compressed oops, compressed class ptrs, g1 gc, windows-amd64)
# No core dump will be written. Minidumps are not enabled by default on client versions of Windows
#

---------------  S U M M A R Y ------------

Command Line: -Dfile.encoding=windows-1251 -Duser.country=US -Duser.language=en -Duser.variant org.cherepovskyi.game.main.Main

Host: Intel(R) Core(TM) i5-8250U CPU @ 1.60GHz, 8 cores, 15G,  Windows 10 , 64 bit Build 19041 (10.0.19041.3636)
Time: Mon Jun 10 07:08:55 2024 E. Europe Daylight Time elapsed time: 0.083525 seconds (0d 0h 0m 0s)

---------------  T H R E A D  ---------------

Current thread (0x000001e793872620):  JavaThread "main" [_thread_in_vm, id=26144, stack(0x000000b6aab00000,0x000000b6aac00000)]

Stack: [0x000000b6aab00000,0x000000b6aac00000]
Native frames: (J=compiled Java code, j=interpreted, Vv=VM code, C=native code)
V  [jvm.dll+0x6bb95a]
V  [jvm.dll+0x8485fa]
V  [jvm.dll+0x84a1f5]
V  [jvm.dll+0x84a8f3]
V  [jvm.dll+0x280b0f]
V  [jvm.dll+0x84453b]
V  [jvm.dll+0x65fd86]
V  [jvm.dll+0x65fdea]
V  [jvm.dll+0x6626c3]
V  [jvm.dll+0x66258e]
V  [jvm.dll+0x66079e]
V  [jvm.dll+0x26c66f]
V  [jvm.dll+0x66add5]
V  [jvm.dll+0x21b442]
V  [jvm.dll+0x21b975]
V  [jvm.dll+0x21c361]
V  [jvm.dll+0x211780]
V  [jvm.dll+0x59c26c]
V  [jvm.dll+0x222d6a]
V  [jvm.dll+0x7c2cb4]
V  [jvm.dll+0x7c3dff]
V  [jvm.dll+0x7c45c0]
V  [jvm.dll+0x21c775]
V  [jvm.dll+0x211799]
V  [jvm.dll+0x59c26c]
V  [jvm.dll+0x222d6a]
V  [jvm.dll+0x7c2cb4]
V  [jvm.dll+0x7c3dff]
V  [jvm.dll+0x7c43af]
V  [jvm.dll+0x472b06]
C  [java.dll+0x1a55]

Java frames: (J=compiled Java code, j=interpreted, Vv=VM code)
j  java.lang.ClassLoader.findBootstrapClass(Ljava/lang/String;)Ljava/lang/Class;+0 java.base@20.0.1
j  java.lang.ClassLoader.findBootstrapClassOrNull(Ljava/lang/String;)Ljava/lang/Class;+10 java.base@20.0.1
j  java.lang.System$2.findBootstrapClassOrNull(Ljava/lang/String;)Ljava/lang/Class;+1 java.base@20.0.1
j  jdk.internal.loader.ClassLoaders$BootClassLoader.loadClassOrNull(Ljava/lang/String;Z)Ljava/lang/Class;+4 java.base@20.0.1
j  jdk.internal.loader.BuiltinClassLoader.loadClassOrNull(Ljava/lang/String;)Ljava/lang/Class;+3 java.base@20.0.1
j  jdk.internal.loader.BuiltinClassLoader.loadClassOrNull(Ljava/lang/String;Z)Ljava/lang/Class;+66 java.base@20.0.1
j  jdk.internal.loader.BuiltinClassLoader.loadClass(Ljava/lang/String;Z)Ljava/lang/Class;+3 java.base@20.0.1
j  jdk.internal.loader.ClassLoaders$AppClassLoader.loadClass(Ljava/lang/String;Z)Ljava/lang/Class;+36 java.base@20.0.1
j  java.lang.ClassLoader.loadClass(Ljava/lang/String;)Ljava/lang/Class;+3 java.base@20.0.1
v  ~StubRoutines::call_stub 0x000001e7a2e6100d
j  java.lang.ClassLoader.defineClass1(Ljava/lang/ClassLoader;Ljava/lang/String;[BIILjava/security/ProtectionDomain;Ljava/lang/String;)Ljava/lang/Class;+0 java.base@20.0.1
j  java.lang.ClassLoader.defineClass(Ljava/lang/String;[BIILjava/security/ProtectionDomain;)Ljava/lang/Class;+27 java.base@20.0.1
j  java.security.SecureClassLoader.defineClass(Ljava/lang/String;[BIILjava/security/CodeSource;)Ljava/lang/Class;+12 java.base@20.0.1
j  jdk.internal.loader.BuiltinClassLoader.defineClass(Ljava/lang/String;Ljdk/internal/loader/Resource;)Ljava/lang/Class;+117 java.base@20.0.1
j  jdk.internal.loader.BuiltinClassLoader.findClassOnClassPathOrNull(Ljava/lang/String;)Ljava/lang/Class;+37 java.base@20.0.1
j  jdk.internal.loader.BuiltinClassLoader.loadClassOrNull(Ljava/lang/String;Z)Ljava/lang/Class;+111 java.base@20.0.1
j  jdk.internal.loader.BuiltinClassLoader.loadClass(Ljava/lang/String;Z)Ljava/lang/Class;+3 java.base@20.0.1
j  jdk.internal.loader.ClassLoaders$AppClassLoader.loadClass(Ljava/lang/String;Z)Ljava/lang/Class;+36 java.base@20.0.1
j  java.lang.ClassLoader.loadClass(Ljava/lang/String;)Ljava/lang/Class;+3 java.base@20.0.1
v  ~StubRoutines::call_stub 0x000001e7a2e6100d
j  java.lang.Class.getDeclaredMethods0(Z)[Ljava/lang/reflect/Method;+0 java.base@20.0.1
j  java.lang.Class.privateGetDeclaredMethods(Z)[Ljava/lang/reflect/Method;+34 java.base@20.0.1
j  java.lang.Class.getMethodsRecursive(Ljava/lang/String;[Ljava/lang/Class;Z)Ljava/lang/PublicMethods$MethodList;+2 java.base@20.0.1
j  java.lang.Class.getMethod0(Ljava/lang/String;[Ljava/lang/Class;)Ljava/lang/reflect/Method;+14 java.base@20.0.1
j  java.lang.Class.getMethod(Ljava/lang/String;[Ljava/lang/Class;)Ljava/lang/reflect/Method;+26 java.base@20.0.1
j  sun.launcher.LauncherHelper.validateMainClass(Ljava/lang/Class;)V+16 java.base@20.0.1
j  sun.launcher.LauncherHelper.checkAndLoadMain(ZILjava/lang/String;)Ljava/lang/Class;+80 java.base@20.0.1
v  ~StubRoutines::call_stub 0x000001e7a2e6100d

---------------  P R O C E S S  ---------------

Threads class SMR info:
_java_thread_list=0x000001e7b712cc60, length=11, elements={
0x000001e793872620, 0x000001e7b2e5a520, 0x000001e7b2e5c070, 0x000001e7b2e5dd70,
0x000001e7b2e5e8b0, 0x000001e7b2e62dc0, 0x000001e7b2e65eb0, 0x000001e7b2e6efd0,
0x000001e7b2e92110, 0x000001e7b7133af0, 0x000001e7b713ac60
}

Java Threads: ( => current thread )
=>0x000001e793872620 JavaThread "main" [_thread_in_vm, id=26144, stack(0x000000b6aab00000,0x000000b6aac00000)]
  0x000001e7b2e5a520 JavaThread "Reference Handler" daemon [_thread_blocked, id=6524, stack(0x000000b6ab200000,0x000000b6ab300000)]
  0x000001e7b2e5c070 JavaThread "Finalizer" daemon [_thread_blocked, id=26264, stack(0x000000b6ab300000,0x000000b6ab400000)]
  0x000001e7b2e5dd70 JavaThread "Signal Dispatcher" daemon [_thread_blocked, id=18976, stack(0x000000b6ab400000,0x000000b6ab500000)]
  0x000001e7b2e5e8b0 JavaThread "Attach Listener" daemon [_thread_blocked, id=19204, stack(0x000000b6ab500000,0x000000b6ab600000)]
  0x000001e7b2e62dc0 JavaThread "Service Thread" daemon [_thread_blocked, id=1116, stack(0x000000b6ab600000,0x000000b6ab700000)]
  0x000001e7b2e65eb0 JavaThread "Monitor Deflation Thread" daemon [_thread_blocked, id=12972, stack(0x000000b6ab700000,0x000000b6ab800000)]
  0x000001e7b2e6efd0 JavaThread "C2 CompilerThread0" daemon [_thread_blocked, id=6112, stack(0x000000b6ab800000,0x000000b6ab900000)]
  0x000001e7b2e92110 JavaThread "C1 CompilerThread0" daemon [_thread_blocked, id=24288, stack(0x000000b6ab900000,0x000000b6aba00000)]
  0x000001e7b7133af0 JavaThread "Notification Thread" daemon [_thread_blocked, id=9632, stack(0x000000b6aba00000,0x000000b6abb00000)]
  0x000001e7b713ac60 JavaThread "Common-Cleaner" daemon [_thread_blocked, id=20076, stack(0x000000b6abc00000,0x000000b6abd00000)]

Other Threads:
  0x000001e7b2e38df0 VMThread "VM Thread" [stack: 0x000000b6ab100000,0x000000b6ab200000] [id=13144]
  0x000001e7b7134040 WatcherThread "VM Periodic Task Thread" [stack: 0x000000b6abb00000,0x000000b6abc00000] [id=19704]
  0x000001e7938e07d0 WorkerThread "GC Thread#0" [stack: 0x000000b6aac00000,0x000000b6aad00000] [id=26876]
  0x000001e7938f1690 ConcurrentGCThread "G1 Main Marker" [stack: 0x000000b6aad00000,0x000000b6aae00000] [id=26476]
  0x000001e7938f3c70 WorkerThread "G1 Conc#0" [stack: 0x000000b6aae00000,0x000000b6aaf00000] [id=21564]
  0x000001e79393ec50 ConcurrentGCThread "G1 Refine#0" [stack: 0x000000b6aaf00000,0x000000b6ab000000] [id=17660]
  0x000001e7b2ceac50 ConcurrentGCThread "G1 Service" [stack: 0x000000b6ab000000,0x000000b6ab100000] [id=25688]

Threads with active compile tasks:

VM state: not at safepoint (normal execution)

VM Mutex/Monitor currently owned by a thread:  ([mutex/lock_event])
[0x000001e79386b9f0] Metaspace_lock - owner thread: 0x000001e793872620

Heap address: 0x0000000701e00000, size: 4066 MB, Compressed Oops mode: Zero based, Oop shift amount: 3

CDS archive(s) mapped at: [0x0000000800000000-0x0000000800c60000-0x0000000800c60000), size 12976128, SharedBaseAddress: 0x0000000800000000, ArchiveRelocationMode: 0.
Compressed class space mapped at: 0x0000000801000000-0x0000000841000000, reserved size: 1073741824
Narrow klass base: 0x0000000800000000, Narrow klass shift: 0, Narrow klass range: 0x100000000

GC Precious Log:
 CardTable entry size: 512
 Card Set container configuration: InlinePtr #cards 4 size 8 Array Of Cards #cards 16 size 48 Howl #buckets 8 coarsen threshold 3686 Howl Bitmap #cards 512 size 80 coarsen threshold 460 Card regions per heap region 1 cards per card region 4096
 CPUs: 8 total, 8 available
 Memory: 16258M
 Large Page Support: Disabled
 NUMA Support: Disabled
 Compressed Oops: Enabled (Zero based)
 Heap Region Size: 2M
 Heap Min Capacity: 8M
 Heap Initial Capacity: 256M
 Heap Max Capacity: 4066M
 Pre-touch: Disabled
 Parallel Workers: 8
 Concurrent Workers: 2
 Concurrent Refinement Workers: 8
 Periodic GC: Disabled

Heap:
 garbage-first heap   total 262144K, used 2048K [0x0000000701e00000, 0x0000000800000000)
  region size 2048K, 2 young (4096K), 0 survivors (0K)
 Metaspace       used 338K, committed 512K, reserved 1114112K
  class space    used 10K, committed 128K, reserved 1048576K

Heap Regions: E=young(eden), S=young(survivor), O=old, HS=humongous(starts), HC=humongous(continues), CS=collection set, F=free, OA=open archive, CA=closed archive, TAMS=top-at-mark-start, PB=parsable bottom
|   0|0x0000000701e00000, 0x0000000701e00000, 0x0000000702000000|  0%| F|  |TAMS 0x0000000701e00000| PB 0x0000000701e00000| Untracked 
|   1|0x0000000702000000, 0x0000000702000000, 0x0000000702200000|  0%| F|  |TAMS 0x0000000702000000| PB 0x0000000702000000| Untracked 
|   2|0x0000000702200000, 0x0000000702200000, 0x0000000702400000|  0%| F|  |TAMS 0x0000000702200000| PB 0x0000000702200000| Untracked 
|   3|0x0000000702400000, 0x0000000702400000, 0x0000000702600000|  0%| F|  |TAMS 0x0000000702400000| PB 0x0000000702400000| Untracked 
|   4|0x0000000702600000, 0x0000000702600000, 0x0000000702800000|  0%| F|  |TAMS 0x0000000702600000| PB 0x0000000702600000| Untracked 
|   5|0x0000000702800000, 0x0000000702800000, 0x0000000702a00000|  0%| F|  |TAMS 0x0000000702800000| PB 0x0000000702800000| Untracked 
|   6|0x0000000702a00000, 0x0000000702a00000, 0x0000000702c00000|  0%| F|  |TAMS 0x0000000702a00000| PB 0x0000000702a00000| Untracked 
|   7|0x0000000702c00000, 0x0000000702c00000, 0x0000000702e00000|  0%| F|  |TAMS 0x0000000702c00000| PB 0x0000000702c00000| Untracked 
|   8|0x0000000702e00000, 0x0000000702e00000, 0x0000000703000000|  0%| F|  |TAMS 0x0000000702e00000| PB 0x0000000702e00000| Untracked 
|   9|0x0000000703000000, 0x0000000703000000, 0x0000000703200000|  0%| F|  |TAMS 0x0000000703000000| PB 0x0000000703000000| Untracked 
|  10|0x0000000703200000, 0x0000000703200000, 0x0000000703400000|  0%| F|  |TAMS 0x0000000703200000| PB 0x0000000703200000| Untracked 
|  11|0x0000000703400000, 0x0000000703400000, 0x0000000703600000|  0%| F|  |TAMS 0x0000000703400000| PB 0x0000000703400000| Untracked 
|  12|0x0000000703600000, 0x0000000703600000, 0x0000000703800000|  0%| F|  |TAMS 0x0000000703600000| PB 0x0000000703600000| Untracked 
|  13|0x0000000703800000, 0x0000000703800000, 0x0000000703a00000|  0%| F|  |TAMS 0x0000000703800000| PB 0x0000000703800000| Untracked 
|  14|0x0000000703a00000, 0x0000000703a00000, 0x0000000703c00000|  0%| F|  |TAMS 0x0000000703a00000| PB 0x0000000703a00000| Untracked 
|  15|0x0000000703c00000, 0x0000000703c00000, 0x0000000703e00000|  0%| F|  |TAMS 0x0000000703c00000| PB 0x0000000703c00000| Untracked 
|  16|0x0000000703e00000, 0x0000000703e00000, 0x0000000704000000|  0%| F|  |TAMS 0x0000000703e00000| PB 0x0000000703e00000| Untracked 
|  17|0x0000000704000000, 0x0000000704000000, 0x0000000704200000|  0%| F|  |TAMS 0x0000000704000000| PB 0x0000000704000000| Untracked 
|  18|0x0000000704200000, 0x0000000704200000, 0x0000000704400000|  0%| F|  |TAMS 0x0000000704200000| PB 0x0000000704200000| Untracked 
|  19|0x0000000704400000, 0x0000000704400000, 0x0000000704600000|  0%| F|  |TAMS 0x0000000704400000| PB 0x0000000704400000| Untracked 
|  20|0x0000000704600000, 0x0000000704600000, 0x0000000704800000|  0%| F|  |TAMS 0x0000000704600000| PB 0x0000000704600000| Untracked 
|  21|0x0000000704800000, 0x0000000704800000, 0x0000000704a00000|  0%| F|  |TAMS 0x0000000704800000| PB 0x0000000704800000| Untracked 
|  22|0x0000000704a00000, 0x0000000704a00000, 0x0000000704c00000|  0%| F|  |TAMS 0x0000000704a00000| PB 0x0000000704a00000| Untracked 
|  23|0x0000000704c00000, 0x0000000704c00000, 0x0000000704e00000|  0%| F|  |TAMS 0x0000000704c00000| PB 0x0000000704c00000| Untracked 
|  24|0x0000000704e00000, 0x0000000704e00000, 0x0000000705000000|  0%| F|  |TAMS 0x0000000704e00000| PB 0x0000000704e00000| Untracked 
|  25|0x0000000705000000, 0x0000000705000000, 0x0000000705200000|  0%| F|  |TAMS 0x0000000705000000| PB 0x0000000705000000| Untracked 
|  26|0x0000000705200000, 0x0000000705200000, 0x0000000705400000|  0%| F|  |TAMS 0x0000000705200000| PB 0x0000000705200000| Untracked 
|  27|0x0000000705400000, 0x0000000705400000, 0x0000000705600000|  0%| F|  |TAMS 0x0000000705400000| PB 0x0000000705400000| Untracked 
|  28|0x0000000705600000, 0x0000000705600000, 0x0000000705800000|  0%| F|  |TAMS 0x0000000705600000| PB 0x0000000705600000| Untracked 
|  29|0x0000000705800000, 0x0000000705800000, 0x0000000705a00000|  0%| F|  |TAMS 0x0000000705800000| PB 0x0000000705800000| Untracked 
|  30|0x0000000705a00000, 0x0000000705a00000, 0x0000000705c00000|  0%| F|  |TAMS 0x0000000705a00000| PB 0x0000000705a00000| Untracked 
|  31|0x0000000705c00000, 0x0000000705c00000, 0x0000000705e00000|  0%| F|  |TAMS 0x0000000705c00000| PB 0x0000000705c00000| Untracked 
|  32|0x0000000705e00000, 0x0000000705e00000, 0x0000000706000000|  0%| F|  |TAMS 0x0000000705e00000| PB 0x0000000705e00000| Untracked 
|  33|0x0000000706000000, 0x0000000706000000, 0x0000000706200000|  0%| F|  |TAMS 0x0000000706000000| PB 0x0000000706000000| Untracked 
|  34|0x0000000706200000, 0x0000000706200000, 0x0000000706400000|  0%| F|  |TAMS 0x0000000706200000| PB 0x0000000706200000| Untracked 
|  35|0x0000000706400000, 0x0000000706400000, 0x0000000706600000|  0%| F|  |TAMS 0x0000000706400000| PB 0x0000000706400000| Untracked 
|  36|0x0000000706600000, 0x0000000706600000, 0x0000000706800000|  0%| F|  |TAMS 0x0000000706600000| PB 0x0000000706600000| Untracked 
|  37|0x0000000706800000, 0x0000000706800000, 0x0000000706a00000|  0%| F|  |TAMS 0x0000000706800000| PB 0x0000000706800000| Untracked 
|  38|0x0000000706a00000, 0x0000000706a00000, 0x0000000706c00000|  0%| F|  |TAMS 0x0000000706a00000| PB 0x0000000706a00000| Untracked 
|  39|0x0000000706c00000, 0x0000000706c00000, 0x0000000706e00000|  0%| F|  |TAMS 0x0000000706c00000| PB 0x0000000706c00000| Untracked 
|  40|0x0000000706e00000, 0x0000000706e00000, 0x0000000707000000|  0%| F|  |TAMS 0x0000000706e00000| PB 0x0000000706e00000| Untracked 
|  41|0x0000000707000000, 0x0000000707000000, 0x0000000707200000|  0%| F|  |TAMS 0x0000000707000000| PB 0x0000000707000000| Untracked 
|  42|0x0000000707200000, 0x0000000707200000, 0x0000000707400000|  0%| F|  |TAMS 0x0000000707200000| PB 0x0000000707200000| Untracked 
|  43|0x0000000707400000, 0x0000000707400000, 0x0000000707600000|  0%| F|  |TAMS 0x0000000707400000| PB 0x0000000707400000| Untracked 
|  44|0x0000000707600000, 0x0000000707600000, 0x0000000707800000|  0%| F|  |TAMS 0x0000000707600000| PB 0x0000000707600000| Untracked 
|  45|0x0000000707800000, 0x0000000707800000, 0x0000000707a00000|  0%| F|  |TAMS 0x0000000707800000| PB 0x0000000707800000| Untracked 
|  46|0x0000000707a00000, 0x0000000707a00000, 0x0000000707c00000|  0%| F|  |TAMS 0x0000000707a00000| PB 0x0000000707a00000| Untracked 
|  47|0x0000000707c00000, 0x0000000707c00000, 0x0000000707e00000|  0%| F|  |TAMS 0x0000000707c00000| PB 0x0000000707c00000| Untracked 
|  48|0x0000000707e00000, 0x0000000707e00000, 0x0000000708000000|  0%| F|  |TAMS 0x0000000707e00000| PB 0x0000000707e00000| Untracked 
|  49|0x0000000708000000, 0x0000000708000000, 0x0000000708200000|  0%| F|  |TAMS 0x0000000708000000| PB 0x0000000708000000| Untracked 
|  50|0x0000000708200000, 0x0000000708200000, 0x0000000708400000|  0%| F|  |TAMS 0x0000000708200000| PB 0x0000000708200000| Untracked 
|  51|0x0000000708400000, 0x0000000708400000, 0x0000000708600000|  0%| F|  |TAMS 0x0000000708400000| PB 0x0000000708400000| Untracked 
|  52|0x0000000708600000, 0x0000000708600000, 0x0000000708800000|  0%| F|  |TAMS 0x0000000708600000| PB 0x0000000708600000| Untracked 
|  53|0x0000000708800000, 0x0000000708800000, 0x0000000708a00000|  0%| F|  |TAMS 0x0000000708800000| PB 0x0000000708800000| Untracked 
|  54|0x0000000708a00000, 0x0000000708a00000, 0x0000000708c00000|  0%| F|  |TAMS 0x0000000708a00000| PB 0x0000000708a00000| Untracked 
|  55|0x0000000708c00000, 0x0000000708c00000, 0x0000000708e00000|  0%| F|  |TAMS 0x0000000708c00000| PB 0x0000000708c00000| Untracked 
|  56|0x0000000708e00000, 0x0000000708e00000, 0x0000000709000000|  0%| F|  |TAMS 0x0000000708e00000| PB 0x0000000708e00000| Untracked 
|  57|0x0000000709000000, 0x0000000709000000, 0x0000000709200000|  0%| F|  |TAMS 0x0000000709000000| PB 0x0000000709000000| Untracked 
|  58|0x0000000709200000, 0x0000000709200000, 0x0000000709400000|  0%| F|  |TAMS 0x0000000709200000| PB 0x0000000709200000| Untracked 
|  59|0x0000000709400000, 0x0000000709400000, 0x0000000709600000|  0%| F|  |TAMS 0x0000000709400000| PB 0x0000000709400000| Untracked 
|  60|0x0000000709600000, 0x0000000709600000, 0x0000000709800000|  0%| F|  |TAMS 0x0000000709600000| PB 0x0000000709600000| Untracked 
|  61|0x0000000709800000, 0x0000000709800000, 0x0000000709a00000|  0%| F|  |TAMS 0x0000000709800000| PB 0x0000000709800000| Untracked 
|  62|0x0000000709a00000, 0x0000000709a00000, 0x0000000709c00000|  0%| F|  |TAMS 0x0000000709a00000| PB 0x0000000709a00000| Untracked 
|  63|0x0000000709c00000, 0x0000000709c00000, 0x0000000709e00000|  0%| F|  |TAMS 0x0000000709c00000| PB 0x0000000709c00000| Untracked 
|  64|0x0000000709e00000, 0x0000000709e00000, 0x000000070a000000|  0%| F|  |TAMS 0x0000000709e00000| PB 0x0000000709e00000| Untracked 
|  65|0x000000070a000000, 0x000000070a000000, 0x000000070a200000|  0%| F|  |TAMS 0x000000070a000000| PB 0x000000070a000000| Untracked 
|  66|0x000000070a200000, 0x000000070a200000, 0x000000070a400000|  0%| F|  |TAMS 0x000000070a200000| PB 0x000000070a200000| Untracked 
|  67|0x000000070a400000, 0x000000070a400000, 0x000000070a600000|  0%| F|  |TAMS 0x000000070a400000| PB 0x000000070a400000| Untracked 
|  68|0x000000070a600000, 0x000000070a600000, 0x000000070a800000|  0%| F|  |TAMS 0x000000070a600000| PB 0x000000070a600000| Untracked 
|  69|0x000000070a800000, 0x000000070a800000, 0x000000070aa00000|  0%| F|  |TAMS 0x000000070a800000| PB 0x000000070a800000| Untracked 
|  70|0x000000070aa00000, 0x000000070aa00000, 0x000000070ac00000|  0%| F|  |TAMS 0x000000070aa00000| PB 0x000000070aa00000| Untracked 
|  71|0x000000070ac00000, 0x000000070ac00000, 0x000000070ae00000|  0%| F|  |TAMS 0x000000070ac00000| PB 0x000000070ac00000| Untracked 
|  72|0x000000070ae00000, 0x000000070ae00000, 0x000000070b000000|  0%| F|  |TAMS 0x000000070ae00000| PB 0x000000070ae00000| Untracked 
|  73|0x000000070b000000, 0x000000070b000000, 0x000000070b200000|  0%| F|  |TAMS 0x000000070b000000| PB 0x000000070b000000| Untracked 
|  74|0x000000070b200000, 0x000000070b200000, 0x000000070b400000|  0%| F|  |TAMS 0x000000070b200000| PB 0x000000070b200000| Untracked 
|  75|0x000000070b400000, 0x000000070b400000, 0x000000070b600000|  0%| F|  |TAMS 0x000000070b400000| PB 0x000000070b400000| Untracked 
|  76|0x000000070b600000, 0x000000070b600000, 0x000000070b800000|  0%| F|  |TAMS 0x000000070b600000| PB 0x000000070b600000| Untracked 
|  77|0x000000070b800000, 0x000000070b800000, 0x000000070ba00000|  0%| F|  |TAMS 0x000000070b800000| PB 0x000000070b800000| Untracked 
|  78|0x000000070ba00000, 0x000000070ba00000, 0x000000070bc00000|  0%| F|  |TAMS 0x000000070ba00000| PB 0x000000070ba00000| Untracked 
|  79|0x000000070bc00000, 0x000000070bc00000, 0x000000070be00000|  0%| F|  |TAMS 0x000000070bc00000| PB 0x000000070bc00000| Untracked 
|  80|0x000000070be00000, 0x000000070be00000, 0x000000070c000000|  0%| F|  |TAMS 0x000000070be00000| PB 0x000000070be00000| Untracked 
|  81|0x000000070c000000, 0x000000070c000000, 0x000000070c200000|  0%| F|  |TAMS 0x000000070c000000| PB 0x000000070c000000| Untracked 
|  82|0x000000070c200000, 0x000000070c200000, 0x000000070c400000|  0%| F|  |TAMS 0x000000070c200000| PB 0x000000070c200000| Untracked 
|  83|0x000000070c400000, 0x000000070c400000, 0x000000070c600000|  0%| F|  |TAMS 0x000000070c400000| PB 0x000000070c400000| Untracked 
|  84|0x000000070c600000, 0x000000070c600000, 0x000000070c800000|  0%| F|  |TAMS 0x000000070c600000| PB 0x000000070c600000| Untracked 
|  85|0x000000070c800000, 0x000000070c800000, 0x000000070ca00000|  0%| F|  |TAMS 0x000000070c800000| PB 0x000000070c800000| Untracked 
|  86|0x000000070ca00000, 0x000000070ca00000, 0x000000070cc00000|  0%| F|  |TAMS 0x000000070ca00000| PB 0x000000070ca00000| Untracked 
|  87|0x000000070cc00000, 0x000000070cc00000, 0x000000070ce00000|  0%| F|  |TAMS 0x000000070cc00000| PB 0x000000070cc00000| Untracked 
|  88|0x000000070ce00000, 0x000000070ce00000, 0x000000070d000000|  0%| F|  |TAMS 0x000000070ce00000| PB 0x000000070ce00000| Untracked 
|  89|0x000000070d000000, 0x000000070d000000, 0x000000070d200000|  0%| F|  |TAMS 0x000000070d000000| PB 0x000000070d000000| Untracked 
|  90|0x000000070d200000, 0x000000070d200000, 0x000000070d400000|  0%| F|  |TAMS 0x000000070d200000| PB 0x000000070d200000| Untracked 
|  91|0x000000070d400000, 0x000000070d400000, 0x000000070d600000|  0%| F|  |TAMS 0x000000070d400000| PB 0x000000070d400000| Untracked 
|  92|0x000000070d600000, 0x000000070d600000, 0x000000070d800000|  0%| F|  |TAMS 0x000000070d600000| PB 0x000000070d600000| Untracked 
|  93|0x000000070d800000, 0x000000070d800000, 0x000000070da00000|  0%| F|  |TAMS 0x000000070d800000| PB 0x000000070d800000| Untracked 
|  94|0x000000070da00000, 0x000000070da00000, 0x000000070dc00000|  0%| F|  |TAMS 0x000000070da00000| PB 0x000000070da00000| Untracked 
|  95|0x000000070dc00000, 0x000000070dc00000, 0x000000070de00000|  0%| F|  |TAMS 0x000000070dc00000| PB 0x000000070dc00000| Untracked 
|  96|0x000000070de00000, 0x000000070de00000, 0x000000070e000000|  0%| F|  |TAMS 0x000000070de00000| PB 0x000000070de00000| Untracked 
|  97|0x000000070e000000, 0x000000070e000000, 0x000000070e200000|  0%| F|  |TAMS 0x000000070e000000| PB 0x000000070e000000| Untracked 
|  98|0x000000070e200000, 0x000000070e200000, 0x000000070e400000|  0%| F|  |TAMS 0x000000070e200000| PB 0x000000070e200000| Untracked 
|  99|0x000000070e400000, 0x000000070e400000, 0x000000070e600000|  0%| F|  |TAMS 0x000000070e400000| PB 0x000000070e400000| Untracked 
| 100|0x000000070e600000, 0x000000070e600000, 0x000000070e800000|  0%| F|  |TAMS 0x000000070e600000| PB 0x000000070e600000| Untracked 
| 101|0x000000070e800000, 0x000000070e800000, 0x000000070ea00000|  0%| F|  |TAMS 0x000000070e800000| PB 0x000000070e800000| Untracked 
| 102|0x000000070ea00000, 0x000000070ea00000, 0x000000070ec00000|  0%| F|  |TAMS 0x000000070ea00000| PB 0x000000070ea00000| Untracked 
| 103|0x000000070ec00000, 0x000000070ec00000, 0x000000070ee00000|  0%| F|  |TAMS 0x000000070ec00000| PB 0x000000070ec00000| Untracked 
| 104|0x000000070ee00000, 0x000000070ee00000, 0x000000070f000000|  0%| F|  |TAMS 0x000000070ee00000| PB 0x000000070ee00000| Untracked 
| 105|0x000000070f000000, 0x000000070f000000, 0x000000070f200000|  0%| F|  |TAMS 0x000000070f000000| PB 0x000000070f000000| Untracked 
| 106|0x000000070f200000, 0x000000070f200000, 0x000000070f400000|  0%| F|  |TAMS 0x000000070f200000| PB 0x000000070f200000| Untracked 
| 107|0x000000070f400000, 0x000000070f400000, 0x000000070f600000|  0%| F|  |TAMS 0x000000070f400000| PB 0x000000070f400000| Untracked 
| 108|0x000000070f600000, 0x000000070f600000, 0x000000070f800000|  0%| F|  |TAMS 0x000000070f600000| PB 0x000000070f600000| Untracked 
| 109|0x000000070f800000, 0x000000070f800000, 0x000000070fa00000|  0%| F|  |TAMS 0x000000070f800000| PB 0x000000070f800000| Untracked 
| 110|0x000000070fa00000, 0x000000070fa00000, 0x000000070fc00000|  0%| F|  |TAMS 0x000000070fa00000| PB 0x000000070fa00000| Untracked 
| 111|0x000000070fc00000, 0x000000070fc00000, 0x000000070fe00000|  0%| F|  |TAMS 0x000000070fc00000| PB 0x000000070fc00000| Untracked 
| 112|0x000000070fe00000, 0x000000070fe00000, 0x0000000710000000|  0%| F|  |TAMS 0x000000070fe00000| PB 0x000000070fe00000| Untracked 
| 113|0x0000000710000000, 0x0000000710000000, 0x0000000710200000|  0%| F|  |TAMS 0x0000000710000000| PB 0x0000000710000000| Untracked 
| 114|0x0000000710200000, 0x0000000710200000, 0x0000000710400000|  0%| F|  |TAMS 0x0000000710200000| PB 0x0000000710200000| Untracked 
| 115|0x0000000710400000, 0x0000000710400000, 0x0000000710600000|  0%| F|  |TAMS 0x0000000710400000| PB 0x0000000710400000| Untracked 
| 116|0x0000000710600000, 0x0000000710600000, 0x0000000710800000|  0%| F|  |TAMS 0x0000000710600000| PB 0x0000000710600000| Untracked 
| 117|0x0000000710800000, 0x0000000710800000, 0x0000000710a00000|  0%| F|  |TAMS 0x0000000710800000| PB 0x0000000710800000| Untracked 
| 118|0x0000000710a00000, 0x0000000710a00000, 0x0000000710c00000|  0%| F|  |TAMS 0x0000000710a00000| PB 0x0000000710a00000| Untracked 
| 119|0x0000000710c00000, 0x0000000710c00000, 0x0000000710e00000|  0%| F|  |TAMS 0x0000000710c00000| PB 0x0000000710c00000| Untracked 
| 120|0x0000000710e00000, 0x0000000710e00000, 0x0000000711000000|  0%| F|  |TAMS 0x0000000710e00000| PB 0x0000000710e00000| Untracked 
| 121|0x0000000711000000, 0x0000000711000000, 0x0000000711200000|  0%| F|  |TAMS 0x0000000711000000| PB 0x0000000711000000| Untracked 
| 122|0x0000000711200000, 0x0000000711200000, 0x0000000711400000|  0%| F|  |TAMS 0x0000000711200000| PB 0x0000000711200000| Untracked 
| 123|0x0000000711400000, 0x0000000711400000, 0x0000000711600000|  0%| F|  |TAMS 0x0000000711400000| PB 0x0000000711400000| Untracked 
| 124|0x0000000711600000, 0x0000000711600000, 0x0000000711800000|  0%| F|  |TAMS 0x0000000711600000| PB 0x0000000711600000| Untracked 
| 125|0x0000000711800000, 0x0000000711800000, 0x0000000711a00000|  0%| F|  |TAMS 0x0000000711800000| PB 0x0000000711800000| Untracked 
| 126|0x0000000711a00000, 0x0000000711a71258, 0x0000000711c00000| 22%| E|  |TAMS 0x0000000711a00000| PB 0x0000000711a00000| Complete 
| 127|0x0000000711c00000, 0x0000000711e00000, 0x0000000711e00000|100%| E|CS|TAMS 0x0000000711c00000| PB 0x0000000711c00000| Complete 

Card table byte_map: [0x000001e7ab470000,0x000001e7abc70000] _byte_map_base: 0x000001e7a7c61000

Marking Bits: (CMBitMap*) 0x000001e7938e0e00
 Bits: [0x000001e7ac470000, 0x000001e7b03f8000)

Polling page: 0x000001e793040000

Metaspace:

Usage:
  Non-class:    327.81 KB used.
      Class:     10.40 KB used.
       Both:    338.21 KB used.

Virtual space:
  Non-class space:       64.00 MB reserved,     384.00 KB ( <1%) committed,  1 nodes.
      Class space:        1.00 GB reserved,     128.00 KB ( <1%) committed,  1 nodes.
             Both:        1.06 GB reserved,     512.00 KB ( <1%) committed. 

Chunk freelists:
   Non-Class:  3.99 MB
       Class:  3.75 MB
        Both:  7.74 MB

MaxMetaspaceSize: unlimited
CompressedClassSpaceSize: 1.00 GB
Initial GC threshold: 21.00 MB
Current GC threshold: 21.00 MB
CDS: on
MetaspaceReclaimPolicy: balanced
 - commit_granule_bytes: 65536.
 - commit_granule_words: 8192.
 - virtual_space_node_default_size: 8388608.
 - enlarge_chunks_in_place: 1.
 - new_chunks_are_fully_committed: 0.
 - uncommit_free_chunks: 1.
 - use_allocation_guard: 0.


Internal statistics:

num_allocs_failed_limit: 0.
num_arena_births: 4.
num_arena_deaths: 0.
num_vsnodes_births: 2.
num_vsnodes_deaths: 0.
num_space_committed: 8.
num_space_uncommitted: 0.
num_chunks_returned_to_freelist: 0.
num_chunks_taken_from_freelist: 5.
num_chunk_merges: 0.
num_chunk_splits: 2.
num_chunks_enlarged: 1.
num_inconsistent_stats: 0.

CodeHeap 'non-profiled nmethods': size=120000Kb used=12Kb max_used=12Kb free=119987Kb
 bounds [0x000001e7a3400000, 0x000001e7a3670000, 0x000001e7aa930000]
CodeHeap 'profiled nmethods': size=120000Kb used=80Kb max_used=80Kb free=119919Kb
 bounds [0x000001e79b930000, 0x000001e79bba0000, 0x000001e7a2e60000]
CodeHeap 'non-nmethods': size=5760Kb used=1229Kb max_used=1229Kb free=4530Kb
 bounds [0x000001e7a2e60000, 0x000001e7a30d0000, 0x000001e7a3400000]
 total_blobs=362 nmethods=63 adapters=210
 compilation: enabled
              stopped_count=0, restarted_count=0
 full_count=0

Compilation events (20 events):
Event: 0.072 Thread 0x000001e7b2e92110   35       3       java.util.ImmutableCollections$SetN$SetNIterator::<init> (36 bytes)
Event: 0.072 Thread 0x000001e7b2e92110 nmethod 35 0x000001e79b942790 code [0x000001e79b942920, 0x000001e79b942b28]
Event: 0.072 Thread 0x000001e7b2e92110   52       1       java.lang.module.ModuleDescriptor::isAutomatic (5 bytes)
Event: 0.072 Thread 0x000001e7b2e92110 nmethod 52 0x000001e7a3402590 code [0x000001e7a3402700, 0x000001e7a34027d0]
Event: 0.072 Thread 0x000001e7b2e92110   58       1       java.util.ImmutableCollections$Set12::isEmpty (2 bytes)
Event: 0.072 Thread 0x000001e7b2e92110 nmethod 58 0x000001e7a3402890 code [0x000001e7a3402a00, 0x000001e7a3402ac8]
Event: 0.072 Thread 0x000001e7b2e92110   53       1       java.lang.module.ResolvedModule::configuration (5 bytes)
Event: 0.072 Thread 0x000001e7b2e92110 nmethod 53 0x000001e7a3402b90 code [0x000001e7a3402d00, 0x000001e7a3402dd0]
Event: 0.072 Thread 0x000001e7b2e92110   56       1       java.lang.module.ModuleDescriptor$Exports::targets (5 bytes)
Event: 0.072 Thread 0x000001e7b2e92110 nmethod 56 0x000001e7a3402e90 code [0x000001e7a3403000, 0x000001e7a34030d0]
Event: 0.073 Thread 0x000001e7b2e92110   59       3       java.lang.AbstractStringBuilder::ensureCapacityInternal (39 bytes)
Event: 0.073 Thread 0x000001e7b2e92110 nmethod 59 0x000001e79b942c10 code [0x000001e79b942dc0, 0x000001e79b942ff0]
Event: 0.073 Thread 0x000001e7b2e92110   60       3       java.lang.StringLatin1::canEncode (13 bytes)
Event: 0.073 Thread 0x000001e7b2e92110 nmethod 60 0x000001e79b943110 code [0x000001e79b9432a0, 0x000001e79b9433f0]
Event: 0.073 Thread 0x000001e7b2e92110   61       3       java.lang.AbstractStringBuilder::isLatin1 (19 bytes)
Event: 0.073 Thread 0x000001e7b2e92110 nmethod 61 0x000001e79b943490 code [0x000001e79b943620, 0x000001e79b9437a0]
Event: 0.077 Thread 0x000001e7b2e92110   62       3       java.lang.String::isEmpty (14 bytes)
Event: 0.077 Thread 0x000001e7b2e92110 nmethod 62 0x000001e79b943810 code [0x000001e79b9439a0, 0x000001e79b943b18]
Event: 0.077 Thread 0x000001e7b2e92110   63       3       java.lang.StringLatin1::indexOfChar (33 bytes)
Event: 0.077 Thread 0x000001e7b2e92110 nmethod 63 0x000001e79b943c10 code [0x000001e79b943da0, 0x000001e79b943fd8]

GC Heap History (0 events):
No events

Dll operation events (2 events):
Event: 0.013 Loaded shared library D:\Java\jdk-20.0.1\bin\java.dll
Event: 0.027 Loaded shared library D:\Java\jdk-20.0.1\bin\jsvml.dll

Deoptimization events (0 events):
No events

Classes loaded (20 events):
Event: 0.071 Loading class jdk/internal/vm/PostVMInitHook
Event: 0.071 Loading class jdk/internal/vm/PostVMInitHook done
Event: 0.072 Loading class jdk/internal/loader/URLClassPath$FileLoader
Event: 0.072 Loading class jdk/internal/loader/URLClassPath$FileLoader done
Event: 0.072 Loading class sun/nio/cs/UTF_8$Decoder
Event: 0.072 Loading class sun/nio/cs/UTF_8$Decoder done
Event: 0.074 Loading class jdk/internal/loader/URLClassPath$FileLoader$1
Event: 0.074 Loading class jdk/internal/loader/URLClassPath$FileLoader$1 done
Event: 0.075 Loading class java/awt/Component
Event: 0.076 Loading class java/awt/image/ImageObserver
Event: 0.076 Loading class java/awt/image/ImageObserver done
Event: 0.076 Loading class java/awt/MenuContainer
Event: 0.076 Loading class java/awt/MenuContainer done
Event: 0.076 Loading class java/awt/Component done
Event: 0.077 Loading class javax/swing/JPanel
Event: 0.077 Loading class javax/accessibility/Accessible
Event: 0.077 Loading class javax/accessibility/Accessible done
Event: 0.077 Loading class javax/swing/JComponent
Event: 0.078 Loading class javax/swing/TransferHandler$HasGetTransferHandler
Event: 0.078 Loading class javax/swing/TransferHandler$HasGetTransferHandler done

Classes unloaded (0 events):
No events

Classes redefined (0 events):
No events

Internal exceptions (0 events):
No events

VM Operations (0 events):
No events

Events (11 events):
Event: 0.027 Thread 0x000001e793872620 Thread added: 0x000001e793872620
Event: 0.046 Thread 0x000001e7b2e5a520 Thread added: 0x000001e7b2e5a520
Event: 0.046 Thread 0x000001e7b2e5c070 Thread added: 0x000001e7b2e5c070
Event: 0.046 Thread 0x000001e7b2e5dd70 Thread added: 0x000001e7b2e5dd70
Event: 0.046 Thread 0x000001e7b2e5e8b0 Thread added: 0x000001e7b2e5e8b0
Event: 0.047 Thread 0x000001e7b2e62dc0 Thread added: 0x000001e7b2e62dc0
Event: 0.047 Thread 0x000001e7b2e65eb0 Thread added: 0x000001e7b2e65eb0
Event: 0.047 Thread 0x000001e7b2e6efd0 Thread added: 0x000001e7b2e6efd0
Event: 0.047 Thread 0x000001e7b2e92110 Thread added: 0x000001e7b2e92110
Event: 0.071 Thread 0x000001e7b7133af0 Thread added: 0x000001e7b7133af0
Event: 0.075 Thread 0x000001e7b713ac60 Thread added: 0x000001e7b713ac60


Dynamic libraries:
0x00007ff646240000 - 0x00007ff64624e000 	D:\Java\jdk-20.0.1\bin\java.exe
0x00007ffdbad70000 - 0x00007ffdbaf68000 	C:\WINDOWS\SYSTEM32\ntdll.dll
0x00007ffdbac70000 - 0x00007ffdbad2d000 	C:\WINDOWS\System32\KERNEL32.DLL
0x00007ffdb88c0000 - 0x00007ffdb8bb6000 	C:\WINDOWS\System32\KERNELBASE.dll
0x00007ffdb8c70000 - 0x00007ffdb8d70000 	C:\WINDOWS\System32\ucrtbase.dll
0x00007ffdb3da0000 - 0x00007ffdb3db7000 	D:\Java\jdk-20.0.1\bin\jli.dll
0x00007ffda7850000 - 0x00007ffda786b000 	D:\Java\jdk-20.0.1\bin\VCRUNTIME140.dll
0x00007ffdb9b30000 - 0x00007ffdb9ccf000 	C:\WINDOWS\System32\USER32.dll
0x00007ffdb8420000 - 0x00007ffdb8442000 	C:\WINDOWS\System32\win32u.dll
0x00007ffdb9630000 - 0x00007ffdb965b000 	C:\WINDOWS\System32\GDI32.dll
0x00007ffda7de0000 - 0x00007ffda807a000 	C:\WINDOWS\WinSxS\amd64_microsoft.windows.common-controls_6595b64144ccf1df_6.0.19041.4355_none_60b8b9eb71f62e16\COMCTL32.dll
0x00007ffdb8450000 - 0x00007ffdb8567000 	C:\WINDOWS\System32\gdi32full.dll
0x00007ffdb8ed0000 - 0x00007ffdb8f6e000 	C:\WINDOWS\System32\msvcrt.dll
0x00007ffdb87b0000 - 0x00007ffdb884d000 	C:\WINDOWS\System32\msvcp_win.dll
0x00007ffdbab00000 - 0x00007ffdbab32000 	C:\WINDOWS\System32\IMM32.DLL
0x00007ffdb3df0000 - 0x00007ffdb3dfc000 	D:\Java\jdk-20.0.1\bin\vcruntime140_1.dll
0x00007ffd93fe0000 - 0x00007ffd9406e000 	D:\Java\jdk-20.0.1\bin\msvcp140.dll
0x00007ffd75320000 - 0x00007ffd75fb7000 	D:\Java\jdk-20.0.1\bin\server\jvm.dll
0x00007ffdba800000 - 0x00007ffdba8b0000 	C:\WINDOWS\System32\ADVAPI32.dll
0x00007ffdb99e0000 - 0x00007ffdb9a80000 	C:\WINDOWS\System32\sechost.dll
0x00007ffdb8f70000 - 0x00007ffdb9093000 	C:\WINDOWS\System32\RPCRT4.dll
0x00007ffdb8d70000 - 0x00007ffdb8d97000 	C:\WINDOWS\System32\bcrypt.dll
0x00007ffda8290000 - 0x00007ffda82b7000 	C:\WINDOWS\SYSTEM32\WINMM.dll
0x00007ffdb1ff0000 - 0x00007ffdb1ffa000 	C:\WINDOWS\SYSTEM32\VERSION.dll
0x00007ffdb34b0000 - 0x00007ffdb34b9000 	C:\WINDOWS\SYSTEM32\WSOCK32.dll
0x00007ffdba550000 - 0x00007ffdba5bb000 	C:\WINDOWS\System32\WS2_32.dll
0x00007ffdb62a0000 - 0x00007ffdb62b2000 	C:\WINDOWS\SYSTEM32\kernel.appcore.dll
0x00007ffdb30a0000 - 0x00007ffdb30aa000 	D:\Java\jdk-20.0.1\bin\jimage.dll
0x00007ffd969f0000 - 0x00007ffd96bd4000 	C:\WINDOWS\SYSTEM32\DBGHELP.DLL
0x00007ffd969b0000 - 0x00007ffd969e4000 	C:\WINDOWS\SYSTEM32\dbgcore.DLL
0x00007ffdb8570000 - 0x00007ffdb85f2000 	C:\WINDOWS\System32\bcryptPrimitives.dll
0x00007ffd96980000 - 0x00007ffd969a6000 	D:\Java\jdk-20.0.1\bin\java.dll
0x00007ffd875f0000 - 0x00007ffd876c7000 	D:\Java\jdk-20.0.1\bin\jsvml.dll
0x00007ffdb9de0000 - 0x00007ffdba54b000 	C:\WINDOWS\System32\SHELL32.dll
0x00007ffdb64a0000 - 0x00007ffdb6c3d000 	C:\WINDOWS\SYSTEM32\windows.storage.dll
0x00007ffdb9680000 - 0x00007ffdb99d3000 	C:\WINDOWS\System32\combase.dll
0x00007ffdb7e40000 - 0x00007ffdb7e6e000 	C:\WINDOWS\SYSTEM32\Wldp.dll
0x00007ffdbaba0000 - 0x00007ffdbac6d000 	C:\WINDOWS\System32\OLEAUT32.dll
0x00007ffdb9d30000 - 0x00007ffdb9ddd000 	C:\WINDOWS\System32\SHCORE.dll
0x00007ffdb9cd0000 - 0x00007ffdb9d25000 	C:\WINDOWS\System32\shlwapi.dll
0x00007ffdb8350000 - 0x00007ffdb8374000 	C:\WINDOWS\SYSTEM32\profapi.dll

dbghelp: loaded successfully - version: 4.0.5 - missing functions: none
symbol engine: initialized successfully - sym options: 0x614 - pdb path: .;D:\Java\jdk-20.0.1\bin;C:\WINDOWS\SYSTEM32;C:\WINDOWS\WinSxS\amd64_microsoft.windows.common-controls_6595b64144ccf1df_6.0.19041.4355_none_60b8b9eb71f62e16;D:\Java\jdk-20.0.1\bin\server

VM Arguments:
jvm_args: -Dfile.encoding=windows-1251 -Duser.country=US -Duser.language=en -Duser.variant 
java_command: org.cherepovskyi.game.main.Main
java_class_path (initial): D:\Java\work space\KmadGame\build\classes\java\main;D:\Java\work space\KmadGame\build\resources\main;C:\Users\Dima\.gradle\caches\modules-2\files-2.1\org.apache.ant\ant\1.10.14\1edce9bbfa60dfd51f010879c78f4421dafae7a7\ant-1.10.14.jar;C:\Users\Dima\.gradle\caches\modules-2\files-2.1\org.openjfx\javafx-swing\21.0.2\d36c5f8d9422b6279928c955539973a183a087a1\javafx-swing-21.0.2.jar;C:\Users\Dima\.gradle\caches\modules-2\files-2.1\org.apache.ant\ant-launcher\1.10.14\8d2268288496b0541a2640f2ee07fe3de1a02301\ant-launcher-1.10.14.jar;C:\Users\Dima\.gradle\caches\modules-2\files-2.1\org.openjfx\javafx-graphics\21.0.2\f4c4dc2e4a4689a51e6e5b8044a671face076cc4\javafx-graphics-21.0.2.jar;C:\Users\Dima\.gradle\caches\modules-2\files-2.1\org.openjfx\javafx-base\21.0.2\83ffa6fe42af6992d9629153221fd38647045faa\javafx-base-21.0.2.jar
Launcher Type: SUN_STANDARD

[Global flags]
     intx CICompilerCount                          = 4                                         {product} {ergonomic}
     uint ConcGCThreads                            = 2                                         {product} {ergonomic}
     uint G1ConcRefinementThreads                  = 8                                         {product} {ergonomic}
   size_t G1HeapRegionSize                         = 2097152                                   {product} {ergonomic}
    uintx GCDrainStackTargetSize                   = 64                                        {product} {ergonomic}
   size_t InitialHeapSize                          = 268435456                                 {product} {ergonomic}
   size_t MarkStackSize                            = 4194304                                   {product} {ergonomic}
   size_t MaxHeapSize                              = 4263510016                                {product} {ergonomic}
   size_t MaxNewSize                               = 2556428288                                {product} {ergonomic}
   size_t MinHeapDeltaBytes                        = 2097152                                   {product} {ergonomic}
   size_t MinHeapSize                              = 8388608                                   {product} {ergonomic}
    uintx NonNMethodCodeHeapSize                   = 5839372                                {pd product} {ergonomic}
    uintx NonProfiledCodeHeapSize                  = 122909434                              {pd product} {ergonomic}
    uintx ProfiledCodeHeapSize                     = 122909434                              {pd product} {ergonomic}
    uintx ReservedCodeCacheSize                    = 251658240                              {pd product} {ergonomic}
     bool SegmentedCodeCache                       = true                                      {product} {ergonomic}
   size_t SoftMaxHeapSize                          = 4263510016                             {manageable} {ergonomic}
     bool UseCompressedClassPointers               = true                           {product lp64_product} {ergonomic}
     bool UseCompressedOops                        = true                           {product lp64_product} {ergonomic}
     bool UseG1GC                                  = true                                      {product} {ergonomic}
     bool UseLargePagesIndividualAllocation        = false                                  {pd product} {ergonomic}

Logging:
Log output configuration:
 #0: stdout all=warning uptime,level,tags foldmultilines=false
 #1: stderr all=off uptime,level,tags foldmultilines=false

Environment Variables:
PATH=D:\Java\jdk-20.0.1\bin;C:\WINDOWS\system32;C:\WINDOWS;C:\WINDOWS\System32\Wbem;C:\WINDOWS\System32\WindowsPowerShell\v1.0\;C:\WINDOWS\System32\OpenSSH\;C:\Program Files\dotnet\;C:\Program Files\Microsoft SQL Server\130\Tools\Binn\;C:\Program Files (x86)\dotnet\;D:\runtime\win64;D:\Mat\runtime\win64;D:\Matlab\runtime\win64;D:\jdk-20.0.1\bin;D:\Mat\bin;D:\Mat\polyspace\bin;D:\bin;D:\polyspace\bin;C:\Program Files (x86)\Microsoft SQL Server\150\DTS\Binn\;C:\Program Files\Azure Data Studio\bin;C:\Program Files\Git\cmd;C:\Users\Dima\AppData\Local\Programs\Python\Python310\Scripts\;C:\Users\Dima\AppData\Local\Programs\Python\Python310\;C:\Users\Dima\AppData\Local\Microsoft\WindowsApps;C:\Users\Dima\AppData\Local\atom\bin;C:\Users\Dima\AppData\Local\Microsoft\WindowsApps;C:\Users\Dima\.dotnet\tools;C:\Program Files\Azure Data Studio\bin;C:\Program Files\CMake\bin;C:\OpenCV\x64\vc16\bin;C:\Users\Dima\AppData\Local\GitHubDesktop\bin;
USERNAME=Dima
OS=Windows_NT
PROCESSOR_IDENTIFIER=Intel64 Family 6 Model 142 Stepping 10, GenuineIntel
TMP=C:\Users\Dima\AppData\Local\Temp
TEMP=C:\Users\Dima\AppData\Local\Temp




---------------  S Y S T E M  ---------------

OS:
 Windows 10 , 64 bit Build 19041 (10.0.19041.3636)
OS uptime: 23 days 16:36 hours

CPU: total 8 (initial active 8) (4 cores per cpu, 2 threads per core) family 6 model 142 stepping 10 microcode 0xb4, cx8, cmov, fxsr, ht, mmx, 3dnowpref, sse, sse2, sse3, ssse3, sse4.1, sse4.2, popcnt, lzcnt, tsc, tscinvbit, avx, avx2, aes, erms, clmul, bmi1, bmi2, adx, fma, vzeroupper, clflush, clflushopt, rdtscp, f16c

Memory: 4k page, system-wide physical 16258M (6871M free)
TotalPageFile size 32877M (AvailPageFile size 2M)
current process WorkingSet (physical memory assigned to process): 28M, peak: 28M
current process commit charge ("private bytes"): 339M, peak: 339M

vm_info: OpenJDK 64-Bit Server VM (20.0.1+9-29) for windows-amd64 JRE (20.0.1+9-29), built on 2023-03-07T13:56:11Z by "mach5one" with MS VC++ 17.1 (VS2022)

END.
