#
# There is insufficient memory for the Java Runtime Environment to continue.
# Native memory allocation (malloc) failed to allocate 1387856 bytes for Chunk::new
# Possible reasons:
#   The system is out of physical RAM or swap space
#   The process is running with CompressedOops enabled, and the Java Heap may be blocking the growth of the native heap
# Possible solutions:
#   Reduce memory load on the system
#   Increase physical memory or swap space
#   Check if swap backing store is full
#   Decrease Java heap size (-Xmx/-Xms)
#   Decrease number of Java threads
#   Decrease Java thread stack sizes (-Xss)
#   Set larger code cache with -XX:ReservedCodeCacheSize=
#   JVM is running with Unscaled Compressed Oops mode in which the Java heap is
#     placed in the first 4GB address space. The Java Heap base address is the
#     maximum limit for the native heap growth. Please use -XX:HeapBaseMinAddress
#     to set the Java Heap base and to place the Java Heap above 4GB virtual address.
# This output file may be truncated or incomplete.
#
#  Out of Memory Error (arena.cpp:184), pid=22856, tid=26904
#
# JRE version: OpenJDK Runtime Environment (20.0.1+9) (build 20.0.1+9-29)
# Java VM: OpenJDK 64-Bit Server VM (20.0.1+9-29, mixed mode, sharing, tiered, compressed oops, compressed class ptrs, g1 gc, windows-amd64)
# No core dump will be written. Minidumps are not enabled by default on client versions of Windows
#

---------------  S U M M A R Y ------------

Command Line: --add-opens=java.base/java.util=ALL-UNNAMED --add-opens=java.base/java.lang=ALL-UNNAMED --add-opens=java.base/java.lang.invoke=ALL-UNNAMED --add-opens=java.prefs/java.util.prefs=ALL-UNNAMED --add-opens=java.base/java.nio.charset=ALL-UNNAMED --add-opens=java.base/java.net=ALL-UNNAMED --add-opens=java.base/java.util.concurrent.atomic=ALL-UNNAMED -XX:MaxMetaspaceSize=384m -XX:+HeapDumpOnOutOfMemoryError -Xms256m -Xmx512m -Dfile.encoding=windows-1251 -Duser.country=US -Duser.language=en -Duser.variant -javaagent:C:\Users\Dima\.gradle\wrapper\dists\gradle-8.4-bin\1w5dpkrfk8irigvoxmyhowfim\gradle-8.4\lib\agents\gradle-instrumentation-agent-8.4.jar org.gradle.launcher.daemon.bootstrap.GradleDaemon 8.4

Host: Intel(R) Core(TM) i5-8250U CPU @ 1.60GHz, 8 cores, 15G,  Windows 10 , 64 bit Build 19041 (10.0.19041.3636)
Time: Mon Jun 10 07:08:55 2024 E. Europe Daylight Time elapsed time: 3033.137438 seconds (0d 0h 50m 33s)

---------------  T H R E A D  ---------------

Current thread (0x000001a6ffe57750):  JavaThread "C2 CompilerThread0" daemon [_thread_in_native, id=26904, stack(0x0000005a84600000,0x0000005a84700000)]


Current CompileTask:
C2:3033137 12159       4       com.sun.tools.javac.jvm.ClassReader::readClass (670 bytes)

Stack: [0x0000005a84600000,0x0000005a84700000]
Native frames: (J=compiled Java code, j=interpreted, Vv=VM code, C=native code)
V  [jvm.dll+0x6bb95a]
V  [jvm.dll+0x8485fa]
V  [jvm.dll+0x84a1f5]
V  [jvm.dll+0x84a8f3]
V  [jvm.dll+0x280b0f]
V  [jvm.dll+0xc2b11]
V  [jvm.dll+0xc2e35]
V  [jvm.dll+0x3bb142]
V  [jvm.dll+0x3857f5]
V  [jvm.dll+0x384c6a]
V  [jvm.dll+0x24b259]
V  [jvm.dll+0x24a651]
V  [jvm.dll+0x1ce491]
V  [jvm.dll+0x259e1b]
V  [jvm.dll+0x2584f0]
V  [jvm.dll+0x3f2895]
V  [jvm.dll+0x7f4b56]
V  [jvm.dll+0x6ba5cb]
C  [ucrtbase.dll+0x21bb2]
C  [KERNEL32.DLL+0x17344]
C  [ntdll.dll+0x526b1]


---------------  P R O C E S S  ---------------

Threads class SMR info:
_java_thread_list=0x000001a6941727f0, length=71, elements={
0x000001a6f44f7d30, 0x000001a6ffe49600, 0x000001a6ffe4a2e0, 0x000001a6ffe4b240,
0x000001a6ffe4dc90, 0x000001a6ffe4e910, 0x000001a6ffe51970, 0x000001a6ffe57750,
0x000001a693045ca0, 0x000001a6ffe52960, 0x000001a6ffe50ed0, 0x000001a6ffe4fee0,
0x000001a6ffe50980, 0x000001a6ffe4f990, 0x000001a693f6e5a0, 0x000001a693f6fae0,
0x000001a693f73aa0, 0x000001a693f70030, 0x000001a693f72560, 0x000001a693f6eaf0,
0x000001a693f73000, 0x000001a693f6d060, 0x000001a693f6d5b0, 0x000001a695381570,
0x000001a695384a90, 0x000001a695380580, 0x000001a69537d060, 0x000001a695382560,
0x000001a69537db00, 0x000001a695384540, 0x000001a698489e20, 0x000001a6984878f0,
0x000001a6984888e0, 0x000001a69848a370, 0x000001a69848a8c0, 0x000001a69848ae10,
0x000001a698487e40, 0x000001a698488e30, 0x000001a698488390, 0x000001a698489380,
0x000001a6984898d0, 0x000001a6953fcac0, 0x000001a6953fbad0, 0x000001a6953f9050,
0x000001a6953fa590, 0x000001a6953faae0, 0x000001a6953fc020, 0x000001a6953f7b10,
0x000001a6953fd010, 0x000001a6953f85b0, 0x000001a6953f75c0, 0x000001a6953f8060,
0x000001a6953fd560, 0x000001a6953fdab0, 0x000001a6953fb030, 0x000001a6953f95a0,
0x000001a6953f8b00, 0x000001a6953fb580, 0x000001a6953fe000, 0x000001a6953fe550,
0x000001a6953feaa0, 0x000001a6953f7070, 0x000001a693f72ab0, 0x000001a693f6f590,
0x000001a697f1b1c0, 0x000001a697f1cd90, 0x000001a693f6e050, 0x000001a693f6f040,
0x000001a693f73ff0, 0x000001a693f74a90, 0x000001a693f70ad0
}

Java Threads: ( => current thread )
  0x000001a6f44f7d30 JavaThread "main" [_thread_blocked, id=13080, stack(0x0000005a83900000,0x0000005a83a00000)]
  0x000001a6ffe49600 JavaThread "Reference Handler" daemon [_thread_blocked, id=2412, stack(0x0000005a84000000,0x0000005a84100000)]
  0x000001a6ffe4a2e0 JavaThread "Finalizer" daemon [_thread_blocked, id=20424, stack(0x0000005a84100000,0x0000005a84200000)]
  0x000001a6ffe4b240 JavaThread "Signal Dispatcher" daemon [_thread_blocked, id=8120, stack(0x0000005a84200000,0x0000005a84300000)]
  0x000001a6ffe4dc90 JavaThread "Attach Listener" daemon [_thread_blocked, id=23536, stack(0x0000005a84300000,0x0000005a84400000)]
  0x000001a6ffe4e910 JavaThread "Service Thread" daemon [_thread_blocked, id=18820, stack(0x0000005a84400000,0x0000005a84500000)]
  0x000001a6ffe51970 JavaThread "Monitor Deflation Thread" daemon [_thread_blocked, id=10008, stack(0x0000005a84500000,0x0000005a84600000)]
=>0x000001a6ffe57750 JavaThread "C2 CompilerThread0" daemon [_thread_in_native, id=26904, stack(0x0000005a84600000,0x0000005a84700000)]
  0x000001a693045ca0 JavaThread "C1 CompilerThread0" daemon [_thread_blocked, id=16788, stack(0x0000005a84700000,0x0000005a84800000)]
  0x000001a6ffe52960 JavaThread "Common-Cleaner" daemon [_thread_blocked, id=27104, stack(0x0000005a84800000,0x0000005a84900000)]
  0x000001a6ffe50ed0 JavaThread "Notification Thread" daemon [_thread_blocked, id=22764, stack(0x0000005a84900000,0x0000005a84a00000)]
  0x000001a6ffe4fee0 JavaThread "Daemon health stats" [_thread_blocked, id=19732, stack(0x0000005a85100000,0x0000005a85200000)]
  0x000001a6ffe50980 JavaThread "Incoming local TCP Connector on port 53703" [_thread_in_native, id=22000, stack(0x0000005a85200000,0x0000005a85300000)]
  0x000001a6ffe4f990 JavaThread "Daemon periodic checks" [_thread_blocked, id=26344, stack(0x0000005a85300000,0x0000005a85400000)]
  0x000001a693f6e5a0 JavaThread "Cache worker for journal cache (C:\Users\Dima\.gradle\caches\journal-1)" [_thread_blocked, id=18904, stack(0x0000005a84b00000,0x0000005a84c00000)]
  0x000001a693f6fae0 JavaThread "File lock request listener" [_thread_in_native, id=10176, stack(0x0000005a85b00000,0x0000005a85c00000)]
  0x000001a693f73aa0 JavaThread "Cache worker for file hash cache (C:\Users\Dima\.gradle\caches\8.4\fileHashes)" [_thread_blocked, id=14024, stack(0x0000005a85d00000,0x0000005a85e00000)]
  0x000001a693f70030 JavaThread "File watcher server" daemon [_thread_in_native, id=9872, stack(0x0000005a86200000,0x0000005a86300000)]
  0x000001a693f72560 JavaThread "File watcher consumer" daemon [_thread_blocked, id=10080, stack(0x0000005a86300000,0x0000005a86400000)]
  0x000001a693f6eaf0 JavaThread "Cache worker for file content cache (C:\Users\Dima\.gradle\caches\8.4\fileContent)" [_thread_blocked, id=23652, stack(0x0000005a86700000,0x0000005a86800000)]
  0x000001a693f73000 JavaThread "Cache worker for execution history cache (C:\Users\Dima\.gradle\caches\8.4\executionHistory)" [_thread_blocked, id=20388, stack(0x0000005a86900000,0x0000005a86a00000)]
  0x000001a693f6d060 JavaThread "jar transforms" [_thread_blocked, id=25152, stack(0x0000005a86a00000,0x0000005a86b00000)]
  0x000001a693f6d5b0 JavaThread "jar transforms Thread 2" [_thread_blocked, id=24924, stack(0x0000005a86b00000,0x0000005a86c00000)]
  0x000001a695381570 JavaThread "jar transforms Thread 3" [_thread_blocked, id=21192, stack(0x0000005a86c00000,0x0000005a86d00000)]
  0x000001a695384a90 JavaThread "jar transforms Thread 4" [_thread_blocked, id=12352, stack(0x0000005a86d00000,0x0000005a86e00000)]
  0x000001a695380580 JavaThread "jar transforms Thread 5" [_thread_blocked, id=23200, stack(0x0000005a86e00000,0x0000005a86f00000)]
  0x000001a69537d060 JavaThread "jar transforms Thread 6" [_thread_blocked, id=24740, stack(0x0000005a86f00000,0x0000005a87000000)]
  0x000001a695382560 JavaThread "jar transforms Thread 7" [_thread_blocked, id=20084, stack(0x0000005a87000000,0x0000005a87100000)]
  0x000001a69537db00 JavaThread "jar transforms Thread 8" [_thread_blocked, id=1548, stack(0x0000005a87100000,0x0000005a87200000)]
  0x000001a695384540 JavaThread "Memory manager" [_thread_blocked, id=27484, stack(0x0000005a87400000,0x0000005a87500000)]
  0x000001a698489e20 JavaThread "Cache worker for Java compile cache (C:\Users\Dima\.gradle\caches\8.4\javaCompile)" [_thread_blocked, id=11124, stack(0x0000005a88300000,0x0000005a88400000)]
  0x000001a6984878f0 JavaThread "Daemon Thread 6" [_thread_blocked, id=27228, stack(0x0000005a83600000,0x0000005a83700000)]
  0x000001a6984888e0 JavaThread "Daemon Thread 7" [_thread_blocked, id=6352, stack(0x0000005a83800000,0x0000005a83900000)]
  0x000001a69848a370 JavaThread "Handler for socket connection from /127.0.0.1:53703 to /127.0.0.1:53891" [_thread_in_native, id=27568, stack(0x0000005a85400000,0x0000005a85500000)]
  0x000001a69848a8c0 JavaThread "Cancel handler" [_thread_blocked, id=12396, stack(0x0000005a83700000,0x0000005a83800000)]
  0x000001a69848ae10 JavaThread "Daemon worker Thread 5" [_thread_blocked, id=14308, stack(0x0000005a85500000,0x0000005a85600000)]
  0x000001a698487e40 JavaThread "Asynchronous log dispatcher for DefaultDaemonConnection: socket connection from /127.0.0.1:53703 to /127.0.0.1:53891" [_thread_blocked, id=26224, stack(0x0000005a85600000,0x0000005a85700000)]
  0x000001a698488e30 JavaThread "Stdin handler" [_thread_blocked, id=19996, stack(0x0000005a85700000,0x0000005a85800000)]
  0x000001a698488390 JavaThread "Daemon client event forwarder" [_thread_blocked, id=9760, stack(0x0000005a85800000,0x0000005a85900000)]
  0x000001a698489380 JavaThread "Cache worker for checksums cache (D:\Java\work space\KmadGame\.gradle\8.4\checksums)" [_thread_blocked, id=9708, stack(0x0000005a85900000,0x0000005a85a00000)]
  0x000001a6984898d0 JavaThread "Cache worker for file hash cache (D:\Java\work space\KmadGame\.gradle\8.4\fileHashes)" [_thread_blocked, id=7272, stack(0x0000005a85a00000,0x0000005a85b00000)]
  0x000001a6953fcac0 JavaThread "Cache worker for cache directory md-supplier (C:\Users\Dima\.gradle\caches\8.4\md-supplier)" [_thread_blocked, id=15232, stack(0x0000005a85c00000,0x0000005a85d00000)]
  0x000001a6953fbad0 JavaThread "Cache worker for cache directory md-rule (C:\Users\Dima\.gradle\caches\8.4\md-rule)" [_thread_blocked, id=12752, stack(0x0000005a85e00000,0x0000005a85f00000)]
  0x000001a6953f9050 JavaThread "Cache worker for dependencies-accessors (D:\Java\work space\KmadGame\.gradle\8.4\dependencies-accessors)" [_thread_blocked, id=22060, stack(0x0000005a86400000,0x0000005a86500000)]
  0x000001a6953fa590 JavaThread "Cache worker for Build Output Cleanup Cache (D:\Java\work space\KmadGame\.gradle\buildOutputCleanup)" [_thread_blocked, id=2976, stack(0x0000005a86500000,0x0000005a86600000)]
  0x000001a6953faae0 JavaThread "included builds" [_thread_blocked, id=13612, stack(0x0000005a86600000,0x0000005a86700000)]
  0x000001a6953fc020 JavaThread "Execution worker" [_thread_blocked, id=26348, stack(0x0000005a86800000,0x0000005a86900000)]
  0x000001a6953f7b10 JavaThread "Execution worker Thread 2" [_thread_blocked, id=19220, stack(0x0000005a87200000,0x0000005a87300000)]
  0x000001a6953fd010 JavaThread "Execution worker Thread 3" [_thread_blocked, id=8932, stack(0x0000005a87300000,0x0000005a87400000)]
  0x000001a6953f85b0 JavaThread "Execution worker Thread 4" [_thread_blocked, id=24980, stack(0x0000005a87500000,0x0000005a87600000)]
  0x000001a6953f75c0 JavaThread "Execution worker Thread 5" [_thread_blocked, id=11552, stack(0x0000005a87600000,0x0000005a87700000)]
  0x000001a6953f8060 JavaThread "Execution worker Thread 6" [_thread_blocked, id=12112, stack(0x0000005a87700000,0x0000005a87800000)]
  0x000001a6953fd560 JavaThread "Execution worker Thread 7" [_thread_blocked, id=23584, stack(0x0000005a87800000,0x0000005a87900000)]
  0x000001a6953fdab0 JavaThread "Cache worker for execution history cache (D:\Java\work space\KmadGame\.gradle\8.4\executionHistory)" [_thread_blocked, id=18600, stack(0x0000005a87900000,0x0000005a87a00000)]
  0x000001a6953fb030 JavaThread "Unconstrained build operations" [_thread_blocked, id=23776, stack(0x0000005a87a00000,0x0000005a87b00000)]
  0x000001a6953f95a0 JavaThread "Unconstrained build operations Thread 2" [_thread_blocked, id=24136, stack(0x0000005a87b00000,0x0000005a87c00000)]
  0x000001a6953f8b00 JavaThread "Unconstrained build operations Thread 3" [_thread_blocked, id=9768, stack(0x0000005a87c00000,0x0000005a87d00000)]
  0x000001a6953fb580 JavaThread "Unconstrained build operations Thread 4" [_thread_blocked, id=11208, stack(0x0000005a87d00000,0x0000005a87e00000)]
  0x000001a6953fe000 JavaThread "Unconstrained build operations Thread 5" [_thread_blocked, id=14148, stack(0x0000005a87e00000,0x0000005a87f00000)]
  0x000001a6953fe550 JavaThread "Build operations" [_thread_blocked, id=27636, stack(0x0000005a87f00000,0x0000005a88000000)]
  0x000001a6953feaa0 JavaThread "Build operations Thread 2" [_thread_blocked, id=17968, stack(0x0000005a88000000,0x0000005a88100000)]
  0x000001a6953f7070 JavaThread "Build operations Thread 3" [_thread_blocked, id=21736, stack(0x0000005a88100000,0x0000005a88200000)]
  0x000001a693f72ab0 JavaThread "Build operations Thread 4" [_thread_blocked, id=19024, stack(0x0000005a88200000,0x0000005a88300000)]
  0x000001a693f6f590 JavaThread "Build operations Thread 5" [_thread_blocked, id=4764, stack(0x0000005a88400000,0x0000005a88500000)]
  0x000001a697f1b1c0 JavaThread "C2 CompilerThread1" daemon [_thread_blocked, id=24280, stack(0x0000005a88500000,0x0000005a88600000)]
  0x000001a697f1cd90 JavaThread "C2 CompilerThread2" daemon [_thread_blocked, id=1804, stack(0x0000005a88600000,0x0000005a88700000)]
  0x000001a693f6e050 JavaThread "Exec process Thread 17" [_thread_in_native, id=16916, stack(0x0000005a88700000,0x0000005a88800000)]
  0x000001a693f6f040 JavaThread "DisconnectableInputStream source reader" daemon [_thread_blocked, id=22524, stack(0x0000005a88800000,0x0000005a88900000)]
  0x000001a693f73ff0 JavaThread "Exec process Thread 18" [_thread_blocked, id=21880, stack(0x0000005a88900000,0x0000005a88a00000)]
  0x000001a693f74a90 JavaThread "Exec process Thread 19" [_thread_in_native, id=23324, stack(0x0000005a88a00000,0x0000005a88b00000)]
  0x000001a693f70ad0 JavaThread "Exec process Thread 20" [_thread_in_native, id=6364, stack(0x0000005a88b00000,0x0000005a88c00000)]

Other Threads:
  0x000001a6ffe225c0 VMThread "VM Thread" [stack: 0x0000005a83f00000,0x0000005a84000000] [id=20472]
  0x000001a6f44f88d0 WatcherThread "VM Periodic Task Thread" [stack: 0x0000005a84a00000,0x0000005a84b00000] [id=19320]
  0x000001a6f4530b70 WorkerThread "GC Thread#0" [stack: 0x0000005a83a00000,0x0000005a83b00000] [id=27124]
  0x000001a693489740 WorkerThread "GC Thread#1" [stack: 0x0000005a84c00000,0x0000005a84d00000] [id=15592]
  0x000001a693489470 WorkerThread "GC Thread#2" [stack: 0x0000005a84d00000,0x0000005a84e00000] [id=26572]
  0x000001a693489a10 WorkerThread "GC Thread#3" [stack: 0x0000005a84e00000,0x0000005a84f00000] [id=15860]
  0x000001a693488c00 WorkerThread "GC Thread#4" [stack: 0x0000005a84f00000,0x0000005a85000000] [id=25248]
  0x000001a69348a550 WorkerThread "GC Thread#5" [stack: 0x0000005a85000000,0x0000005a85100000] [id=27096]
  0x000001a69539d170 WorkerThread "GC Thread#6" [stack: 0x0000005a85f00000,0x0000005a86000000] [id=21032]
  0x000001a69539dcb0 WorkerThread "GC Thread#7" [stack: 0x0000005a86000000,0x0000005a86100000] [id=17620]
  0x000001a6f4535990 ConcurrentGCThread "G1 Main Marker" [stack: 0x0000005a83b00000,0x0000005a83c00000] [id=23852]
  0x000001a6f4536470 WorkerThread "G1 Conc#0" [stack: 0x0000005a83c00000,0x0000005a83d00000] [id=14788]
  0x000001a69539cea0 WorkerThread "G1 Conc#1" [stack: 0x0000005a86100000,0x0000005a86200000] [id=22340]
  0x000001a6f45be510 ConcurrentGCThread "G1 Refine#0" [stack: 0x0000005a83d00000,0x0000005a83e00000] [id=8032]
  0x000001a6ffce9160 ConcurrentGCThread "G1 Service" [stack: 0x0000005a83e00000,0x0000005a83f00000] [id=9008]

Threads with active compile tasks:
C2 CompilerThread0  3033174 12159       4       com.sun.tools.javac.jvm.ClassReader::readClass (670 bytes)

VM state: not at safepoint (normal execution)

VM Mutex/Monitor currently owned by a thread: None

Heap address: 0x00000000e0000000, size: 512 MB, Compressed Oops mode: 32-bit

CDS archive(s) mapped at: [0x0000000800000000-0x0000000800c60000-0x0000000800c60000), size 12976128, SharedBaseAddress: 0x0000000800000000, ArchiveRelocationMode: 0.
Compressed class space mapped at: 0x0000000801000000-0x0000000814400000, reserved size: 322961408
Narrow klass base: 0x0000000800000000, Narrow klass shift: 0, Narrow klass range: 0x100000000

GC Precious Log:
 CardTable entry size: 512
 Card Set container configuration: InlinePtr #cards 5 size 8 Array Of Cards #cards 12 size 40 Howl #buckets 4 coarsen threshold 1843 Howl Bitmap #cards 512 size 80 coarsen threshold 460 Card regions per heap region 1 cards per card region 2048
 CPUs: 8 total, 8 available
 Memory: 16258M
 Large Page Support: Disabled
 NUMA Support: Disabled
 Compressed Oops: Enabled (32-bit)
 Heap Region Size: 1M
 Heap Min Capacity: 256M
 Heap Initial Capacity: 256M
 Heap Max Capacity: 512M
 Pre-touch: Disabled
 Parallel Workers: 8
 Concurrent Workers: 2
 Concurrent Refinement Workers: 8
 Periodic GC: Disabled

Heap:
 garbage-first heap   total 262144K, used 64220K [0x00000000e0000000, 0x0000000100000000)
  region size 1024K, 22 young (22528K), 5 survivors (5120K)
 Metaspace       used 66885K, committed 68928K, reserved 380928K
  class space    used 9223K, committed 10240K, reserved 315392K

Heap Regions: E=young(eden), S=young(survivor), O=old, HS=humongous(starts), HC=humongous(continues), CS=collection set, F=free, OA=open archive, CA=closed archive, TAMS=top-at-mark-start, PB=parsable bottom
|   0|0x00000000e0000000, 0x00000000e0100000, 0x00000000e0100000|100%|HS|  |TAMS 0x00000000e0000000| PB 0x00000000e0000000| Complete 
|   1|0x00000000e0100000, 0x00000000e0200000, 0x00000000e0200000|100%|HC|  |TAMS 0x00000000e0100000| PB 0x00000000e0100000| Complete 
|   2|0x00000000e0200000, 0x00000000e0300000, 0x00000000e0300000|100%|HC|  |TAMS 0x00000000e0200000| PB 0x00000000e0200000| Complete 
|   3|0x00000000e0300000, 0x00000000e0400000, 0x00000000e0400000|100%|HC|  |TAMS 0x00000000e0300000| PB 0x00000000e0300000| Complete 
|   4|0x00000000e0400000, 0x00000000e0500000, 0x00000000e0500000|100%| O|  |TAMS 0x00000000e0400000| PB 0x00000000e0400000| Untracked 
|   5|0x00000000e0500000, 0x00000000e0600000, 0x00000000e0600000|100%| O|  |TAMS 0x00000000e0500000| PB 0x00000000e0500000| Untracked 
|   6|0x00000000e0600000, 0x00000000e0700000, 0x00000000e0700000|100%| O|  |TAMS 0x00000000e0600000| PB 0x00000000e0600000| Untracked 
|   7|0x00000000e0700000, 0x00000000e0800000, 0x00000000e0800000|100%| O|  |TAMS 0x00000000e0700000| PB 0x00000000e0700000| Untracked 
|   8|0x00000000e0800000, 0x00000000e0900000, 0x00000000e0900000|100%| O|  |TAMS 0x00000000e0800000| PB 0x00000000e0800000| Untracked 
|   9|0x00000000e0900000, 0x00000000e0a00000, 0x00000000e0a00000|100%| O|  |TAMS 0x00000000e0900000| PB 0x00000000e0900000| Untracked 
|  10|0x00000000e0a00000, 0x00000000e0b00000, 0x00000000e0b00000|100%| O|  |TAMS 0x00000000e0a00000| PB 0x00000000e0a00000| Untracked 
|  11|0x00000000e0b00000, 0x00000000e0c00000, 0x00000000e0c00000|100%| O|  |TAMS 0x00000000e0b00000| PB 0x00000000e0b00000| Untracked 
|  12|0x00000000e0c00000, 0x00000000e0d00000, 0x00000000e0d00000|100%| O|  |TAMS 0x00000000e0c00000| PB 0x00000000e0c00000| Untracked 
|  13|0x00000000e0d00000, 0x00000000e0e00000, 0x00000000e0e00000|100%| O|  |TAMS 0x00000000e0d00000| PB 0x00000000e0d00000| Untracked 
|  14|0x00000000e0e00000, 0x00000000e0f00000, 0x00000000e0f00000|100%| O|  |TAMS 0x00000000e0e00000| PB 0x00000000e0e00000| Untracked 
|  15|0x00000000e0f00000, 0x00000000e1000000, 0x00000000e1000000|100%| O|  |TAMS 0x00000000e0f00000| PB 0x00000000e0f00000| Untracked 
|  16|0x00000000e1000000, 0x00000000e1100000, 0x00000000e1100000|100%| O|  |TAMS 0x00000000e1000000| PB 0x00000000e1000000| Untracked 
|  17|0x00000000e1100000, 0x00000000e1200000, 0x00000000e1200000|100%| O|  |TAMS 0x00000000e1100000| PB 0x00000000e1100000| Untracked 
|  18|0x00000000e1200000, 0x00000000e1300000, 0x00000000e1300000|100%| O|  |TAMS 0x00000000e1200000| PB 0x00000000e1200000| Untracked 
|  19|0x00000000e1300000, 0x00000000e1400000, 0x00000000e1400000|100%| O|  |TAMS 0x00000000e1300000| PB 0x00000000e1300000| Untracked 
|  20|0x00000000e1400000, 0x00000000e1500000, 0x00000000e1500000|100%| O|  |TAMS 0x00000000e1400000| PB 0x00000000e1400000| Untracked 
|  21|0x00000000e1500000, 0x00000000e1600000, 0x00000000e1600000|100%| O|  |TAMS 0x00000000e1500000| PB 0x00000000e1500000| Untracked 
|  22|0x00000000e1600000, 0x00000000e1700000, 0x00000000e1700000|100%| O|  |TAMS 0x00000000e1600000| PB 0x00000000e1600000| Untracked 
|  23|0x00000000e1700000, 0x00000000e1800000, 0x00000000e1800000|100%| O|  |TAMS 0x00000000e1700000| PB 0x00000000e1700000| Untracked 
|  24|0x00000000e1800000, 0x00000000e1900000, 0x00000000e1900000|100%| O|  |TAMS 0x00000000e1800000| PB 0x00000000e1800000| Untracked 
|  25|0x00000000e1900000, 0x00000000e1a00000, 0x00000000e1a00000|100%| O|  |TAMS 0x00000000e1900000| PB 0x00000000e1900000| Untracked 
|  26|0x00000000e1a00000, 0x00000000e1b00000, 0x00000000e1b00000|100%| O|  |TAMS 0x00000000e1a00000| PB 0x00000000e1a00000| Untracked 
|  27|0x00000000e1b00000, 0x00000000e1b00000, 0x00000000e1c00000|  0%| F|  |TAMS 0x00000000e1b00000| PB 0x00000000e1b00000| Untracked 
|  28|0x00000000e1c00000, 0x00000000e1d00000, 0x00000000e1d00000|100%| O|  |TAMS 0x00000000e1c00000| PB 0x00000000e1c00000| Untracked 
|  29|0x00000000e1d00000, 0x00000000e1e00000, 0x00000000e1e00000|100%| O|  |TAMS 0x00000000e1d00000| PB 0x00000000e1d00000| Untracked 
|  30|0x00000000e1e00000, 0x00000000e1f00000, 0x00000000e1f00000|100%| O|  |TAMS 0x00000000e1e00000| PB 0x00000000e1e00000| Untracked 
|  31|0x00000000e1f00000, 0x00000000e2000000, 0x00000000e2000000|100%| O|  |TAMS 0x00000000e1f00000| PB 0x00000000e1f00000| Untracked 
|  32|0x00000000e2000000, 0x00000000e2100000, 0x00000000e2100000|100%| O|  |TAMS 0x00000000e2000000| PB 0x00000000e2000000| Untracked 
|  33|0x00000000e2100000, 0x00000000e2200000, 0x00000000e2200000|100%| O|  |TAMS 0x00000000e2100000| PB 0x00000000e2100000| Untracked 
|  34|0x00000000e2200000, 0x00000000e2300000, 0x00000000e2300000|100%| O|  |TAMS 0x00000000e2200000| PB 0x00000000e2200000| Untracked 
|  35|0x00000000e2300000, 0x00000000e2400000, 0x00000000e2400000|100%| O|  |TAMS 0x00000000e2300000| PB 0x00000000e2300000| Untracked 
|  36|0x00000000e2400000, 0x00000000e2500000, 0x00000000e2500000|100%| O|  |TAMS 0x00000000e2400000| PB 0x00000000e2400000| Untracked 
|  37|0x00000000e2500000, 0x00000000e2600000, 0x00000000e2600000|100%| O|  |TAMS 0x00000000e2500000| PB 0x00000000e2500000| Untracked 
|  38|0x00000000e2600000, 0x00000000e2700000, 0x00000000e2700000|100%| O|  |TAMS 0x00000000e2600000| PB 0x00000000e2600000| Untracked 
|  39|0x00000000e2700000, 0x00000000e2800000, 0x00000000e2800000|100%| O|  |TAMS 0x00000000e2700000| PB 0x00000000e2700000| Untracked 
|  40|0x00000000e2800000, 0x00000000e2900000, 0x00000000e2900000|100%| O|  |TAMS 0x00000000e2800000| PB 0x00000000e2800000| Untracked 
|  41|0x00000000e2900000, 0x00000000e2a00000, 0x00000000e2a00000|100%| O|  |TAMS 0x00000000e2900000| PB 0x00000000e2900000| Untracked 
|  42|0x00000000e2a00000, 0x00000000e2b00000, 0x00000000e2b00000|100%| O|  |TAMS 0x00000000e2a00000| PB 0x00000000e2a00000| Untracked 
|  43|0x00000000e2b00000, 0x00000000e2c00000, 0x00000000e2c00000|100%| O|  |TAMS 0x00000000e2b00000| PB 0x00000000e2b00000| Untracked 
|  44|0x00000000e2c00000, 0x00000000e2c79c00, 0x00000000e2d00000| 47%| O|  |TAMS 0x00000000e2c00000| PB 0x00000000e2c00000| Untracked 
|  45|0x00000000e2d00000, 0x00000000e2d00000, 0x00000000e2e00000|  0%| F|  |TAMS 0x00000000e2d00000| PB 0x00000000e2d00000| Untracked 
|  46|0x00000000e2e00000, 0x00000000e2e00000, 0x00000000e2f00000|  0%| F|  |TAMS 0x00000000e2e00000| PB 0x00000000e2e00000| Untracked 
|  47|0x00000000e2f00000, 0x00000000e2f00000, 0x00000000e3000000|  0%| F|  |TAMS 0x00000000e2f00000| PB 0x00000000e2f00000| Untracked 
|  48|0x00000000e3000000, 0x00000000e3000000, 0x00000000e3100000|  0%| F|  |TAMS 0x00000000e3000000| PB 0x00000000e3000000| Untracked 
|  49|0x00000000e3100000, 0x00000000e3100000, 0x00000000e3200000|  0%| F|  |TAMS 0x00000000e3100000| PB 0x00000000e3100000| Untracked 
|  50|0x00000000e3200000, 0x00000000e3200000, 0x00000000e3300000|  0%| F|  |TAMS 0x00000000e3200000| PB 0x00000000e3200000| Untracked 
|  51|0x00000000e3300000, 0x00000000e3300000, 0x00000000e3400000|  0%| F|  |TAMS 0x00000000e3300000| PB 0x00000000e3300000| Untracked 
|  52|0x00000000e3400000, 0x00000000e3400000, 0x00000000e3500000|  0%| F|  |TAMS 0x00000000e3400000| PB 0x00000000e3400000| Untracked 
|  53|0x00000000e3500000, 0x00000000e3500000, 0x00000000e3600000|  0%| F|  |TAMS 0x00000000e3500000| PB 0x00000000e3500000| Untracked 
|  54|0x00000000e3600000, 0x00000000e3600000, 0x00000000e3700000|  0%| F|  |TAMS 0x00000000e3600000| PB 0x00000000e3600000| Untracked 
|  55|0x00000000e3700000, 0x00000000e3700000, 0x00000000e3800000|  0%| F|  |TAMS 0x00000000e3700000| PB 0x00000000e3700000| Untracked 
|  56|0x00000000e3800000, 0x00000000e3800000, 0x00000000e3900000|  0%| F|  |TAMS 0x00000000e3800000| PB 0x00000000e3800000| Untracked 
|  57|0x00000000e3900000, 0x00000000e3900000, 0x00000000e3a00000|  0%| F|  |TAMS 0x00000000e3900000| PB 0x00000000e3900000| Untracked 
|  58|0x00000000e3a00000, 0x00000000e3a00000, 0x00000000e3b00000|  0%| F|  |TAMS 0x00000000e3a00000| PB 0x00000000e3a00000| Untracked 
|  59|0x00000000e3b00000, 0x00000000e3b00000, 0x00000000e3c00000|  0%| F|  |TAMS 0x00000000e3b00000| PB 0x00000000e3b00000| Untracked 
|  60|0x00000000e3c00000, 0x00000000e3c00000, 0x00000000e3d00000|  0%| F|  |TAMS 0x00000000e3c00000| PB 0x00000000e3c00000| Untracked 
|  61|0x00000000e3d00000, 0x00000000e3d00000, 0x00000000e3e00000|  0%| F|  |TAMS 0x00000000e3d00000| PB 0x00000000e3d00000| Untracked 
|  62|0x00000000e3e00000, 0x00000000e3e00000, 0x00000000e3f00000|  0%| F|  |TAMS 0x00000000e3e00000| PB 0x00000000e3e00000| Untracked 
|  63|0x00000000e3f00000, 0x00000000e3f00000, 0x00000000e4000000|  0%| F|  |TAMS 0x00000000e3f00000| PB 0x00000000e3f00000| Untracked 
|  64|0x00000000e4000000, 0x00000000e4000000, 0x00000000e4100000|  0%| F|  |TAMS 0x00000000e4000000| PB 0x00000000e4000000| Untracked 
|  65|0x00000000e4100000, 0x00000000e4100000, 0x00000000e4200000|  0%| F|  |TAMS 0x00000000e4100000| PB 0x00000000e4100000| Untracked 
|  66|0x00000000e4200000, 0x00000000e4200000, 0x00000000e4300000|  0%| F|  |TAMS 0x00000000e4200000| PB 0x00000000e4200000| Untracked 
|  67|0x00000000e4300000, 0x00000000e4300000, 0x00000000e4400000|  0%| F|  |TAMS 0x00000000e4300000| PB 0x00000000e4300000| Untracked 
|  68|0x00000000e4400000, 0x00000000e4400000, 0x00000000e4500000|  0%| F|  |TAMS 0x00000000e4400000| PB 0x00000000e4400000| Untracked 
|  69|0x00000000e4500000, 0x00000000e4500000, 0x00000000e4600000|  0%| F|  |TAMS 0x00000000e4500000| PB 0x00000000e4500000| Untracked 
|  70|0x00000000e4600000, 0x00000000e4600000, 0x00000000e4700000|  0%| F|  |TAMS 0x00000000e4600000| PB 0x00000000e4600000| Untracked 
|  71|0x00000000e4700000, 0x00000000e4700000, 0x00000000e4800000|  0%| F|  |TAMS 0x00000000e4700000| PB 0x00000000e4700000| Untracked 
|  72|0x00000000e4800000, 0x00000000e4800000, 0x00000000e4900000|  0%| F|  |TAMS 0x00000000e4800000| PB 0x00000000e4800000| Untracked 
|  73|0x00000000e4900000, 0x00000000e4900000, 0x00000000e4a00000|  0%| F|  |TAMS 0x00000000e4900000| PB 0x00000000e4900000| Untracked 
|  74|0x00000000e4a00000, 0x00000000e4a00000, 0x00000000e4b00000|  0%| F|  |TAMS 0x00000000e4a00000| PB 0x00000000e4a00000| Untracked 
|  75|0x00000000e4b00000, 0x00000000e4b00000, 0x00000000e4c00000|  0%| F|  |TAMS 0x00000000e4b00000| PB 0x00000000e4b00000| Untracked 
|  76|0x00000000e4c00000, 0x00000000e4c00000, 0x00000000e4d00000|  0%| F|  |TAMS 0x00000000e4c00000| PB 0x00000000e4c00000| Untracked 
|  77|0x00000000e4d00000, 0x00000000e4d00000, 0x00000000e4e00000|  0%| F|  |TAMS 0x00000000e4d00000| PB 0x00000000e4d00000| Untracked 
|  78|0x00000000e4e00000, 0x00000000e4e00000, 0x00000000e4f00000|  0%| F|  |TAMS 0x00000000e4e00000| PB 0x00000000e4e00000| Untracked 
|  79|0x00000000e4f00000, 0x00000000e4f00000, 0x00000000e5000000|  0%| F|  |TAMS 0x00000000e4f00000| PB 0x00000000e4f00000| Untracked 
|  80|0x00000000e5000000, 0x00000000e5000000, 0x00000000e5100000|  0%| F|  |TAMS 0x00000000e5000000| PB 0x00000000e5000000| Untracked 
|  81|0x00000000e5100000, 0x00000000e5100000, 0x00000000e5200000|  0%| F|  |TAMS 0x00000000e5100000| PB 0x00000000e5100000| Untracked 
|  82|0x00000000e5200000, 0x00000000e5200000, 0x00000000e5300000|  0%| F|  |TAMS 0x00000000e5200000| PB 0x00000000e5200000| Untracked 
|  83|0x00000000e5300000, 0x00000000e5300000, 0x00000000e5400000|  0%| F|  |TAMS 0x00000000e5300000| PB 0x00000000e5300000| Untracked 
|  84|0x00000000e5400000, 0x00000000e5400000, 0x00000000e5500000|  0%| F|  |TAMS 0x00000000e5400000| PB 0x00000000e5400000| Untracked 
|  85|0x00000000e5500000, 0x00000000e5500000, 0x00000000e5600000|  0%| F|  |TAMS 0x00000000e5500000| PB 0x00000000e5500000| Untracked 
|  86|0x00000000e5600000, 0x00000000e5600000, 0x00000000e5700000|  0%| F|  |TAMS 0x00000000e5600000| PB 0x00000000e5600000| Untracked 
|  87|0x00000000e5700000, 0x00000000e5700000, 0x00000000e5800000|  0%| F|  |TAMS 0x00000000e5700000| PB 0x00000000e5700000| Untracked 
|  88|0x00000000e5800000, 0x00000000e5800000, 0x00000000e5900000|  0%| F|  |TAMS 0x00000000e5800000| PB 0x00000000e5800000| Untracked 
|  89|0x00000000e5900000, 0x00000000e5900000, 0x00000000e5a00000|  0%| F|  |TAMS 0x00000000e5900000| PB 0x00000000e5900000| Untracked 
|  90|0x00000000e5a00000, 0x00000000e5a00000, 0x00000000e5b00000|  0%| F|  |TAMS 0x00000000e5a00000| PB 0x00000000e5a00000| Untracked 
|  91|0x00000000e5b00000, 0x00000000e5b00000, 0x00000000e5c00000|  0%| F|  |TAMS 0x00000000e5b00000| PB 0x00000000e5b00000| Untracked 
|  92|0x00000000e5c00000, 0x00000000e5c00000, 0x00000000e5d00000|  0%| F|  |TAMS 0x00000000e5c00000| PB 0x00000000e5c00000| Untracked 
|  93|0x00000000e5d00000, 0x00000000e5d00000, 0x00000000e5e00000|  0%| F|  |TAMS 0x00000000e5d00000| PB 0x00000000e5d00000| Untracked 
|  94|0x00000000e5e00000, 0x00000000e5e00000, 0x00000000e5f00000|  0%| F|  |TAMS 0x00000000e5e00000| PB 0x00000000e5e00000| Untracked 
|  95|0x00000000e5f00000, 0x00000000e5f00000, 0x00000000e6000000|  0%| F|  |TAMS 0x00000000e5f00000| PB 0x00000000e5f00000| Untracked 
|  96|0x00000000e6000000, 0x00000000e6000000, 0x00000000e6100000|  0%| F|  |TAMS 0x00000000e6000000| PB 0x00000000e6000000| Untracked 
|  97|0x00000000e6100000, 0x00000000e6100000, 0x00000000e6200000|  0%| F|  |TAMS 0x00000000e6100000| PB 0x00000000e6100000| Untracked 
|  98|0x00000000e6200000, 0x00000000e6200000, 0x00000000e6300000|  0%| F|  |TAMS 0x00000000e6200000| PB 0x00000000e6200000| Untracked 
|  99|0x00000000e6300000, 0x00000000e6300000, 0x00000000e6400000|  0%| F|  |TAMS 0x00000000e6300000| PB 0x00000000e6300000| Untracked 
| 100|0x00000000e6400000, 0x00000000e6400000, 0x00000000e6500000|  0%| F|  |TAMS 0x00000000e6400000| PB 0x00000000e6400000| Untracked 
| 101|0x00000000e6500000, 0x00000000e6500000, 0x00000000e6600000|  0%| F|  |TAMS 0x00000000e6500000| PB 0x00000000e6500000| Untracked 
| 102|0x00000000e6600000, 0x00000000e6600000, 0x00000000e6700000|  0%| F|  |TAMS 0x00000000e6600000| PB 0x00000000e6600000| Untracked 
| 103|0x00000000e6700000, 0x00000000e6700000, 0x00000000e6800000|  0%| F|  |TAMS 0x00000000e6700000| PB 0x00000000e6700000| Untracked 
| 104|0x00000000e6800000, 0x00000000e6800000, 0x00000000e6900000|  0%| F|  |TAMS 0x00000000e6800000| PB 0x00000000e6800000| Untracked 
| 105|0x00000000e6900000, 0x00000000e6900000, 0x00000000e6a00000|  0%| F|  |TAMS 0x00000000e6900000| PB 0x00000000e6900000| Untracked 
| 106|0x00000000e6a00000, 0x00000000e6a00000, 0x00000000e6b00000|  0%| F|  |TAMS 0x00000000e6a00000| PB 0x00000000e6a00000| Untracked 
| 107|0x00000000e6b00000, 0x00000000e6b00000, 0x00000000e6c00000|  0%| F|  |TAMS 0x00000000e6b00000| PB 0x00000000e6b00000| Untracked 
| 108|0x00000000e6c00000, 0x00000000e6c00000, 0x00000000e6d00000|  0%| F|  |TAMS 0x00000000e6c00000| PB 0x00000000e6c00000| Untracked 
| 109|0x00000000e6d00000, 0x00000000e6d00000, 0x00000000e6e00000|  0%| F|  |TAMS 0x00000000e6d00000| PB 0x00000000e6d00000| Untracked 
| 110|0x00000000e6e00000, 0x00000000e6e00000, 0x00000000e6f00000|  0%| F|  |TAMS 0x00000000e6e00000| PB 0x00000000e6e00000| Untracked 
| 111|0x00000000e6f00000, 0x00000000e6f3d410, 0x00000000e7000000| 23%| S|CS|TAMS 0x00000000e6f00000| PB 0x00000000e6f00000| Complete 
| 112|0x00000000e7000000, 0x00000000e7100000, 0x00000000e7100000|100%| S|CS|TAMS 0x00000000e7000000| PB 0x00000000e7000000| Complete 
| 113|0x00000000e7100000, 0x00000000e7200000, 0x00000000e7200000|100%| S|CS|TAMS 0x00000000e7100000| PB 0x00000000e7100000| Complete 
| 114|0x00000000e7200000, 0x00000000e7300000, 0x00000000e7300000|100%| S|CS|TAMS 0x00000000e7200000| PB 0x00000000e7200000| Complete 
| 115|0x00000000e7300000, 0x00000000e7400000, 0x00000000e7400000|100%| S|CS|TAMS 0x00000000e7300000| PB 0x00000000e7300000| Complete 
| 116|0x00000000e7400000, 0x00000000e7400000, 0x00000000e7500000|  0%| F|  |TAMS 0x00000000e7400000| PB 0x00000000e7400000| Untracked 
| 117|0x00000000e7500000, 0x00000000e7500000, 0x00000000e7600000|  0%| F|  |TAMS 0x00000000e7500000| PB 0x00000000e7500000| Untracked 
| 118|0x00000000e7600000, 0x00000000e7600000, 0x00000000e7700000|  0%| F|  |TAMS 0x00000000e7600000| PB 0x00000000e7600000| Untracked 
| 119|0x00000000e7700000, 0x00000000e7700000, 0x00000000e7800000|  0%| F|  |TAMS 0x00000000e7700000| PB 0x00000000e7700000| Untracked 
| 120|0x00000000e7800000, 0x00000000e7800000, 0x00000000e7900000|  0%| F|  |TAMS 0x00000000e7800000| PB 0x00000000e7800000| Untracked 
| 121|0x00000000e7900000, 0x00000000e7900000, 0x00000000e7a00000|  0%| F|  |TAMS 0x00000000e7900000| PB 0x00000000e7900000| Untracked 
| 122|0x00000000e7a00000, 0x00000000e7a00000, 0x00000000e7b00000|  0%| F|  |TAMS 0x00000000e7a00000| PB 0x00000000e7a00000| Untracked 
| 123|0x00000000e7b00000, 0x00000000e7b00000, 0x00000000e7c00000|  0%| F|  |TAMS 0x00000000e7b00000| PB 0x00000000e7b00000| Untracked 
| 124|0x00000000e7c00000, 0x00000000e7c00000, 0x00000000e7d00000|  0%| F|  |TAMS 0x00000000e7c00000| PB 0x00000000e7c00000| Untracked 
| 125|0x00000000e7d00000, 0x00000000e7d00000, 0x00000000e7e00000|  0%| F|  |TAMS 0x00000000e7d00000| PB 0x00000000e7d00000| Untracked 
| 126|0x00000000e7e00000, 0x00000000e7e00000, 0x00000000e7f00000|  0%| F|  |TAMS 0x00000000e7e00000| PB 0x00000000e7e00000| Untracked 
| 127|0x00000000e7f00000, 0x00000000e7f00000, 0x00000000e8000000|  0%| F|  |TAMS 0x00000000e7f00000| PB 0x00000000e7f00000| Untracked 
| 128|0x00000000e8000000, 0x00000000e8000000, 0x00000000e8100000|  0%| F|  |TAMS 0x00000000e8000000| PB 0x00000000e8000000| Untracked 
| 129|0x00000000e8100000, 0x00000000e8100000, 0x00000000e8200000|  0%| F|  |TAMS 0x00000000e8100000| PB 0x00000000e8100000| Untracked 
| 130|0x00000000e8200000, 0x00000000e8200000, 0x00000000e8300000|  0%| F|  |TAMS 0x00000000e8200000| PB 0x00000000e8200000| Untracked 
| 131|0x00000000e8300000, 0x00000000e8300000, 0x00000000e8400000|  0%| F|  |TAMS 0x00000000e8300000| PB 0x00000000e8300000| Untracked 
| 132|0x00000000e8400000, 0x00000000e8400000, 0x00000000e8500000|  0%| F|  |TAMS 0x00000000e8400000| PB 0x00000000e8400000| Untracked 
| 133|0x00000000e8500000, 0x00000000e8500000, 0x00000000e8600000|  0%| F|  |TAMS 0x00000000e8500000| PB 0x00000000e8500000| Untracked 
| 134|0x00000000e8600000, 0x00000000e8600000, 0x00000000e8700000|  0%| F|  |TAMS 0x00000000e8600000| PB 0x00000000e8600000| Untracked 
| 135|0x00000000e8700000, 0x00000000e8700000, 0x00000000e8800000|  0%| F|  |TAMS 0x00000000e8700000| PB 0x00000000e8700000| Untracked 
| 136|0x00000000e8800000, 0x00000000e8800000, 0x00000000e8900000|  0%| F|  |TAMS 0x00000000e8800000| PB 0x00000000e8800000| Untracked 
| 137|0x00000000e8900000, 0x00000000e8900000, 0x00000000e8a00000|  0%| F|  |TAMS 0x00000000e8900000| PB 0x00000000e8900000| Untracked 
| 138|0x00000000e8a00000, 0x00000000e8a00000, 0x00000000e8b00000|  0%| F|  |TAMS 0x00000000e8a00000| PB 0x00000000e8a00000| Untracked 
| 139|0x00000000e8b00000, 0x00000000e8b00000, 0x00000000e8c00000|  0%| F|  |TAMS 0x00000000e8b00000| PB 0x00000000e8b00000| Untracked 
| 140|0x00000000e8c00000, 0x00000000e8c00000, 0x00000000e8d00000|  0%| F|  |TAMS 0x00000000e8c00000| PB 0x00000000e8c00000| Untracked 
| 141|0x00000000e8d00000, 0x00000000e8d00000, 0x00000000e8e00000|  0%| F|  |TAMS 0x00000000e8d00000| PB 0x00000000e8d00000| Untracked 
| 142|0x00000000e8e00000, 0x00000000e8e00000, 0x00000000e8f00000|  0%| F|  |TAMS 0x00000000e8e00000| PB 0x00000000e8e00000| Untracked 
| 143|0x00000000e8f00000, 0x00000000e8f00000, 0x00000000e9000000|  0%| F|  |TAMS 0x00000000e8f00000| PB 0x00000000e8f00000| Untracked 
| 144|0x00000000e9000000, 0x00000000e9000000, 0x00000000e9100000|  0%| F|  |TAMS 0x00000000e9000000| PB 0x00000000e9000000| Untracked 
| 145|0x00000000e9100000, 0x00000000e9100000, 0x00000000e9200000|  0%| F|  |TAMS 0x00000000e9100000| PB 0x00000000e9100000| Untracked 
| 146|0x00000000e9200000, 0x00000000e9200000, 0x00000000e9300000|  0%| F|  |TAMS 0x00000000e9200000| PB 0x00000000e9200000| Untracked 
| 147|0x00000000e9300000, 0x00000000e9300000, 0x00000000e9400000|  0%| F|  |TAMS 0x00000000e9300000| PB 0x00000000e9300000| Untracked 
| 148|0x00000000e9400000, 0x00000000e9400000, 0x00000000e9500000|  0%| F|  |TAMS 0x00000000e9400000| PB 0x00000000e9400000| Untracked 
| 149|0x00000000e9500000, 0x00000000e9500000, 0x00000000e9600000|  0%| F|  |TAMS 0x00000000e9500000| PB 0x00000000e9500000| Untracked 
| 150|0x00000000e9600000, 0x00000000e9600000, 0x00000000e9700000|  0%| F|  |TAMS 0x00000000e9600000| PB 0x00000000e9600000| Untracked 
| 151|0x00000000e9700000, 0x00000000e9700000, 0x00000000e9800000|  0%| F|  |TAMS 0x00000000e9700000| PB 0x00000000e9700000| Untracked 
| 152|0x00000000e9800000, 0x00000000e9800000, 0x00000000e9900000|  0%| F|  |TAMS 0x00000000e9800000| PB 0x00000000e9800000| Untracked 
| 153|0x00000000e9900000, 0x00000000e9900000, 0x00000000e9a00000|  0%| F|  |TAMS 0x00000000e9900000| PB 0x00000000e9900000| Untracked 
| 154|0x00000000e9a00000, 0x00000000e9a00000, 0x00000000e9b00000|  0%| F|  |TAMS 0x00000000e9a00000| PB 0x00000000e9a00000| Untracked 
| 155|0x00000000e9b00000, 0x00000000e9b00000, 0x00000000e9c00000|  0%| F|  |TAMS 0x00000000e9b00000| PB 0x00000000e9b00000| Untracked 
| 156|0x00000000e9c00000, 0x00000000e9c00000, 0x00000000e9d00000|  0%| F|  |TAMS 0x00000000e9c00000| PB 0x00000000e9c00000| Untracked 
| 157|0x00000000e9d00000, 0x00000000e9d00000, 0x00000000e9e00000|  0%| F|  |TAMS 0x00000000e9d00000| PB 0x00000000e9d00000| Untracked 
| 158|0x00000000e9e00000, 0x00000000e9e00000, 0x00000000e9f00000|  0%| F|  |TAMS 0x00000000e9e00000| PB 0x00000000e9e00000| Untracked 
| 159|0x00000000e9f00000, 0x00000000e9f00000, 0x00000000ea000000|  0%| F|  |TAMS 0x00000000e9f00000| PB 0x00000000e9f00000| Untracked 
| 160|0x00000000ea000000, 0x00000000ea000000, 0x00000000ea100000|  0%| F|  |TAMS 0x00000000ea000000| PB 0x00000000ea000000| Untracked 
| 161|0x00000000ea100000, 0x00000000ea100000, 0x00000000ea200000|  0%| F|  |TAMS 0x00000000ea100000| PB 0x00000000ea100000| Untracked 
| 162|0x00000000ea200000, 0x00000000ea200000, 0x00000000ea300000|  0%| F|  |TAMS 0x00000000ea200000| PB 0x00000000ea200000| Untracked 
| 163|0x00000000ea300000, 0x00000000ea300000, 0x00000000ea400000|  0%| F|  |TAMS 0x00000000ea300000| PB 0x00000000ea300000| Untracked 
| 164|0x00000000ea400000, 0x00000000ea400000, 0x00000000ea500000|  0%| F|  |TAMS 0x00000000ea400000| PB 0x00000000ea400000| Untracked 
| 165|0x00000000ea500000, 0x00000000ea500000, 0x00000000ea600000|  0%| F|  |TAMS 0x00000000ea500000| PB 0x00000000ea500000| Untracked 
| 166|0x00000000ea600000, 0x00000000ea600000, 0x00000000ea700000|  0%| F|  |TAMS 0x00000000ea600000| PB 0x00000000ea600000| Untracked 
| 167|0x00000000ea700000, 0x00000000ea700000, 0x00000000ea800000|  0%| F|  |TAMS 0x00000000ea700000| PB 0x00000000ea700000| Untracked 
| 168|0x00000000ea800000, 0x00000000ea800000, 0x00000000ea900000|  0%| F|  |TAMS 0x00000000ea800000| PB 0x00000000ea800000| Untracked 
| 169|0x00000000ea900000, 0x00000000ea900000, 0x00000000eaa00000|  0%| F|  |TAMS 0x00000000ea900000| PB 0x00000000ea900000| Untracked 
| 170|0x00000000eaa00000, 0x00000000eaa00000, 0x00000000eab00000|  0%| F|  |TAMS 0x00000000eaa00000| PB 0x00000000eaa00000| Untracked 
| 171|0x00000000eab00000, 0x00000000eab00000, 0x00000000eac00000|  0%| F|  |TAMS 0x00000000eab00000| PB 0x00000000eab00000| Untracked 
| 172|0x00000000eac00000, 0x00000000eac00000, 0x00000000ead00000|  0%| F|  |TAMS 0x00000000eac00000| PB 0x00000000eac00000| Untracked 
| 173|0x00000000ead00000, 0x00000000ead00000, 0x00000000eae00000|  0%| F|  |TAMS 0x00000000ead00000| PB 0x00000000ead00000| Untracked 
| 174|0x00000000eae00000, 0x00000000eae00000, 0x00000000eaf00000|  0%| F|  |TAMS 0x00000000eae00000| PB 0x00000000eae00000| Untracked 
| 175|0x00000000eaf00000, 0x00000000eaf00000, 0x00000000eb000000|  0%| F|  |TAMS 0x00000000eaf00000| PB 0x00000000eaf00000| Untracked 
| 176|0x00000000eb000000, 0x00000000eb000000, 0x00000000eb100000|  0%| F|  |TAMS 0x00000000eb000000| PB 0x00000000eb000000| Untracked 
| 177|0x00000000eb100000, 0x00000000eb100000, 0x00000000eb200000|  0%| F|  |TAMS 0x00000000eb100000| PB 0x00000000eb100000| Untracked 
| 178|0x00000000eb200000, 0x00000000eb200000, 0x00000000eb300000|  0%| F|  |TAMS 0x00000000eb200000| PB 0x00000000eb200000| Untracked 
| 179|0x00000000eb300000, 0x00000000eb300000, 0x00000000eb400000|  0%| F|  |TAMS 0x00000000eb300000| PB 0x00000000eb300000| Untracked 
| 180|0x00000000eb400000, 0x00000000eb400000, 0x00000000eb500000|  0%| F|  |TAMS 0x00000000eb400000| PB 0x00000000eb400000| Untracked 
| 181|0x00000000eb500000, 0x00000000eb500000, 0x00000000eb600000|  0%| F|  |TAMS 0x00000000eb500000| PB 0x00000000eb500000| Untracked 
| 182|0x00000000eb600000, 0x00000000eb600000, 0x00000000eb700000|  0%| F|  |TAMS 0x00000000eb600000| PB 0x00000000eb600000| Untracked 
| 183|0x00000000eb700000, 0x00000000eb700000, 0x00000000eb800000|  0%| F|  |TAMS 0x00000000eb700000| PB 0x00000000eb700000| Untracked 
| 184|0x00000000eb800000, 0x00000000eb800000, 0x00000000eb900000|  0%| F|  |TAMS 0x00000000eb800000| PB 0x00000000eb800000| Untracked 
| 185|0x00000000eb900000, 0x00000000eb900000, 0x00000000eba00000|  0%| F|  |TAMS 0x00000000eb900000| PB 0x00000000eb900000| Untracked 
| 186|0x00000000eba00000, 0x00000000eba00000, 0x00000000ebb00000|  0%| F|  |TAMS 0x00000000eba00000| PB 0x00000000eba00000| Untracked 
| 187|0x00000000ebb00000, 0x00000000ebb00000, 0x00000000ebc00000|  0%| F|  |TAMS 0x00000000ebb00000| PB 0x00000000ebb00000| Untracked 
| 188|0x00000000ebc00000, 0x00000000ebc00000, 0x00000000ebd00000|  0%| F|  |TAMS 0x00000000ebc00000| PB 0x00000000ebc00000| Untracked 
| 189|0x00000000ebd00000, 0x00000000ebd00000, 0x00000000ebe00000|  0%| F|  |TAMS 0x00000000ebd00000| PB 0x00000000ebd00000| Untracked 
| 190|0x00000000ebe00000, 0x00000000ebe00000, 0x00000000ebf00000|  0%| F|  |TAMS 0x00000000ebe00000| PB 0x00000000ebe00000| Untracked 
| 191|0x00000000ebf00000, 0x00000000ebf00000, 0x00000000ec000000|  0%| F|  |TAMS 0x00000000ebf00000| PB 0x00000000ebf00000| Untracked 
| 192|0x00000000ec000000, 0x00000000ec000000, 0x00000000ec100000|  0%| F|  |TAMS 0x00000000ec000000| PB 0x00000000ec000000| Untracked 
| 193|0x00000000ec100000, 0x00000000ec100000, 0x00000000ec200000|  0%| F|  |TAMS 0x00000000ec100000| PB 0x00000000ec100000| Untracked 
| 194|0x00000000ec200000, 0x00000000ec200000, 0x00000000ec300000|  0%| F|  |TAMS 0x00000000ec200000| PB 0x00000000ec200000| Untracked 
| 195|0x00000000ec300000, 0x00000000ec300000, 0x00000000ec400000|  0%| F|  |TAMS 0x00000000ec300000| PB 0x00000000ec300000| Untracked 
| 196|0x00000000ec400000, 0x00000000ec400000, 0x00000000ec500000|  0%| F|  |TAMS 0x00000000ec400000| PB 0x00000000ec400000| Untracked 
| 197|0x00000000ec500000, 0x00000000ec500000, 0x00000000ec600000|  0%| F|  |TAMS 0x00000000ec500000| PB 0x00000000ec500000| Untracked 
| 198|0x00000000ec600000, 0x00000000ec600000, 0x00000000ec700000|  0%| F|  |TAMS 0x00000000ec600000| PB 0x00000000ec600000| Untracked 
| 199|0x00000000ec700000, 0x00000000ec700000, 0x00000000ec800000|  0%| F|  |TAMS 0x00000000ec700000| PB 0x00000000ec700000| Untracked 
| 200|0x00000000ec800000, 0x00000000ec800000, 0x00000000ec900000|  0%| F|  |TAMS 0x00000000ec800000| PB 0x00000000ec800000| Untracked 
| 201|0x00000000ec900000, 0x00000000ec900000, 0x00000000eca00000|  0%| F|  |TAMS 0x00000000ec900000| PB 0x00000000ec900000| Untracked 
| 202|0x00000000eca00000, 0x00000000eca00000, 0x00000000ecb00000|  0%| F|  |TAMS 0x00000000eca00000| PB 0x00000000eca00000| Untracked 
| 203|0x00000000ecb00000, 0x00000000ecb00000, 0x00000000ecc00000|  0%| F|  |TAMS 0x00000000ecb00000| PB 0x00000000ecb00000| Untracked 
| 204|0x00000000ecc00000, 0x00000000ecc00000, 0x00000000ecd00000|  0%| F|  |TAMS 0x00000000ecc00000| PB 0x00000000ecc00000| Untracked 
| 205|0x00000000ecd00000, 0x00000000ecd00000, 0x00000000ece00000|  0%| F|  |TAMS 0x00000000ecd00000| PB 0x00000000ecd00000| Untracked 
| 206|0x00000000ece00000, 0x00000000ece00000, 0x00000000ecf00000|  0%| F|  |TAMS 0x00000000ece00000| PB 0x00000000ece00000| Untracked 
| 207|0x00000000ecf00000, 0x00000000ecf00000, 0x00000000ed000000|  0%| F|  |TAMS 0x00000000ecf00000| PB 0x00000000ecf00000| Untracked 
| 208|0x00000000ed000000, 0x00000000ed000000, 0x00000000ed100000|  0%| F|  |TAMS 0x00000000ed000000| PB 0x00000000ed000000| Untracked 
| 209|0x00000000ed100000, 0x00000000ed100000, 0x00000000ed200000|  0%| F|  |TAMS 0x00000000ed100000| PB 0x00000000ed100000| Untracked 
| 210|0x00000000ed200000, 0x00000000ed200000, 0x00000000ed300000|  0%| F|  |TAMS 0x00000000ed200000| PB 0x00000000ed200000| Untracked 
| 211|0x00000000ed300000, 0x00000000ed300000, 0x00000000ed400000|  0%| F|  |TAMS 0x00000000ed300000| PB 0x00000000ed300000| Untracked 
| 212|0x00000000ed400000, 0x00000000ed400000, 0x00000000ed500000|  0%| F|  |TAMS 0x00000000ed400000| PB 0x00000000ed400000| Untracked 
| 213|0x00000000ed500000, 0x00000000ed500000, 0x00000000ed600000|  0%| F|  |TAMS 0x00000000ed500000| PB 0x00000000ed500000| Untracked 
| 214|0x00000000ed600000, 0x00000000ed600000, 0x00000000ed700000|  0%| F|  |TAMS 0x00000000ed600000| PB 0x00000000ed600000| Untracked 
| 215|0x00000000ed700000, 0x00000000ed700000, 0x00000000ed800000|  0%| F|  |TAMS 0x00000000ed700000| PB 0x00000000ed700000| Untracked 
| 216|0x00000000ed800000, 0x00000000ed800000, 0x00000000ed900000|  0%| F|  |TAMS 0x00000000ed800000| PB 0x00000000ed800000| Untracked 
| 217|0x00000000ed900000, 0x00000000ed900000, 0x00000000eda00000|  0%| F|  |TAMS 0x00000000ed900000| PB 0x00000000ed900000| Untracked 
| 218|0x00000000eda00000, 0x00000000eda00000, 0x00000000edb00000|  0%| F|  |TAMS 0x00000000eda00000| PB 0x00000000eda00000| Untracked 
| 219|0x00000000edb00000, 0x00000000edb00000, 0x00000000edc00000|  0%| F|  |TAMS 0x00000000edb00000| PB 0x00000000edb00000| Untracked 
| 220|0x00000000edc00000, 0x00000000edc00000, 0x00000000edd00000|  0%| F|  |TAMS 0x00000000edc00000| PB 0x00000000edc00000| Untracked 
| 221|0x00000000edd00000, 0x00000000edd00000, 0x00000000ede00000|  0%| F|  |TAMS 0x00000000edd00000| PB 0x00000000edd00000| Untracked 
| 222|0x00000000ede00000, 0x00000000ede00000, 0x00000000edf00000|  0%| F|  |TAMS 0x00000000ede00000| PB 0x00000000ede00000| Untracked 
| 223|0x00000000edf00000, 0x00000000edf00000, 0x00000000ee000000|  0%| F|  |TAMS 0x00000000edf00000| PB 0x00000000edf00000| Untracked 
| 224|0x00000000ee000000, 0x00000000ee000000, 0x00000000ee100000|  0%| F|  |TAMS 0x00000000ee000000| PB 0x00000000ee000000| Untracked 
| 225|0x00000000ee100000, 0x00000000ee100000, 0x00000000ee200000|  0%| F|  |TAMS 0x00000000ee100000| PB 0x00000000ee100000| Untracked 
| 226|0x00000000ee200000, 0x00000000ee200000, 0x00000000ee300000|  0%| F|  |TAMS 0x00000000ee200000| PB 0x00000000ee200000| Untracked 
| 227|0x00000000ee300000, 0x00000000ee300000, 0x00000000ee400000|  0%| F|  |TAMS 0x00000000ee300000| PB 0x00000000ee300000| Untracked 
| 228|0x00000000ee400000, 0x00000000ee400000, 0x00000000ee500000|  0%| F|  |TAMS 0x00000000ee400000| PB 0x00000000ee400000| Untracked 
| 229|0x00000000ee500000, 0x00000000ee500000, 0x00000000ee600000|  0%| F|  |TAMS 0x00000000ee500000| PB 0x00000000ee500000| Untracked 
| 230|0x00000000ee600000, 0x00000000ee600000, 0x00000000ee700000|  0%| F|  |TAMS 0x00000000ee600000| PB 0x00000000ee600000| Untracked 
| 231|0x00000000ee700000, 0x00000000ee700000, 0x00000000ee800000|  0%| F|  |TAMS 0x00000000ee700000| PB 0x00000000ee700000| Untracked 
| 232|0x00000000ee800000, 0x00000000ee800000, 0x00000000ee900000|  0%| F|  |TAMS 0x00000000ee800000| PB 0x00000000ee800000| Untracked 
| 233|0x00000000ee900000, 0x00000000ee900000, 0x00000000eea00000|  0%| F|  |TAMS 0x00000000ee900000| PB 0x00000000ee900000| Untracked 
| 234|0x00000000eea00000, 0x00000000eea00000, 0x00000000eeb00000|  0%| F|  |TAMS 0x00000000eea00000| PB 0x00000000eea00000| Untracked 
| 235|0x00000000eeb00000, 0x00000000eeb00000, 0x00000000eec00000|  0%| F|  |TAMS 0x00000000eeb00000| PB 0x00000000eeb00000| Untracked 
| 236|0x00000000eec00000, 0x00000000eec00000, 0x00000000eed00000|  0%| F|  |TAMS 0x00000000eec00000| PB 0x00000000eec00000| Untracked 
| 237|0x00000000eed00000, 0x00000000eed00000, 0x00000000eee00000|  0%| F|  |TAMS 0x00000000eed00000| PB 0x00000000eed00000| Untracked 
| 238|0x00000000eee00000, 0x00000000eee00000, 0x00000000eef00000|  0%| F|  |TAMS 0x00000000eee00000| PB 0x00000000eee00000| Untracked 
| 239|0x00000000eef00000, 0x00000000eefdd8e8, 0x00000000ef000000| 86%| E|  |TAMS 0x00000000eef00000| PB 0x00000000eef00000| Complete 
| 240|0x00000000ef000000, 0x00000000ef100000, 0x00000000ef100000|100%| E|CS|TAMS 0x00000000ef000000| PB 0x00000000ef000000| Complete 
| 241|0x00000000ef100000, 0x00000000ef200000, 0x00000000ef200000|100%| E|CS|TAMS 0x00000000ef100000| PB 0x00000000ef100000| Complete 
| 242|0x00000000ef200000, 0x00000000ef300000, 0x00000000ef300000|100%| E|CS|TAMS 0x00000000ef200000| PB 0x00000000ef200000| Complete 
| 243|0x00000000ef300000, 0x00000000ef400000, 0x00000000ef400000|100%| E|CS|TAMS 0x00000000ef300000| PB 0x00000000ef300000| Complete 
| 244|0x00000000ef400000, 0x00000000ef500000, 0x00000000ef500000|100%| E|CS|TAMS 0x00000000ef400000| PB 0x00000000ef400000| Complete 
| 245|0x00000000ef500000, 0x00000000ef600000, 0x00000000ef600000|100%| E|CS|TAMS 0x00000000ef500000| PB 0x00000000ef500000| Complete 
| 246|0x00000000ef600000, 0x00000000ef700000, 0x00000000ef700000|100%| E|CS|TAMS 0x00000000ef600000| PB 0x00000000ef600000| Complete 
| 247|0x00000000ef700000, 0x00000000ef800000, 0x00000000ef800000|100%| E|CS|TAMS 0x00000000ef700000| PB 0x00000000ef700000| Complete 
| 248|0x00000000ef800000, 0x00000000ef900000, 0x00000000ef900000|100%| E|CS|TAMS 0x00000000ef800000| PB 0x00000000ef800000| Complete 
| 249|0x00000000ef900000, 0x00000000efa00000, 0x00000000efa00000|100%| E|  |TAMS 0x00000000ef900000| PB 0x00000000ef900000| Complete 
| 250|0x00000000efa00000, 0x00000000efb00000, 0x00000000efb00000|100%| E|CS|TAMS 0x00000000efa00000| PB 0x00000000efa00000| Complete 
| 251|0x00000000efb00000, 0x00000000efc00000, 0x00000000efc00000|100%| E|CS|TAMS 0x00000000efb00000| PB 0x00000000efb00000| Complete 
| 252|0x00000000efc00000, 0x00000000efd00000, 0x00000000efd00000|100%| E|CS|TAMS 0x00000000efc00000| PB 0x00000000efc00000| Complete 
| 253|0x00000000efd00000, 0x00000000efe00000, 0x00000000efe00000|100%| E|CS|TAMS 0x00000000efd00000| PB 0x00000000efd00000| Complete 
| 254|0x00000000efe00000, 0x00000000eff00000, 0x00000000eff00000|100%| E|CS|TAMS 0x00000000efe00000| PB 0x00000000efe00000| Complete 
| 255|0x00000000eff00000, 0x00000000f0000000, 0x00000000f0000000|100%| E|CS|TAMS 0x00000000eff00000| PB 0x00000000eff00000| Complete 

Card table byte_map: [0x000001a6fc9e0000,0x000001a6fcae0000] _byte_map_base: 0x000001a6fc2e0000

Marking Bits: (CMBitMap*) 0x000001a6f45310b0
 Bits: [0x000001a6fcbe0000, 0x000001a6fd3e0000)

Polling page: 0x000001a6f3cc0000

Metaspace:

Usage:
  Non-class:     56.31 MB used.
      Class:      9.01 MB used.
       Both:     65.32 MB used.

Virtual space:
  Non-class space:       64.00 MB reserved,      57.31 MB ( 90%) committed,  1 nodes.
      Class space:      308.00 MB reserved,      10.00 MB (  3%) committed,  1 nodes.
             Both:      372.00 MB reserved,      67.31 MB ( 18%) committed. 

Chunk freelists:
   Non-Class:  2.42 MB
       Class:  2.00 MB
        Both:  4.42 MB

MaxMetaspaceSize: 384.00 MB
CompressedClassSpaceSize: 308.00 MB
Initial GC threshold: 21.00 MB
Current GC threshold: 101.25 MB
CDS: on
MetaspaceReclaimPolicy: balanced
 - commit_granule_bytes: 65536.
 - commit_granule_words: 8192.
 - virtual_space_node_default_size: 8388608.
 - enlarge_chunks_in_place: 1.
 - new_chunks_are_fully_committed: 0.
 - uncommit_free_chunks: 1.
 - use_allocation_guard: 0.


Internal statistics:

num_allocs_failed_limit: 18.
num_arena_births: 3530.
num_arena_deaths: 0.
num_vsnodes_births: 2.
num_vsnodes_deaths: 0.
num_space_committed: 1077.
num_space_uncommitted: 0.
num_chunks_returned_to_freelist: 18.
num_chunks_taken_from_freelist: 6606.
num_chunk_merges: 12.
num_chunk_splits: 4317.
num_chunks_enlarged: 2729.
num_inconsistent_stats: 0.

CodeHeap 'non-profiled nmethods': size=120000Kb used=6930Kb max_used=6930Kb free=113069Kb
 bounds [0x000001a687ad0000, 0x000001a6881a0000, 0x000001a68f000000]
CodeHeap 'profiled nmethods': size=120000Kb used=24351Kb max_used=24351Kb free=95648Kb
 bounds [0x000001a680000000, 0x000001a6817d0000, 0x000001a687530000]
CodeHeap 'non-nmethods': size=5760Kb used=2813Kb max_used=2934Kb free=2946Kb
 bounds [0x000001a687530000, 0x000001a687820000, 0x000001a687ad0000]
 total_blobs=12363 nmethods=11480 adapters=792
 compilation: enabled
              stopped_count=0, restarted_count=0
 full_count=0

Compilation events (20 events):
Event: 3032.990 Thread 0x000001a693045ca0 12210       1       org.gradle.api.internal.artifacts.dependencies.DefaultImmutableVersionConstraint::getBranch (5 bytes)
Event: 3032.990 Thread 0x000001a693045ca0 nmethod 12210 0x000001a688182f10 code [0x000001a688183080, 0x000001a688183148]
Event: 3032.990 Thread 0x000001a693045ca0 12211       1       org.gradle.api.internal.artifacts.ivyservice.resolveengine.result.DefaultComponentSelectionDescriptor::getCause (5 bytes)
Event: 3032.990 Thread 0x000001a693045ca0 nmethod 12211 0x000001a688183210 code [0x000001a688183380, 0x000001a688183448]
Event: 3032.991 Thread 0x000001a693045ca0 12212       3       org.gradle.api.internal.attributes.DefaultImmutableAttributes::get (10 bytes)
Event: 3032.992 Thread 0x000001a693045ca0 nmethod 12212 0x000001a6817c5e90 code [0x000001a6817c6020, 0x000001a6817c61f0]
Event: 3032.992 Thread 0x000001a693045ca0 12213       1       org.gradle.execution.plan.ValuedVfsHierarchy$1::handleUnrelatedToAnyChild (3 bytes)
Event: 3032.992 Thread 0x000001a693045ca0 nmethod 12213 0x000001a688183510 code [0x000001a688183680, 0x000001a688183750]
Event: 3032.993 Thread 0x000001a693045ca0 12214       3       org.gradle.api.internal.provider.ValueSupplier$Present::withSideEffect (49 bytes)
Event: 3032.995 Thread 0x000001a693045ca0 nmethod 12214 0x000001a6817c6290 code [0x000001a6817c64c0, 0x000001a6817c6ff0]
Event: 3033.060 Thread 0x000001a697f1cd90 nmethod 12154 0x000001a688183810 code [0x000001a688183c80, 0x000001a6881868d8]
Event: 3033.062 Thread 0x000001a697f1cd90 12167       4       com.sun.tools.javac.jvm.Code::emitop0 (2595 bytes)
Event: 3033.065 Thread 0x000001a697f1b1c0 nmethod 12160 0x000001a688188a90 code [0x000001a688188ec0, 0x000001a68818b238]
Event: 3033.066 Thread 0x000001a697f1b1c0 12172       4       com.sun.tools.javac.tree.JCTree$JCParens::accept (6 bytes)
Event: 3033.066 Thread 0x000001a697f1b1c0 nmethod 12172 0x000001a68818d390 code [0x000001a68818d500, 0x000001a68818d5b0]
Event: 3033.066 Thread 0x000001a697f1b1c0 12166       4       com.sun.tools.javac.comp.DeferredAttr$DeferredAttrContext::<init> (55 bytes)
Event: 3033.078 Thread 0x000001a697f1b1c0 nmethod 12166 0x000001a68818d690 code [0x000001a68818d800, 0x000001a68818e1c0]
Event: 3033.079 Thread 0x000001a697f1b1c0 12162       4       com.sun.tools.javac.comp.Flow$AssignAnalyzer::visitIdent (37 bytes)
Event: 3033.109 Thread 0x000001a697f1b1c0 nmethod 12162 0x000001a68818e290 code [0x000001a68818e4c0, 0x000001a68818f078]
Event: 3033.114 Thread 0x000001a697f1cd90 nmethod 12167 0x000001a68818fc10 code [0x000001a6881908a0, 0x000001a688192860]

GC Heap History (20 events):
Event: 1.021 GC heap before
{Heap before GC invocations=1 (full 0):
 garbage-first heap   total 262144K, used 40128K [0x00000000e0000000, 0x0000000100000000)
  region size 1024K, 32 young (32768K), 3 survivors (3072K)
 Metaspace       used 4091K, committed 4288K, reserved 380928K
  class space    used 495K, committed 576K, reserved 315392K
}
Event: 1.025 GC heap after
{Heap after GC invocations=2 (full 0):
 garbage-first heap   total 262144K, used 13817K [0x00000000e0000000, 0x0000000100000000)
  region size 1024K, 3 young (3072K), 3 survivors (3072K)
 Metaspace       used 4091K, committed 4288K, reserved 380928K
  class space    used 495K, committed 576K, reserved 315392K
}
Event: 3.004 GC heap before
{Heap before GC invocations=2 (full 0):
 garbage-first heap   total 262144K, used 114169K [0x00000000e0000000, 0x0000000100000000)
  region size 1024K, 102 young (104448K), 3 survivors (3072K)
 Metaspace       used 20801K, committed 21504K, reserved 380928K
  class space    used 3046K, committed 3392K, reserved 315392K
}
Event: 3.013 GC heap after
{Heap after GC invocations=3 (full 0):
 garbage-first heap   total 262144K, used 23102K [0x00000000e0000000, 0x0000000100000000)
  region size 1024K, 12 young (12288K), 12 survivors (12288K)
 Metaspace       used 20801K, committed 21504K, reserved 380928K
  class space    used 3046K, committed 3392K, reserved 315392K
}
Event: 4.337 GC heap before
{Heap before GC invocations=4 (full 0):
 garbage-first heap   total 262144K, used 131646K [0x00000000e0000000, 0x0000000100000000)
  region size 1024K, 115 young (117760K), 12 survivors (12288K)
 Metaspace       used 34947K, committed 36096K, reserved 380928K
  class space    used 4886K, committed 5440K, reserved 315392K
}
Event: 4.350 GC heap after
{Heap after GC invocations=5 (full 0):
 garbage-first heap   total 262144K, used 34160K [0x00000000e0000000, 0x0000000100000000)
  region size 1024K, 9 young (9216K), 9 survivors (9216K)
 Metaspace       used 34947K, committed 36096K, reserved 380928K
  class space    used 4886K, committed 5440K, reserved 315392K
}
Event: 4.379 GC heap before
{Heap before GC invocations=5 (full 0):
 garbage-first heap   total 262144K, used 35184K [0x00000000e0000000, 0x0000000100000000)
  region size 1024K, 11 young (11264K), 9 survivors (9216K)
 Metaspace       used 35230K, committed 36416K, reserved 380928K
  class space    used 4905K, committed 5504K, reserved 315392K
}
Event: 4.383 GC heap after
{Heap after GC invocations=6 (full 0):
 garbage-first heap   total 262144K, used 31792K [0x00000000e0000000, 0x0000000100000000)
  region size 1024K, 8 young (8192K), 8 survivors (8192K)
 Metaspace       used 35230K, committed 36416K, reserved 380928K
  class space    used 4905K, committed 5504K, reserved 315392K
}
Event: 4.443 GC heap before
{Heap before GC invocations=6 (full 0):
 garbage-first heap   total 262144K, used 35888K [0x00000000e0000000, 0x0000000100000000)
  region size 1024K, 13 young (13312K), 8 survivors (8192K)
 Metaspace       used 35586K, committed 36736K, reserved 380928K
  class space    used 4939K, committed 5504K, reserved 315392K
}
Event: 4.448 GC heap after
{Heap after GC invocations=7 (full 0):
 garbage-first heap   total 262144K, used 32109K [0x00000000e0000000, 0x0000000100000000)
  region size 1024K, 8 young (8192K), 8 survivors (8192K)
 Metaspace       used 35586K, committed 36736K, reserved 380928K
  class space    used 4939K, committed 5504K, reserved 315392K
}
Event: 6.303 GC heap before
{Heap before GC invocations=8 (full 0):
 garbage-first heap   total 262144K, used 181613K [0x00000000e0000000, 0x0000000100000000)
  region size 1024K, 153 young (156672K), 8 survivors (8192K)
 Metaspace       used 49317K, committed 51200K, reserved 380928K
  class space    used 7142K, committed 8064K, reserved 315392K
}
Event: 6.317 GC heap after
{Heap after GC invocations=9 (full 0):
 garbage-first heap   total 262144K, used 43744K [0x00000000e0000000, 0x0000000100000000)
  region size 1024K, 20 young (20480K), 20 survivors (20480K)
 Metaspace       used 49317K, committed 51200K, reserved 380928K
  class space    used 7142K, committed 8064K, reserved 315392K
}
Event: 7.295 GC heap before
{Heap before GC invocations=9 (full 0):
 garbage-first heap   total 262144K, used 90848K [0x00000000e0000000, 0x0000000100000000)
  region size 1024K, 68 young (69632K), 20 survivors (20480K)
 Metaspace       used 59634K, committed 61568K, reserved 380928K
  class space    used 8628K, committed 9600K, reserved 315392K
}
Event: 7.311 GC heap after
{Heap after GC invocations=10 (full 0):
 garbage-first heap   total 262144K, used 47491K [0x00000000e0000000, 0x0000000100000000)
  region size 1024K, 6 young (6144K), 6 survivors (6144K)
 Metaspace       used 59634K, committed 61568K, reserved 380928K
  class space    used 8628K, committed 9600K, reserved 315392K
}
Event: 7.327 GC heap before
{Heap before GC invocations=10 (full 0):
 garbage-first heap   total 262144K, used 47491K [0x00000000e0000000, 0x0000000100000000)
  region size 1024K, 7 young (7168K), 6 survivors (6144K)
 Metaspace       used 59961K, committed 61888K, reserved 380928K
  class space    used 8644K, committed 9600K, reserved 315392K
}
Event: 7.330 GC heap after
{Heap after GC invocations=11 (full 0):
 garbage-first heap   total 262144K, used 46416K [0x00000000e0000000, 0x0000000100000000)
  region size 1024K, 5 young (5120K), 5 survivors (5120K)
 Metaspace       used 59961K, committed 61888K, reserved 380928K
  class space    used 8644K, committed 9600K, reserved 315392K
}
Event: 2764.381 GC heap before
{Heap before GC invocations=12 (full 0):
 garbage-first heap   total 262144K, used 196944K [0x00000000e0000000, 0x0000000100000000)
  region size 1024K, 153 young (156672K), 5 survivors (5120K)
 Metaspace       used 64853K, committed 66816K, reserved 380928K
  class space    used 9159K, committed 10112K, reserved 315392K
}
Event: 2764.420 GC heap after
{Heap after GC invocations=13 (full 0):
 garbage-first heap   total 262144K, used 55035K [0x00000000e0000000, 0x0000000100000000)
  region size 1024K, 13 young (13312K), 13 survivors (13312K)
 Metaspace       used 64853K, committed 66816K, reserved 380928K
  class space    used 9159K, committed 10112K, reserved 315392K
}
Event: 3032.788 GC heap before
{Heap before GC invocations=13 (full 0):
 garbage-first heap   total 262144K, used 197371K [0x00000000e0000000, 0x0000000100000000)
  region size 1024K, 153 young (156672K), 13 survivors (13312K)
 Metaspace       used 66799K, committed 68864K, reserved 380928K
  class space    used 9223K, committed 10240K, reserved 315392K
}
Event: 3032.801 GC heap after
{Heap after GC invocations=14 (full 0):
 garbage-first heap   total 262144K, used 48860K [0x00000000e0000000, 0x0000000100000000)
  region size 1024K, 5 young (5120K), 5 survivors (5120K)
 Metaspace       used 66799K, committed 68864K, reserved 380928K
  class space    used 9223K, committed 10240K, reserved 315392K
}

Dll operation events (15 events):
Event: 0.013 Loaded shared library D:\Java\jdk-20.0.1\bin\java.dll
Event: 0.022 Loaded shared library D:\Java\jdk-20.0.1\bin\jsvml.dll
Event: 0.077 Loaded shared library D:\Java\jdk-20.0.1\bin\zip.dll
Event: 0.082 Loaded shared library D:\Java\jdk-20.0.1\bin\instrument.dll
Event: 0.085 Loaded shared library D:\Java\jdk-20.0.1\bin\net.dll
Event: 0.086 Loaded shared library D:\Java\jdk-20.0.1\bin\nio.dll
Event: 0.089 Loaded shared library D:\Java\jdk-20.0.1\bin\zip.dll
Event: 0.259 Loaded shared library D:\Java\jdk-20.0.1\bin\jimage.dll
Event: 0.308 Loaded shared library D:\Java\jdk-20.0.1\bin\verify.dll
Event: 0.470 Loaded shared library C:\Users\Dima\.gradle\native\c067742578af261105cb4f569cf0c3c89f3d7b1fecec35dd04571415982c5e48\windows-amd64\native-platform.dll
Event: 0.491 Loaded shared library C:\Users\Dima\.gradle\native\38dada09dfb8b06ba9b0570ebf7e218e3eb74d4ef43ca46872605cf95ebc2f47\windows-amd64\native-platform-file-events.dll
Event: 1.310 Loaded shared library D:\Java\jdk-20.0.1\bin\management.dll
Event: 1.315 Loaded shared library D:\Java\jdk-20.0.1\bin\management_ext.dll
Event: 1.610 Loaded shared library D:\Java\jdk-20.0.1\bin\extnet.dll
Event: 1.821 Loaded shared library D:\Java\jdk-20.0.1\bin\sunmscapi.dll

Deoptimization events (20 events):
Event: 2960.705 Thread 0x000001a6953f7b10 Uncommon trap: trap_request=0xffffffde fr.pc=0x000001a687eb4e94 relative=0x0000000000000734
Event: 2960.705 Thread 0x000001a6953f7b10 Uncommon trap: reason=class_check action=maybe_recompile pc=0x000001a687eb4e94 method=com.sun.tools.javac.code.Scope$ScopeListenerList.walkReferences(Lcom/sun/tools/javac/code/Symbol;Lcom/sun/tools/javac/code/Scope;Z)V @ 20 c2
Event: 2960.705 Thread 0x000001a6953f7b10 DEOPT PACKING pc=0x000001a687eb4e94 sp=0x0000005a868f8940
Event: 2960.705 Thread 0x000001a6953f7b10 DEOPT UNPACKING pc=0x000001a687599d22 sp=0x0000005a868f8800 mode 2
Event: 2962.397 Thread 0x000001a6967eefc0 Uncommon trap: trap_request=0xffffffc6 fr.pc=0x000001a687f290bc relative=0x000000000000417c
Event: 2962.397 Thread 0x000001a6967eefc0 Uncommon trap: reason=bimorphic_or_optimized_type_check action=maybe_recompile pc=0x000001a687f290bc method=org.gradle.internal.logging.text.AbstractLineChoppingStyledTextOutput$StateContext.flushLineText()V @ 109 c2
Event: 2962.397 Thread 0x000001a6967eefc0 DEOPT PACKING pc=0x000001a687f290bc sp=0x0000005a854fc8a0
Event: 2962.397 Thread 0x000001a6967eefc0 DEOPT UNPACKING pc=0x000001a687599d22 sp=0x0000005a854fc848 mode 2
Event: 3032.761 Thread 0x000001a69848ae10 DEOPT PACKING pc=0x000001a6803ae74e sp=0x0000005a855f7940
Event: 3032.761 Thread 0x000001a69848ae10 DEOPT UNPACKING pc=0x000001a68759a4c2 sp=0x0000005a855f6e28 mode 0
Event: 3032.834 Thread 0x000001a6953feaa0 Uncommon trap: trap_request=0xffffff45 fr.pc=0x000001a68804a888 relative=0x0000000000000388
Event: 3032.834 Thread 0x000001a6953feaa0 Uncommon trap: reason=unstable_if action=reinterpret pc=0x000001a68804a888 method=java.util.concurrent.ConcurrentLinkedQueue.offer(Ljava/lang/Object;)Z @ 42 c2
Event: 3032.834 Thread 0x000001a6953feaa0 DEOPT PACKING pc=0x000001a68804a888 sp=0x0000005a880fde10
Event: 3032.834 Thread 0x000001a6953feaa0 DEOPT UNPACKING pc=0x000001a687599d22 sp=0x0000005a880fddb0 mode 2
Event: 3032.852 Thread 0x000001a6953fc020 Uncommon trap: trap_request=0xffffffcc fr.pc=0x000001a6881730ec relative=0x000000000000016c
Event: 3032.852 Thread 0x000001a6953fc020 Uncommon trap: reason=intrinsic_or_type_checked_inlining action=make_not_entrant pc=0x000001a6881730ec method=java.util.ArrayList$SubList.toArray([Ljava/lang/Object;)[Ljava/lang/Object; @ 58 c2
Event: 3032.852 Thread 0x000001a6953fc020 DEOPT PACKING pc=0x000001a6881730ec sp=0x0000005a868f9440
Event: 3032.852 Thread 0x000001a6953fc020 DEOPT UNPACKING pc=0x000001a687599d22 sp=0x0000005a868f93e0 mode 2
Event: 3032.862 Thread 0x000001a6953fc020 DEOPT PACKING pc=0x000001a68005b5be sp=0x0000005a868f9530
Event: 3032.862 Thread 0x000001a6953fc020 DEOPT UNPACKING pc=0x000001a68759a4c2 sp=0x0000005a868f8a18 mode 0

Classes loaded (20 events):
Event: 2766.596 Loading class java/lang/Throwable$PrintStreamOrWriter done
Event: 2766.596 Loading class java/lang/Throwable$WrappedPrintWriter done
Event: 2766.610 Loading class java/util/logging/LogRecord
Event: 2766.611 Loading class java/util/logging/LogRecord done
Event: 2766.619 Loading class java/util/stream/DistinctOps
Event: 2766.619 Loading class java/util/stream/DistinctOps done
Event: 2766.619 Loading class java/util/stream/DistinctOps$1
Event: 2766.620 Loading class java/util/stream/DistinctOps$1 done
Event: 2766.620 Loading class java/util/stream/DistinctOps$1$2
Event: 2766.621 Loading class java/util/stream/DistinctOps$1$2 done
Event: 2766.676 Loading class java/lang/Short$ShortCache
Event: 2766.676 Loading class java/lang/Short$ShortCache done
Event: 2766.694 Loading class java/io/NotSerializableException
Event: 2766.694 Loading class java/io/NotSerializableException done
Event: 2766.700 Loading class java/util/Collections$EmptyListIterator
Event: 2766.700 Loading class java/util/Collections$EmptyListIterator done
Event: 2766.780 Loading class java/net/UrlDeserializedState
Event: 2766.780 Loading class java/net/UrlDeserializedState done
Event: 2766.781 Loading class java/net/Proxy
Event: 2766.781 Loading class java/net/Proxy done

Classes unloaded (0 events):
No events

Classes redefined (0 events):
No events

Internal exceptions (20 events):
Event: 2960.875 Thread 0x000001a6953f7b10 Exception <a 'sun/nio/fs/WindowsException'{0x00000000e7db0d58}> (0x00000000e7db0d58) 
thrown [s\open\src\hotspot\share\prims\jni.cpp, line 519]
Event: 2960.909 Thread 0x000001a6953f7b10 Exception <a 'sun/nio/fs/WindowsException'{0x00000000e7c75398}> (0x00000000e7c75398) 
thrown [s\open\src\hotspot\share\prims\jni.cpp, line 519]
Event: 2960.921 Thread 0x000001a6953f7b10 Exception <a 'sun/nio/fs/WindowsException'{0x00000000e7ced0a0}> (0x00000000e7ced0a0) 
thrown [s\open\src\hotspot\share\prims\jni.cpp, line 519]
Event: 2960.927 Thread 0x000001a6953f7b10 Exception <a 'sun/nio/fs/WindowsException'{0x00000000e7b2b750}> (0x00000000e7b2b750) 
thrown [s\open\src\hotspot\share\prims\jni.cpp, line 519]
Event: 2960.933 Thread 0x000001a6953f7b10 Exception <a 'sun/nio/fs/WindowsException'{0x00000000e7b89ee8}> (0x00000000e7b89ee8) 
thrown [s\open\src\hotspot\share\prims\jni.cpp, line 519]
Event: 2960.937 Thread 0x000001a6953f7b10 Exception <a 'sun/nio/fs/WindowsException'{0x00000000e7b97a70}> (0x00000000e7b97a70) 
thrown [s\open\src\hotspot\share\prims\jni.cpp, line 519]
Event: 2960.940 Thread 0x000001a6953f7b10 Exception <a 'sun/nio/fs/WindowsException'{0x00000000e7baef98}> (0x00000000e7baef98) 
thrown [s\open\src\hotspot\share\prims\jni.cpp, line 519]
Event: 2960.944 Thread 0x000001a6953f7b10 Exception <a 'sun/nio/fs/WindowsException'{0x00000000e7bbe2f0}> (0x00000000e7bbe2f0) 
thrown [s\open\src\hotspot\share\prims\jni.cpp, line 519]
Event: 2960.948 Thread 0x000001a6953f7b10 Exception <a 'sun/nio/fs/WindowsException'{0x00000000e7bcad00}> (0x00000000e7bcad00) 
thrown [s\open\src\hotspot\share\prims\jni.cpp, line 519]
Event: 3032.736 Thread 0x000001a69848ae10 Exception <a 'sun/nio/fs/WindowsException'{0x00000000e754b158}> (0x00000000e754b158) 
thrown [s\open\src\hotspot\share\prims\jni.cpp, line 519]
Event: 3032.737 Thread 0x000001a69848ae10 Exception <a 'sun/nio/fs/WindowsException'{0x00000000e754c620}> (0x00000000e754c620) 
thrown [s\open\src\hotspot\share\prims\jni.cpp, line 519]
Event: 3032.737 Thread 0x000001a69848ae10 Exception <a 'sun/nio/fs/WindowsException'{0x00000000e754dae0}> (0x00000000e754dae0) 
thrown [s\open\src\hotspot\share\prims\jni.cpp, line 519]
Event: 3032.737 Thread 0x000001a69848ae10 Exception <a 'sun/nio/fs/WindowsException'{0x00000000e754ef90}> (0x00000000e754ef90) 
thrown [s\open\src\hotspot\share\prims\jni.cpp, line 519]
Event: 3032.842 Thread 0x000001a6953fc020 Exception <a 'sun/nio/fs/WindowsException'{0x00000000efb19cc8}> (0x00000000efb19cc8) 
thrown [s\open\src\hotspot\share\prims\jni.cpp, line 519]
Event: 3032.843 Thread 0x000001a6953fc020 Exception <a 'sun/nio/fs/WindowsException'{0x00000000efb1a750}> (0x00000000efb1a750) 
thrown [s\open\src\hotspot\share\prims\jni.cpp, line 519]
Event: 3032.867 Thread 0x000001a6953fc020 Exception <a 'sun/nio/fs/WindowsException'{0x00000000efa77fe0}> (0x00000000efa77fe0) 
thrown [s\open\src\hotspot\share\prims\jni.cpp, line 519]
Event: 3032.907 Thread 0x000001a6953fc020 Exception <a 'sun/nio/fs/WindowsException'{0x00000000ef69a280}> (0x00000000ef69a280) 
thrown [s\open\src\hotspot\share\prims\jni.cpp, line 519]
Event: 3032.908 Thread 0x000001a6953fc020 Exception <a 'sun/nio/fs/WindowsException'{0x00000000ef6d7da8}> (0x00000000ef6d7da8) 
thrown [s\open\src\hotspot\share\prims\jni.cpp, line 519]
Event: 3032.921 Thread 0x000001a6953fc020 Exception <a 'sun/nio/fs/WindowsException'{0x00000000ef21c080}> (0x00000000ef21c080) 
thrown [s\open\src\hotspot\share\prims\jni.cpp, line 519]
Event: 3032.934 Thread 0x000001a6953fc020 Exception <a 'sun/nio/fs/WindowsException'{0x00000000ef1f4d08}> (0x00000000ef1f4d08) 
thrown [s\open\src\hotspot\share\prims\jni.cpp, line 519]

VM Operations (20 events):
Event: 2939.090 Executing VM operation: Cleanup
Event: 2939.090 Executing VM operation: Cleanup done
Event: 2940.104 Executing VM operation: Cleanup
Event: 2940.104 Executing VM operation: Cleanup done
Event: 2942.125 Executing VM operation: Cleanup
Event: 2942.125 Executing VM operation: Cleanup done
Event: 2960.291 Executing VM operation: Cleanup
Event: 2960.291 Executing VM operation: Cleanup done
Event: 2960.634 Executing VM operation: ICBufferFull
Event: 2960.635 Executing VM operation: ICBufferFull done
Event: 2961.643 Executing VM operation: Cleanup
Event: 2961.644 Executing VM operation: Cleanup done
Event: 2962.649 Executing VM operation: Cleanup
Event: 2962.649 Executing VM operation: Cleanup done
Event: 2969.700 Executing VM operation: Cleanup
Event: 2969.700 Executing VM operation: Cleanup done
Event: 3012.032 Executing VM operation: Cleanup
Event: 3012.033 Executing VM operation: Cleanup done
Event: 3032.788 Executing VM operation: G1CollectForAllocation
Event: 3032.801 Executing VM operation: G1CollectForAllocation done

Events (20 events):
Event: 3032.805 Thread 0x000001a6953f8060 Thread added: 0x000001a6953f8060
Event: 3032.805 Thread 0x000001a6953fd560 Thread added: 0x000001a6953fd560
Event: 3032.807 Thread 0x000001a6953fdab0 Thread added: 0x000001a6953fdab0
Event: 3032.826 Thread 0x000001a6953fb030 Thread added: 0x000001a6953fb030
Event: 3032.826 Thread 0x000001a6953f95a0 Thread added: 0x000001a6953f95a0
Event: 3032.826 Thread 0x000001a6953f8b00 Thread added: 0x000001a6953f8b00
Event: 3032.826 Thread 0x000001a6953fb580 Thread added: 0x000001a6953fb580
Event: 3032.827 Thread 0x000001a6953fe000 Thread added: 0x000001a6953fe000
Event: 3032.833 Thread 0x000001a6953fe550 Thread added: 0x000001a6953fe550
Event: 3032.833 Thread 0x000001a6953feaa0 Thread added: 0x000001a6953feaa0
Event: 3032.834 Thread 0x000001a6953f7070 Thread added: 0x000001a6953f7070
Event: 3032.834 Thread 0x000001a693f72ab0 Thread added: 0x000001a693f72ab0
Event: 3032.834 Thread 0x000001a693f6f590 Thread added: 0x000001a693f6f590
Event: 3032.869 Thread 0x000001a697f1b1c0 Thread added: 0x000001a697f1b1c0
Event: 3032.880 Thread 0x000001a697f1cd90 Thread added: 0x000001a697f1cd90
Event: 3032.997 Thread 0x000001a693f6e050 Thread added: 0x000001a693f6e050
Event: 3033.001 Thread 0x000001a693f6f040 Thread added: 0x000001a693f6f040
Event: 3033.001 Thread 0x000001a693f73ff0 Thread added: 0x000001a693f73ff0
Event: 3033.001 Thread 0x000001a693f74a90 Thread added: 0x000001a693f74a90
Event: 3033.002 Thread 0x000001a693f70ad0 Thread added: 0x000001a693f70ad0


Dynamic libraries:
0x00007ff646240000 - 0x00007ff64624e000 	D:\Java\jdk-20.0.1\bin\java.exe
0x00007ffdbad70000 - 0x00007ffdbaf68000 	C:\WINDOWS\SYSTEM32\ntdll.dll
0x00007ffdbac70000 - 0x00007ffdbad2d000 	C:\WINDOWS\System32\KERNEL32.DLL
0x00007ffdb88c0000 - 0x00007ffdb8bb6000 	C:\WINDOWS\System32\KERNELBASE.dll
0x00007ffdb8c70000 - 0x00007ffdb8d70000 	C:\WINDOWS\System32\ucrtbase.dll
0x00007ffdb3da0000 - 0x00007ffdb3db7000 	D:\Java\jdk-20.0.1\bin\jli.dll
0x00007ffda7850000 - 0x00007ffda786b000 	D:\Java\jdk-20.0.1\bin\VCRUNTIME140.dll
0x00007ffdb9b30000 - 0x00007ffdb9ccf000 	C:\WINDOWS\System32\USER32.dll
0x00007ffdb8420000 - 0x00007ffdb8442000 	C:\WINDOWS\System32\win32u.dll
0x00007ffdb9630000 - 0x00007ffdb965b000 	C:\WINDOWS\System32\GDI32.dll
0x00007ffda7de0000 - 0x00007ffda807a000 	C:\WINDOWS\WinSxS\amd64_microsoft.windows.common-controls_6595b64144ccf1df_6.0.19041.4355_none_60b8b9eb71f62e16\COMCTL32.dll
0x00007ffdb8450000 - 0x00007ffdb8567000 	C:\WINDOWS\System32\gdi32full.dll
0x00007ffdb8ed0000 - 0x00007ffdb8f6e000 	C:\WINDOWS\System32\msvcrt.dll
0x00007ffdb87b0000 - 0x00007ffdb884d000 	C:\WINDOWS\System32\msvcp_win.dll
0x00007ffdbab00000 - 0x00007ffdbab32000 	C:\WINDOWS\System32\IMM32.DLL
0x00007ffdb3df0000 - 0x00007ffdb3dfc000 	D:\Java\jdk-20.0.1\bin\vcruntime140_1.dll
0x00007ffd93fe0000 - 0x00007ffd9406e000 	D:\Java\jdk-20.0.1\bin\msvcp140.dll
0x00007ffd75320000 - 0x00007ffd75fb7000 	D:\Java\jdk-20.0.1\bin\server\jvm.dll
0x00007ffdba800000 - 0x00007ffdba8b0000 	C:\WINDOWS\System32\ADVAPI32.dll
0x00007ffdb99e0000 - 0x00007ffdb9a80000 	C:\WINDOWS\System32\sechost.dll
0x00007ffdb8f70000 - 0x00007ffdb9093000 	C:\WINDOWS\System32\RPCRT4.dll
0x00007ffdb8d70000 - 0x00007ffdb8d97000 	C:\WINDOWS\System32\bcrypt.dll
0x00007ffda8290000 - 0x00007ffda82b7000 	C:\WINDOWS\SYSTEM32\WINMM.dll
0x00007ffdb34b0000 - 0x00007ffdb34b9000 	C:\WINDOWS\SYSTEM32\WSOCK32.dll
0x00007ffdba550000 - 0x00007ffdba5bb000 	C:\WINDOWS\System32\WS2_32.dll
0x00007ffdb1ff0000 - 0x00007ffdb1ffa000 	C:\WINDOWS\SYSTEM32\VERSION.dll
0x00007ffdb62a0000 - 0x00007ffdb62b2000 	C:\WINDOWS\SYSTEM32\kernel.appcore.dll
0x00007ffdb30a0000 - 0x00007ffdb30aa000 	D:\Java\jdk-20.0.1\bin\jimage.dll
0x00007ffd969f0000 - 0x00007ffd96bd4000 	C:\WINDOWS\SYSTEM32\DBGHELP.DLL
0x00007ffd969b0000 - 0x00007ffd969e4000 	C:\WINDOWS\SYSTEM32\dbgcore.DLL
0x00007ffdb8570000 - 0x00007ffdb85f2000 	C:\WINDOWS\System32\bcryptPrimitives.dll
0x00007ffdb1a70000 - 0x00007ffdb1a7e000 	D:\Java\jdk-20.0.1\bin\instrument.dll
0x00007ffd96980000 - 0x00007ffd969a6000 	D:\Java\jdk-20.0.1\bin\java.dll
0x00007ffd875f0000 - 0x00007ffd876c7000 	D:\Java\jdk-20.0.1\bin\jsvml.dll
0x00007ffdb9de0000 - 0x00007ffdba54b000 	C:\WINDOWS\System32\SHELL32.dll
0x00007ffdb64a0000 - 0x00007ffdb6c3d000 	C:\WINDOWS\SYSTEM32\windows.storage.dll
0x00007ffdb9680000 - 0x00007ffdb99d3000 	C:\WINDOWS\System32\combase.dll
0x00007ffdb7e40000 - 0x00007ffdb7e6e000 	C:\WINDOWS\SYSTEM32\Wldp.dll
0x00007ffdbaba0000 - 0x00007ffdbac6d000 	C:\WINDOWS\System32\OLEAUT32.dll
0x00007ffdb9d30000 - 0x00007ffdb9ddd000 	C:\WINDOWS\System32\SHCORE.dll
0x00007ffdb9cd0000 - 0x00007ffdb9d25000 	C:\WINDOWS\System32\shlwapi.dll
0x00007ffdb8350000 - 0x00007ffdb8374000 	C:\WINDOWS\SYSTEM32\profapi.dll
0x00007ffda25a0000 - 0x00007ffda25b8000 	D:\Java\jdk-20.0.1\bin\zip.dll
0x00007ffd99d60000 - 0x00007ffd99d73000 	D:\Java\jdk-20.0.1\bin\net.dll
0x00007ffdaefb0000 - 0x00007ffdaf0ba000 	C:\WINDOWS\SYSTEM32\WINHTTP.dll
0x00007ffdb7b50000 - 0x00007ffdb7bba000 	C:\WINDOWS\system32\mswsock.dll
0x00007ffd99ce0000 - 0x00007ffd99cf6000 	D:\Java\jdk-20.0.1\bin\nio.dll
0x00007ffdae590000 - 0x00007ffdae5a0000 	D:\Java\jdk-20.0.1\bin\verify.dll
0x00007ffd894f0000 - 0x00007ffd89517000 	C:\Users\Dima\.gradle\native\c067742578af261105cb4f569cf0c3c89f3d7b1fecec35dd04571415982c5e48\windows-amd64\native-platform.dll
0x00007ffd84760000 - 0x00007ffd848a4000 	C:\Users\Dima\.gradle\native\38dada09dfb8b06ba9b0570ebf7e218e3eb74d4ef43ca46872605cf95ebc2f47\windows-amd64\native-platform-file-events.dll
0x00007ffda7dd0000 - 0x00007ffda7dda000 	D:\Java\jdk-20.0.1\bin\management.dll
0x00007ffda78f0000 - 0x00007ffda78fb000 	D:\Java\jdk-20.0.1\bin\management_ext.dll
0x00007ffdbaaf0000 - 0x00007ffdbaaf8000 	C:\WINDOWS\System32\PSAPI.DLL
0x00007ffdb7da0000 - 0x00007ffdb7db8000 	C:\WINDOWS\SYSTEM32\CRYPTSP.dll
0x00007ffdb73f0000 - 0x00007ffdb7424000 	C:\WINDOWS\system32\rsaenh.dll
0x00007ffdb8300000 - 0x00007ffdb832e000 	C:\WINDOWS\SYSTEM32\USERENV.dll
0x00007ffdb7d90000 - 0x00007ffdb7d9c000 	C:\WINDOWS\SYSTEM32\CRYPTBASE.dll
0x00007ffdb7810000 - 0x00007ffdb784b000 	C:\WINDOWS\SYSTEM32\IPHLPAPI.DLL
0x00007ffdba6b0000 - 0x00007ffdba6b8000 	C:\WINDOWS\System32\NSI.dll
0x00007ffdb0c40000 - 0x00007ffdb0c57000 	C:\WINDOWS\SYSTEM32\dhcpcsvc6.DLL
0x00007ffdb0c20000 - 0x00007ffdb0c3d000 	C:\WINDOWS\SYSTEM32\dhcpcsvc.DLL
0x00007ffdb7850000 - 0x00007ffdb791b000 	C:\WINDOWS\SYSTEM32\DNSAPI.dll
0x00007ffda51c0000 - 0x00007ffda51c7000 	D:\Java\jdk-20.0.1\bin\extnet.dll
0x00007ffda45f0000 - 0x00007ffda45fe000 	D:\Java\jdk-20.0.1\bin\sunmscapi.dll
0x00007ffdb8600000 - 0x00007ffdb875e000 	C:\WINDOWS\System32\CRYPT32.dll
0x00007ffdb7eb0000 - 0x00007ffdb7ed9000 	C:\WINDOWS\SYSTEM32\ncrypt.dll
0x00007ffdb7e70000 - 0x00007ffdb7eab000 	C:\WINDOWS\SYSTEM32\NTASN1.dll
0x00007ffda4670000 - 0x00007ffda4677000 	C:\WINDOWS\system32\wshunix.dll

dbghelp: loaded successfully - version: 4.0.5 - missing functions: none
symbol engine: initialized successfully - sym options: 0x614 - pdb path: .;D:\Java\jdk-20.0.1\bin;C:\WINDOWS\SYSTEM32;C:\WINDOWS\WinSxS\amd64_microsoft.windows.common-controls_6595b64144ccf1df_6.0.19041.4355_none_60b8b9eb71f62e16;D:\Java\jdk-20.0.1\bin\server;C:\Users\Dima\.gradle\native\c067742578af261105cb4f569cf0c3c89f3d7b1fecec35dd04571415982c5e48\windows-amd64;C:\Users\Dima\.gradle\native\38dada09dfb8b06ba9b0570ebf7e218e3eb74d4ef43ca46872605cf95ebc2f47\windows-amd64

VM Arguments:
jvm_args: --add-opens=java.base/java.util=ALL-UNNAMED --add-opens=java.base/java.lang=ALL-UNNAMED --add-opens=java.base/java.lang.invoke=ALL-UNNAMED --add-opens=java.prefs/java.util.prefs=ALL-UNNAMED --add-opens=java.base/java.nio.charset=ALL-UNNAMED --add-opens=java.base/java.net=ALL-UNNAMED --add-opens=java.base/java.util.concurrent.atomic=ALL-UNNAMED -XX:MaxMetaspaceSize=384m -XX:+HeapDumpOnOutOfMemoryError -Xms256m -Xmx512m -Dfile.encoding=windows-1251 -Duser.country=US -Duser.language=en -Duser.variant -javaagent:C:\Users\Dima\.gradle\wrapper\dists\gradle-8.4-bin\1w5dpkrfk8irigvoxmyhowfim\gradle-8.4\lib\agents\gradle-instrumentation-agent-8.4.jar 
java_command: org.gradle.launcher.daemon.bootstrap.GradleDaemon 8.4
java_class_path (initial): C:\Users\Dima\.gradle\wrapper\dists\gradle-8.4-bin\1w5dpkrfk8irigvoxmyhowfim\gradle-8.4\lib\gradle-launcher-8.4.jar
Launcher Type: SUN_STANDARD

[Global flags]
     intx CICompilerCount                          = 4                                         {product} {ergonomic}
   size_t CompressedClassSpaceSize                 = 322961408                                 {product} {ergonomic}
     uint ConcGCThreads                            = 2                                         {product} {ergonomic}
     uint G1ConcRefinementThreads                  = 8                                         {product} {ergonomic}
   size_t G1HeapRegionSize                         = 1048576                                   {product} {ergonomic}
    uintx GCDrainStackTargetSize                   = 64                                        {product} {ergonomic}
     bool HeapDumpOnOutOfMemoryError               = true                                   {manageable} {command line}
   size_t InitialHeapSize                          = 268435456                                 {product} {command line}
   size_t MarkStackSize                            = 4194304                                   {product} {ergonomic}
   size_t MaxHeapSize                              = 536870912                                 {product} {command line}
   size_t MaxMetaspaceSize                         = 402653184                                 {product} {command line}
   size_t MaxNewSize                               = 321912832                                 {product} {ergonomic}
   size_t MinHeapDeltaBytes                        = 1048576                                   {product} {ergonomic}
   size_t MinHeapSize                              = 268435456                                 {product} {command line}
    uintx NonNMethodCodeHeapSize                   = 5839372                                {pd product} {ergonomic}
    uintx NonProfiledCodeHeapSize                  = 122909434                              {pd product} {ergonomic}
    uintx ProfiledCodeHeapSize                     = 122909434                              {pd product} {ergonomic}
    uintx ReservedCodeCacheSize                    = 251658240                              {pd product} {ergonomic}
     bool SegmentedCodeCache                       = true                                      {product} {ergonomic}
   size_t SoftMaxHeapSize                          = 536870912                              {manageable} {ergonomic}
     bool UseCompressedClassPointers               = true                           {product lp64_product} {ergonomic}
     bool UseCompressedOops                        = true                           {product lp64_product} {ergonomic}
     bool UseG1GC                                  = true                                      {product} {ergonomic}
     bool UseLargePagesIndividualAllocation        = false                                  {pd product} {ergonomic}

Logging:
Log output configuration:
 #0: stdout all=warning uptime,level,tags foldmultilines=false
 #1: stderr all=off uptime,level,tags foldmultilines=false

Environment Variables:
PATH=D:\Java\jdk-20.0.1\bin;C:\WINDOWS\system32;C:\WINDOWS;C:\WINDOWS\System32\Wbem;C:\WINDOWS\System32\WindowsPowerShell\v1.0\;C:\WINDOWS\System32\OpenSSH\;C:\Program Files\dotnet\;C:\Program Files\Microsoft SQL Server\130\Tools\Binn\;C:\Program Files (x86)\dotnet\;D:\runtime\win64;D:\Mat\runtime\win64;D:\Matlab\runtime\win64;D:\jdk-20.0.1\bin;D:\Mat\bin;D:\Mat\polyspace\bin;D:\bin;D:\polyspace\bin;C:\Program Files (x86)\Microsoft SQL Server\150\DTS\Binn\;C:\Program Files\Azure Data Studio\bin;C:\Program Files\Git\cmd;C:\Users\Dima\AppData\Local\Programs\Python\Python310\Scripts\;C:\Users\Dima\AppData\Local\Programs\Python\Python310\;C:\Users\Dima\AppData\Local\Microsoft\WindowsApps;C:\Users\Dima\AppData\Local\atom\bin;C:\Users\Dima\AppData\Local\Microsoft\WindowsApps;C:\Users\Dima\.dotnet\tools;C:\Program Files\Azure Data Studio\bin;C:\Program Files\CMake\bin;C:\OpenCV\x64\vc16\bin;C:\Users\Dima\AppData\Local\GitHubDesktop\bin;
USERNAME=Dima
OS=Windows_NT
PROCESSOR_IDENTIFIER=Intel64 Family 6 Model 142 Stepping 10, GenuineIntel
TMP=C:\Users\Dima\AppData\Local\Temp
TEMP=C:\Users\Dima\AppData\Local\Temp




---------------  S Y S T E M  ---------------

OS:
 Windows 10 , 64 bit Build 19041 (10.0.19041.3636)
OS uptime: 23 days 16:36 hours

CPU: total 8 (initial active 8) (4 cores per cpu, 2 threads per core) family 6 model 142 stepping 10 microcode 0xb4, cx8, cmov, fxsr, ht, mmx, 3dnowpref, sse, sse2, sse3, ssse3, sse4.1, sse4.2, popcnt, lzcnt, tsc, tscinvbit, avx, avx2, aes, erms, clmul, bmi1, bmi2, adx, fma, vzeroupper, clflush, clflushopt, rdtscp, f16c

Memory: 4k page, system-wide physical 16258M (6871M free)
TotalPageFile size 32877M (AvailPageFile size 2M)
current process WorkingSet (physical memory assigned to process): 203M, peak: 445M
current process commit charge ("private bytes"): 522M, peak: 541M

vm_info: OpenJDK 64-Bit Server VM (20.0.1+9-29) for windows-amd64 JRE (20.0.1+9-29), built on 2023-03-07T13:56:11Z by "mach5one" with MS VC++ 17.1 (VS2022)

END.
